2018-03-16 16:54:15,912 | INFO | 1521215655.912166 | STARTING EXECUTION: sensor vs time
2018-03-16 16:54:15,927 | INFO | 1521215655.927794 | start intantiation
2018-03-16 16:54:15,927 | INFO | 1521215655.927794 | end instantiation
2018-03-16 16:54:15,927 | INFO | 1521215655.927794 | start cep config deployment
2018-03-16 16:54:27,522 | INFO | 1521215667.522957 | End cep config deployment
2018-03-16 16:54:27,960 | INFO | 1521215667.960341 | Number of sensors: 100
2018-03-16 16:54:27,960 | INFO | 1521215667.960341 | number of generators created: 100
2018-03-16 16:54:27,960 | INFO | 1521215667.960341 | Start streaming
2018-03-16 16:54:28,116 | INFO | 1521215668.116587 | datastream | 28b61fc0-6a0a-4a31-a07c-ed25ee96ab9f
2018-03-16 16:54:28,132 | INFO | 1521215668.132214 | Notification | 28b61fc0-6a0a-4a31-a07c-ed25ee96ab9f
2018-03-16 16:54:28,288 | INFO | 1521215668.288492 | Notification | ce82117c-968d-4805-87a3-4326ede2d0db
2018-03-16 16:54:28,288 | INFO | 1521215668.288492 | datastream | ce82117c-968d-4805-87a3-4326ede2d0db
2018-03-16 16:54:34,273 | INFO | 1521215674.273534 | datastream | 78ea1606-7205-47f4-81d4-ff60d0de99c9
2018-03-16 16:54:34,273 | INFO | 1521215674.273534 | Notification | 78ea1606-7205-47f4-81d4-ff60d0de99c9
2018-03-16 16:54:39,633 | INFO | 1521215679.633466 | datastream | 8e94d934-0f0b-423c-abfa-179dd413e199
2018-03-16 16:54:39,633 | INFO | 1521215679.633466 | Notification | 8e94d934-0f0b-423c-abfa-179dd413e199
2018-03-16 16:54:45,180 | INFO | 1521215685.180904 | datastream | c6ecbceb-4a0c-4358-aa71-cc97bc621047
2018-03-16 16:54:45,180 | INFO | 1521215685.180904 | Notification | c6ecbceb-4a0c-4358-aa71-cc97bc621047
2018-03-16 16:54:45,180 | INFO | 1521215685.180904 | datastream | 47d0bed9-4f28-423d-be3b-e8f9870a9bfd
2018-03-16 16:54:45,196 | INFO | 1521215685.196529 | Notification | 47d0bed9-4f28-423d-be3b-e8f9870a9bfd
2018-03-16 16:54:45,196 | INFO | 1521215685.196529 | datastream | 230c1a6c-bfed-4801-a8a6-dd10830b57c8
2018-03-16 16:54:45,196 | INFO | 1521215685.196529 | Notification | 230c1a6c-bfed-4801-a8a6-dd10830b57c8
2018-03-16 16:54:45,212 | INFO | 1521215685.212155 | Notification | 47651ddb-1ce5-4694-ac89-aded0eec886e
2018-03-16 16:54:45,212 | INFO | 1521215685.212155 | Notification | 767a4183-df34-4ed0-85c0-2afe7ddad5c6
2018-03-16 16:54:45,212 | INFO | 1521215685.212155 | datastream | 47651ddb-1ce5-4694-ac89-aded0eec886e
2018-03-16 16:54:45,227 | INFO | 1521215685.227782 | Notification | 30a3dac3-ddb4-43da-961d-c975dc18c32e
2018-03-16 16:54:45,227 | INFO | 1521215685.227782 | Notification | c4cd60cd-6c3b-4940-9f52-0c05350fc4ab
2018-03-16 16:54:45,243 | INFO | 1521215685.243408 | Notification | cc56f296-cd9c-41a6-9f8b-cfe73d95ed52
2018-03-16 16:54:45,227 | INFO | 1521215685.227782 | datastream | c4cd60cd-6c3b-4940-9f52-0c05350fc4ab
2018-03-16 16:54:45,305 | INFO | 1521215685.305915 | Notification | e13e7b00-0409-46bd-8605-2eb96c469a05
2018-03-16 16:54:45,305 | INFO | 1521215685.305915 | Notification | 2dc51cf1-9a83-488a-a06e-cd34e6fcfbba
2018-03-16 16:54:45,243 | INFO | 1521215685.243408 | datastream | 767a4183-df34-4ed0-85c0-2afe7ddad5c6
2018-03-16 16:54:45,384 | INFO | 1521215685.384048 | Notification | cdd8a15f-ba3f-46e4-ad16-dd541a61a7d4
2018-03-16 16:54:45,274 | INFO | 1521215685.274662 | datastream | 30a3dac3-ddb4-43da-961d-c975dc18c32e
2018-03-16 16:54:45,399 | INFO | 1521215685.399675 | Notification | 7089cb89-eca8-402c-98e3-1a9aa273fe1e
2018-03-16 16:54:45,415 | INFO | 1521215685.415300 | Notification | 5789dcf6-e3a8-4362-9b59-78f2a4eab6ca
2018-03-16 16:54:45,305 | INFO | 1521215685.305915 | datastream | cc56f296-cd9c-41a6-9f8b-cfe73d95ed52
2018-03-16 16:54:45,415 | INFO | 1521215685.415300 | Notification | b3b5cd8f-a8ee-49ee-8471-afb185cef15b
2018-03-16 16:54:45,430 | INFO | 1521215685.430927 | Notification | 1bf6216b-7681-4c3e-bc3a-86491ded0e9b
2018-03-16 16:54:45,337 | INFO | 1521215685.337168 | datastream | 2dc51cf1-9a83-488a-a06e-cd34e6fcfbba
2018-03-16 16:54:45,352 | INFO | 1521215685.352794 | datastream | e13e7b00-0409-46bd-8605-2eb96c469a05
2018-03-16 16:54:45,384 | INFO | 1521215685.384048 | datastream | cdd8a15f-ba3f-46e4-ad16-dd541a61a7d4
2018-03-16 16:54:45,415 | INFO | 1521215685.415300 | datastream | 7089cb89-eca8-402c-98e3-1a9aa273fe1e
2018-03-16 16:54:45,415 | INFO | 1521215685.415300 | datastream | 5789dcf6-e3a8-4362-9b59-78f2a4eab6ca
2018-03-16 16:54:45,430 | INFO | 1521215685.430927 | datastream | b3b5cd8f-a8ee-49ee-8471-afb185cef15b
2018-03-16 16:54:45,430 | INFO | 1521215685.430927 | Notification | 795cd3f5-44c3-4de5-904d-adc6e87e5b76
2018-03-16 16:54:45,430 | INFO | 1521215685.430927 | datastream | 1bf6216b-7681-4c3e-bc3a-86491ded0e9b
2018-03-16 16:54:45,430 | INFO | 1521215685.430927 | datastream | 795cd3f5-44c3-4de5-904d-adc6e87e5b76
2018-03-16 16:54:45,446 | INFO | 1521215685.446555 | datastream | 7777aa6d-f355-4531-9581-98d7271cd031
2018-03-16 16:54:45,446 | INFO | 1521215685.446555 | datastream | a3d1d4c1-b604-44d8-b1ce-8a4f70a79da9
2018-03-16 16:54:45,446 | INFO | 1521215685.446555 | datastream | 2c9f380f-6d64-43cb-806e-5506b6da6729
2018-03-16 16:54:45,462 | INFO | 1521215685.462181 | datastream | 1abb4b70-515c-43e4-83fb-40a2377211e2
2018-03-16 16:54:45,462 | INFO | 1521215685.462181 | Notification | a3d1d4c1-b604-44d8-b1ce-8a4f70a79da9
2018-03-16 16:54:45,462 | INFO | 1521215685.462181 | Notification | 7777aa6d-f355-4531-9581-98d7271cd031
2018-03-16 16:54:45,462 | INFO | 1521215685.462181 | datastream | 8020bcdd-8b8a-46d2-8c46-f6dac4d2f456
2018-03-16 16:54:45,462 | INFO | 1521215685.462181 | Notification | 2c9f380f-6d64-43cb-806e-5506b6da6729
2018-03-16 16:54:45,462 | INFO | 1521215685.462181 | datastream | a7d9d183-de49-4f5a-b56b-8fc19d7ad212
2018-03-16 16:54:45,462 | INFO | 1521215685.462181 | Notification | 1abb4b70-515c-43e4-83fb-40a2377211e2
2018-03-16 16:54:45,462 | INFO | 1521215685.462181 | Notification | 8020bcdd-8b8a-46d2-8c46-f6dac4d2f456
2018-03-16 16:54:45,462 | INFO | 1521215685.462181 | Notification | a7d9d183-de49-4f5a-b56b-8fc19d7ad212
2018-03-16 16:54:45,462 | INFO | 1521215685.462181 | Notification | 6e8dd731-7030-4c6e-a250-8ddea760220a
2018-03-16 16:54:45,477 | INFO | 1521215685.477808 | Notification | decdb146-8020-4537-961e-de3599fbe6a0
2018-03-16 16:54:45,477 | INFO | 1521215685.477808 | Notification | e6a42942-8c67-49e1-824b-d95b31e329da
2018-03-16 16:54:45,477 | INFO | 1521215685.477808 | Notification | 153d6340-a24f-4328-a36f-94889cd70fb7
2018-03-16 16:54:45,477 | INFO | 1521215685.477808 | Notification | ae543f1a-13a5-4da8-ad36-38c8b53b16e6
2018-03-16 16:54:45,477 | INFO | 1521215685.477808 | Notification | 645cfa3d-ceba-4ea9-9219-b1e66755e0a2
2018-03-16 16:54:45,477 | INFO | 1521215685.477808 | Notification | 59062c1b-8c26-4485-b541-bd65cd443b73
2018-03-16 16:54:45,477 | INFO | 1521215685.477808 | Notification | ed9c0e8f-0ef1-440c-8bff-70f1fe20c64b
2018-03-16 16:54:45,477 | INFO | 1521215685.477808 | Notification | 4a73b09c-a84a-4ce9-be12-ff37a1f33cfe
2018-03-16 16:54:45,477 | INFO | 1521215685.477808 | Notification | 26b9f4b9-aeff-43bc-ada9-c827fb7a4c63
2018-03-16 16:54:45,477 | INFO | 1521215685.477808 | Notification | c73363b7-e999-499d-90c0-ea302b3da836
2018-03-16 16:54:45,493 | INFO | 1521215685.493435 | Notification | aadb1f2e-2d8c-4a43-9ee3-3f4d541464e5
2018-03-16 16:54:45,493 | INFO | 1521215685.493435 | Notification | f22ffdef-ca2b-494a-b6fc-3a5357d1793c
2018-03-16 16:54:45,493 | INFO | 1521215685.493435 | Notification | b44458f3-2928-44e1-a6ff-476b13bc04e5
2018-03-16 16:54:45,493 | INFO | 1521215685.493435 | Notification | 90e993d1-adec-443e-bd2c-68ceb754b2cf
2018-03-16 16:54:45,493 | INFO | 1521215685.493435 | Notification | eddf3c66-6edf-4d9c-9099-ce3365ef9009
2018-03-16 16:54:45,493 | INFO | 1521215685.493435 | Notification | c8803b74-8d86-4f9c-ba90-db2bb791dbd8
2018-03-16 16:54:45,493 | INFO | 1521215685.493435 | Notification | 52c292fc-6360-49b1-bd05-5b8d9cb6d403
2018-03-16 16:54:45,509 | INFO | 1521215685.509061 | Notification | 6dc7ff1e-9ebe-4747-86b7-26fa8cfacee9
2018-03-16 16:54:45,509 | INFO | 1521215685.509061 | Notification | 3bcb4d75-825b-4a7f-a351-87ca0f6ba91b
2018-03-16 16:54:45,509 | INFO | 1521215685.509061 | Notification | 44b37e94-f1e8-4fdd-a3e1-9dfc10f4e8c1
2018-03-16 16:54:45,509 | INFO | 1521215685.509061 | Notification | 3076328d-f88b-4e6f-aee3-de1e694597f5
2018-03-16 16:54:45,509 | INFO | 1521215685.509061 | Notification | 33c69848-8acf-4378-ba7b-350a0049b183
2018-03-16 16:54:45,509 | INFO | 1521215685.509061 | Notification | a0663818-17ba-41df-a316-f16d68a038be
2018-03-16 16:54:45,462 | INFO | 1521215685.462181 | datastream | 6e8dd731-7030-4c6e-a250-8ddea760220a
2018-03-16 16:54:45,509 | INFO | 1521215685.509061 | Notification | 3ace7692-1812-4d74-b362-d16c1662efad
2018-03-16 16:54:45,509 | INFO | 1521215685.509061 | Notification | 49e53da8-7ca3-470f-9068-0385a31773d2
2018-03-16 16:54:45,509 | INFO | 1521215685.509061 | Notification | 734e9559-8926-45a0-b09f-852bc25742e0
2018-03-16 16:54:45,462 | INFO | 1521215685.462181 | datastream | 4a73b09c-a84a-4ce9-be12-ff37a1f33cfe
2018-03-16 16:54:45,509 | INFO | 1521215685.509061 | Notification | 112dc444-b3a6-4b08-bb49-d1b497cb283a
2018-03-16 16:54:45,462 | INFO | 1521215685.462181 | datastream | 153d6340-a24f-4328-a36f-94889cd70fb7
2018-03-16 16:54:45,509 | INFO | 1521215685.509061 | Notification | c7bf84b2-17df-4983-939b-c9dd5268670b
2018-03-16 16:54:45,462 | INFO | 1521215685.462181 | datastream | b42af876-e386-451d-960e-7e817d841908
2018-03-16 16:54:45,477 | INFO | 1521215685.477808 | datastream | e6a42942-8c67-49e1-824b-d95b31e329da

2018-03-16 16:54:45,477 | INFO | 1521215685.477808 | datastream | 3076328d-f88b-4e6f-aee3-de1e694597f5
2018-03-16 16:54:45,477 | INFO | 1521215685.477808 | datastream | c8803b74-8d86-4f9c-ba90-db2bb791dbd8
2018-03-16 16:54:45,477 | INFO | 1521215685.477808 | datastream | 90e993d1-adec-443e-bd2c-68ceb754b2cf
2018-03-16 16:54:45,477 | INFO | 1521215685.477808 | datastream | b3c99c16-6e5a-4888-bc9f-f627b2e8ee9e
2018-03-16 16:54:45,477 | INFO | 1521215685.477808 | datastream | a0663818-17ba-41df-a316-f16d68a038be
2018-03-16 16:54:45,477 | INFO | 1521215685.477808 | datastream | 44b37e94-f1e8-4fdd-a3e1-9dfc10f4e8c1
2018-03-16 16:54:45,477 | INFO | 1521215685.477808 | datastream | aadb1f2e-2d8c-4a43-9ee3-3f4d541464e5
2018-03-16 16:54:45,477 | INFO | 1521215685.477808 | datastream | c73363b7-e999-499d-90c0-ea302b3da836
2018-03-16 16:54:45,477 | INFO | 1521215685.477808 | datastream | ed9c0e8f-0ef1-440c-8bff-70f1fe20c64b
2018-03-16 16:54:45,493 | INFO | 1521215685.493435 | datastream | 59062c1b-8c26-4485-b541-bd65cd443b73
2018-03-16 16:54:45,493 | INFO | 1521215685.493435 | datastream | 26b9f4b9-aeff-43bc-ada9-c827fb7a4c63
2018-03-16 16:54:45,493 | INFO | 1521215685.493435 | datastream | b44458f3-2928-44e1-a6ff-476b13bc04e5
2018-03-16 16:54:45,493 | INFO | 1521215685.493435 | datastream | 734e9559-8926-45a0-b09f-852bc25742e0
2018-03-16 16:54:45,540 | INFO | 1521215685.540314 | Notification | 2b4974db-adf1-4cb2-9799-d18514bb9026
2018-03-16 16:54:45,540 | INFO | 1521215685.540314 | Notification | f1d9fb6e-7578-43d5-9b81-730d2f51c028
2018-03-16 16:54:45,540 | INFO | 1521215685.540314 | Notification | 21967e93-4570-4aa9-ae6a-51cd0d960fab
2018-03-16 16:54:45,493 | INFO | 1521215685.493435 | datastream | 33c69848-8acf-4378-ba7b-350a0049b183
2018-03-16 16:54:45,540 | INFO | 1521215685.540314 | Notification | e082b008-91d3-48b0-9829-88b287d31789
2018-03-16 16:54:45,540 | INFO | 1521215685.540314 | Notification | a5140a9f-6d3f-44ab-9d20-c136e07c1422
2018-03-16 16:54:45,540 | INFO | 1521215685.540314 | Notification | 539b556c-82d4-4ca2-9711-aaebad1e396d
2018-03-16 16:54:45,540 | INFO | 1521215685.540314 | Notification | 2442debd-dd1e-4f53-b5b0-82ecaa5653f8
2018-03-16 16:54:45,540 | INFO | 1521215685.540314 | Notification | 2f16dd72-c7f3-4616-80ff-19fb6e98c592
2018-03-16 16:54:45,540 | INFO | 1521215685.540314 | Notification | 712d23c5-9a54-4e21-b112-e441e366b274
2018-03-16 16:54:45,493 | INFO | 1521215685.493435 | datastream | 49e53da8-7ca3-470f-9068-0385a31773d2
2018-03-16 16:54:45,555 | INFO | 1521215685.555941 | Notification | 45b763a4-83ab-4e45-acff-29a096266a74
2018-03-16 16:54:45,555 | INFO | 1521215685.555941 | Notification | b5d8e258-a543-4f46-9edb-63b6d31aa269
2018-03-16 16:54:45,555 | INFO | 1521215685.555941 | Notification | 5986a463-37a8-4394-9efb-20eb19eccde1
2018-03-16 16:54:45,493 | INFO | 1521215685.493435 | datastream | ae543f1a-13a5-4da8-ad36-38c8b53b16e6
2018-03-16 16:54:45,555 | INFO | 1521215685.555941 | Notification | 6bb59e63-8966-41e6-91e2-e9552cbc30bb
2018-03-16 16:54:45,555 | INFO | 1521215685.555941 | Notification | 868461c3-801f-4750-8838-367768f0e934
2018-03-16 16:54:45,555 | INFO | 1521215685.555941 | Notification | 22be62a5-4eae-45f5-86be-93e2aebc5a2c
2018-03-16 16:54:45,555 | INFO | 1521215685.555941 | Notification | a82d04fb-8da1-4788-8767-53800c343fbc
2018-03-16 16:54:45,555 | INFO | 1521215685.555941 | Notification | d1f6aa04-766e-4993-9bf5-34dbd14ef095
2018-03-16 16:54:45,571 | INFO | 1521215685.571568 | Notification | d4a2f7e5-30cf-4374-89c7-611d5ccb8f17
2018-03-16 16:54:45,571 | INFO | 1521215685.571568 | Notification | 5809b12c-fd7d-4ccb-a315-706fa45883a4
2018-03-16 16:54:45,571 | INFO | 1521215685.571568 | Notification | 8cb838b8-c004-4a3d-9d33-c2d9aff17de4
2018-03-16 16:54:45,571 | INFO | 1521215685.571568 | Notification | 7a84ec2c-1fe0-467a-b2ff-b72975ce3f8f
2018-03-16 16:54:45,571 | INFO | 1521215685.571568 | Notification | c90e803d-fabf-49b7-a6c5-1e2eae239d81
2018-03-16 16:54:45,493 | INFO | 1521215685.493435 | datastream | f22ffdef-ca2b-494a-b6fc-3a5357d1793c
2018-03-16 16:54:45,571 | INFO | 1521215685.571568 | Notification | a338d88b-b792-4149-9890-03a25de3377d
2018-03-16 16:54:45,571 | INFO | 1521215685.571568 | Notification | 5786bc1c-bfcf-44d8-baab-d9e6f99c391f
2018-03-16 16:54:45,493 | INFO | 1521215685.493435 | datastream | 645cfa3d-ceba-4ea9-9219-b1e66755e0a2
2018-03-16 16:54:45,509 | INFO | 1521215685.509061 | datastream | eddf3c66-6edf-4d9c-9099-ce3365ef9009
2018-03-16 16:54:45,509 | INFO | 1521215685.509061 | datastream | c7bf84b2-17df-4983-939b-c9dd5268670b
2018-03-16 16:54:45,509 | INFO | 1521215685.509061 | datastream | 6dc7ff1e-9ebe-4747-86b7-26fa8cfacee9
2018-03-16 16:54:45,509 | INFO | 1521215685.509061 | datastream | 52c292fc-6360-49b1-bd05-5b8d9cb6d403
2018-03-16 16:54:45,571 | INFO | 1521215685.571568 | Notification | d031841a-5f4f-4752-afca-1f83a26e5c52
2018-03-16 16:54:45,509 | INFO | 1521215685.509061 | datastream | 112dc444-b3a6-4b08-bb49-d1b497cb283a
2018-03-16 16:54:45,571 | INFO | 1521215685.571568 | Notification | 027a6350-f23c-444e-ab12-3372c2709e88
2018-03-16 16:54:45,509 | INFO | 1521215685.509061 | datastream | 3bcb4d75-825b-4a7f-a351-87ca0f6ba91b
2018-03-16 16:54:45,571 | INFO | 1521215685.571568 | Notification | f5440653-ae76-4dbf-bca7-c7678d5c3e62
2018-03-16 16:54:45,509 | INFO | 1521215685.509061 | datastream | 3ace7692-1812-4d74-b362-d16c1662efad
2018-03-16 16:54:45,509 | INFO | 1521215685.509061 | datastream | 0c351e30-29a9-46ee-a7ff-351b0baa6309
2018-03-16 16:54:45,524 | INFO | 1521215685.524699 | datastream | 2b4974db-adf1-4cb2-9799-d18514bb9026
2018-03-16 16:54:45,524 | INFO | 1521215685.524699 | datastream | f1d9fb6e-7578-43d5-9b81-730d2f51c028
2018-03-16 16:54:45,524 | INFO | 1521215685.524699 | datastream | 21967e93-4570-4aa9-ae6a-51cd0d960fab
2018-03-16 16:54:45,587 | INFO | 1521215685.587195 | Notification | 756ee576-52ae-4b37-9eb4-18e67f6663a5
2018-03-16 16:54:45,524 | INFO | 1521215685.524699 | datastream | a5140a9f-6d3f-44ab-9d20-c136e07c1422
2018-03-16 16:54:45,540 | INFO | 1521215685.540314 | datastream | e082b008-91d3-48b0-9829-88b287d31789
2018-03-16 16:54:45,587 | INFO | 1521215685.587195 | Notification | 891ba7af-cafa-4db1-b02d-9eed6ee44401
2018-03-16 16:54:45,540 | INFO | 1521215685.540314 | datastream | 539b556c-82d4-4ca2-9711-aaebad1e396d
2018-03-16 16:54:45,540 | INFO | 1521215685.540314 | datastream | 2f16dd72-c7f3-4616-80ff-19fb6e98c592
2018-03-16 16:54:45,587 | INFO | 1521215685.587195 | Notification | 558d56d2-450f-4395-bb99-531437d84b3b
2018-03-16 16:54:45,587 | INFO | 1521215685.587195 | Notification | 930d8a23-b666-4840-8c4d-b9ec72aeff4d
2018-03-16 16:54:45,587 | INFO | 1521215685.587195 | Notification | 1cba70c8-bc8a-403a-851c-3e6bb9b80660
2018-03-16 16:54:45,587 | INFO | 1521215685.587195 | Notification | a32e021c-9556-433a-ac2c-0fb0a673769a
2018-03-16 16:54:45,540 | INFO | 1521215685.540314 | datastream | 712d23c5-9a54-4e21-b112-e441e366b274
2018-03-16 16:54:45,540 | INFO | 1521215685.540314 | datastream | 45b763a4-83ab-4e45-acff-29a096266a74
2018-03-16 16:54:45,587 | INFO | 1521215685.587195 | Notification | edaa26e0-2ffb-4122-91ed-4a057312a1d4
2018-03-16 16:54:45,540 | INFO | 1521215685.540314 | datastream | 2442debd-dd1e-4f53-b5b0-82ecaa5653f8
2018-03-16 16:54:45,540 | INFO | 1521215685.540314 | datastream | 5986a463-37a8-4394-9efb-20eb19eccde1
2018-03-16 16:54:45,540 | INFO | 1521215685.540314 | datastream | 6bb59e63-8966-41e6-91e2-e9552cbc30bb
2018-03-16 16:54:45,602 | INFO | 1521215685.602821 | Notification | 6f4820a7-bc3f-4775-a055-071eecef2f62
2018-03-16 16:54:45,540 | INFO | 1521215685.540314 | datastream | 22be62a5-4eae-45f5-86be-93e2aebc5a2c
2018-03-16 16:54:45,555 | INFO | 1521215685.555941 | datastream | b5d8e258-a543-4f46-9edb-63b6d31aa269
2018-03-16 16:54:45,555 | INFO | 1521215685.555941 | datastream | d4a2f7e5-30cf-4374-89c7-611d5ccb8f17
2018-03-16 16:54:45,555 | INFO | 1521215685.555941 | datastream | 7a84ec2c-1fe0-467a-b2ff-b72975ce3f8f
2018-03-16 16:54:45,555 | INFO | 1521215685.555941 | datastream | 868461c3-801f-4750-8838-367768f0e934
2018-03-16 16:54:45,555 | INFO | 1521215685.555941 | datastream | a338d88b-b792-4149-9890-03a25de3377d
2018-03-16 16:54:45,555 | INFO | 1521215685.555941 | datastream | 8cb838b8-c004-4a3d-9d33-c2d9aff17de4
2018-03-16 16:54:45,555 | INFO | 1521215685.555941 | datastream | c90e803d-fabf-49b7-a6c5-1e2eae239d81
2018-03-16 16:54:45,602 | INFO | 1521215685.602821 | Notification | 2226e0a4-fd7f-4ae6-9003-d510be40ce6e
2018-03-16 16:54:45,555 | INFO | 1521215685.555941 | datastream | d1f6aa04-766e-4993-9bf5-34dbd14ef095
2018-03-16 16:54:45,555 | INFO | 1521215685.555941 | datastream | d031841a-5f4f-4752-afca-1f83a26e5c52
2018-03-16 16:54:45,555 | INFO | 1521215685.555941 | datastream | a82d04fb-8da1-4788-8767-53800c343fbc
2018-03-16 16:54:45,555 | INFO | 1521215685.555941 | datastream | 5809b12c-fd7d-4ccb-a315-706fa45883a4
2018-03-16 16:54:45,571 | INFO | 1521215685.571568 | datastream | 891ba7af-cafa-4db1-b02d-9eed6ee44401
2018-03-16 16:54:45,571 | INFO | 1521215685.571568 | datastream | 027a6350-f23c-444e-ab12-3372c2709e88
2018-03-16 16:54:45,571 | INFO | 1521215685.571568 | datastream | 5786bc1c-bfcf-44d8-baab-d9e6f99c391f
2018-03-16 16:54:45,571 | INFO | 1521215685.571568 | datastream | f5440653-ae76-4dbf-bca7-c7678d5c3e62
2018-03-16 16:54:45,571 | INFO | 1521215685.571568 | datastream | 756ee576-52ae-4b37-9eb4-18e67f6663a5
2018-03-16 16:54:45,587 | INFO | 1521215685.587195 | datastream | 930d8a23-b666-4840-8c4d-b9ec72aeff4d
2018-03-16 16:54:45,587 | INFO | 1521215685.587195 | datastream | 558d56d2-450f-4395-bb99-531437d84b3b
2018-03-16 16:54:45,587 | INFO | 1521215685.587195 | datastream | 1cba70c8-bc8a-403a-851c-3e6bb9b80660
2018-03-16 16:54:45,587 | INFO | 1521215685.587195 | datastream | a32e021c-9556-433a-ac2c-0fb0a673769a
2018-03-16 16:54:45,587 | INFO | 1521215685.587195 | datastream | 2226e0a4-fd7f-4ae6-9003-d510be40ce6e
2018-03-16 16:54:45,587 | INFO | 1521215685.587195 | datastream | edaa26e0-2ffb-4122-91ed-4a057312a1d4
2018-03-16 16:54:45,587 | INFO | 1521215685.587195 | datastream | 6f4820a7-bc3f-4775-a055-071eecef2f62
2018-03-16 16:54:46,290 | INFO | 1521215686.290393 | datastream | 023727c3-2eff-4290-8af1-09f8bb7a9eb0
2018-03-16 16:54:46,290 | INFO | 1521215686.290393 | Notification | 023727c3-2eff-4290-8af1-09f8bb7a9eb0
2018-03-16 16:54:46,462 | INFO | 1521215686.462465 | Notification | b42af876-e386-451d-960e-7e817d841908
2018-03-16 16:54:46,509 | INFO | 1521215686.509247 | Notification | b3c99c16-6e5a-4888-bc9f-f627b2e8ee9e
2018-03-16 16:54:46,899 | INFO | 1521215686.899839 | datastream | 029ea088-c45d-4242-a9a2-45205053ea06
2018-03-16 16:54:46,899 | INFO | 1521215686.899839 | Notification | 029ea088-c45d-4242-a9a2-45205053ea06
2018-03-16 16:54:46,899 | INFO | 1521215686.899839 | datastream | 7afcaee2-b41a-4b6d-b1f5-6779cc30cc56
2018-03-16 16:54:46,915 | INFO | 1521215686.915460 | Notification | 7afcaee2-b41a-4b6d-b1f5-6779cc30cc56
2018-03-16 16:54:47,181 | INFO | 1521215687.181118 | datastream | d7f31fc0-8bc7-4851-8287-726e927b1a90
2018-03-16 16:54:47,181 | INFO | 1521215687.181118 | Notification | d7f31fc0-8bc7-4851-8287-726e927b1a90
2018-03-16 16:54:47,259 | INFO | 1521215687.259324 | datastream | 054ae3f1-332e-43dc-be3f-8b7cc0ff4b4a
2018-03-16 16:54:47,259 | INFO | 1521215687.259324 | Notification | 054ae3f1-332e-43dc-be3f-8b7cc0ff4b4a
2018-03-16 16:54:47,259 | INFO | 1521215687.259324 | datastream | e8fafa55-1009-480e-94df-d24d65dd14d6
2018-03-16 16:54:47,259 | INFO | 1521215687.259324 | Notification | e8fafa55-1009-480e-94df-d24d65dd14d6
