2018-03-16 17:16:16,251 | INFO | 1521216976.251805 | STARTING EXECUTION: sensor vs time
2018-03-16 17:16:16,267 | INFO | 1521216976.267407 | start intantiation
2018-03-16 17:16:16,283 | INFO | 1521216976.283030 | end instantiation
2018-03-16 17:16:16,283 | INFO | 1521216976.283030 | start cep config deployment
2018-03-16 17:16:27,909 | INFO | 1521216987.909441 | End cep config deployment
2018-03-16 17:16:28,299 | INFO | 1521216988.299987 | Number of sensors: 400
2018-03-16 17:16:28,299 | INFO | 1521216988.299987 | number of generators created: 400
2018-03-16 17:16:28,299 | INFO | 1521216988.299987 | Start streaming
2018-03-16 17:16:29,175 | INFO | 1521216989.175025 | datastream | 1f523d37-b481-4cc4-baaa-b0cec9265c2f
2018-03-16 17:16:41,457 | INFO | 1521217001.457581 | datastream | e9be32fc-9430-464b-89d6-b00eea17746e
2018-03-16 17:16:41,457 | INFO | 1521217001.457581 | Notification | e9be32fc-9430-464b-89d6-b00eea17746e
2018-03-16 17:16:57,349 | INFO | 1521217017.349898 | datastream | 76d848db-8273-4ca6-a08c-667d9139067b
2018-03-16 17:16:57,349 | INFO | 1521217017.349898 | Notification | 76d848db-8273-4ca6-a08c-667d9139067b
2018-03-16 17:16:57,709 | INFO | 1521217017.709308 | datastream | c9e223a0-d067-494f-b858-bceb9a244c33
2018-03-16 17:16:57,709 | INFO | 1521217017.709308 | Notification | c9e223a0-d067-494f-b858-bceb9a244c33
2018-03-16 17:16:57,928 | INFO | 1521217017.928097 | datastream | 49e14bcf-f54c-4825-a6de-439988e3dbb5
2018-03-16 17:16:57,928 | INFO | 1521217017.928097 | Notification | 49e14bcf-f54c-4825-a6de-439988e3dbb5
2018-03-16 17:16:57,959 | INFO | 1521217017.959493 | datastream | 8dd1d106-5cf6-4358-a6c7-fcc2b3776b70
2018-03-16 17:16:57,959 | INFO | 1521217017.959493 | Notification | 8dd1d106-5cf6-4358-a6c7-fcc2b3776b70
2018-03-16 17:16:59,693 | INFO | 1521217019.693914 | datastream | 4ef5f4c7-1cc8-40e1-9d83-4049da6d0ef3
2018-03-16 17:16:59,709 | INFO | 1521217019.709520 | Notification | 4ef5f4c7-1cc8-40e1-9d83-4049da6d0ef3
2018-03-16 17:17:00,600 | INFO | 1521217020.600244 | datastream | 7753a8b0-e203-49ec-8bb5-25c5f5d5ae55
2018-03-16 17:17:00,600 | INFO | 1521217020.600244 | Notification | 7753a8b0-e203-49ec-8bb5-25c5f5d5ae55
2018-03-16 17:17:01,444 | INFO | 1521217021.444246 | datastream | f8a4544e-a204-482d-b35e-a482a0a574bf
2018-03-16 17:17:01,444 | INFO | 1521217021.444246 | Notification | f8a4544e-a204-482d-b35e-a482a0a574bf
2018-03-16 17:17:01,912 | INFO | 1521217021.912910 | datastream | 43222a20-98a4-4d84-b23e-40e115e0f1a3
2018-03-16 17:17:01,912 | INFO | 1521217021.912910 | Notification | 43222a20-98a4-4d84-b23e-40e115e0f1a3
2018-03-16 17:17:03,131 | INFO | 1521217023.131766 | Notification | 047230dc-9314-4067-9175-86215a227107
2018-03-16 17:17:03,131 | INFO | 1521217023.131766 | datastream | 047230dc-9314-4067-9175-86215a227107
2018-03-16 17:17:03,694 | INFO | 1521217023.694404 | datastream | c5ccc32e-9038-46ef-87b0-aea66bded331
2018-03-16 17:17:03,694 | INFO | 1521217023.694404 | Notification | c5ccc32e-9038-46ef-87b0-aea66bded331
2018-03-16 17:17:04,147 | INFO | 1521217024.147688 | Notification | f24cb1ec-95ea-40b2-a00b-3cc1a966019d
2018-03-16 17:17:04,147 | INFO | 1521217024.147688 | datastream | f24cb1ec-95ea-40b2-a00b-3cc1a966019d
2018-03-16 17:17:04,163 | INFO | 1521217024.163118 | datastream | ba8958dc-4880-43b9-b032-289e621ec6b4
2018-03-16 17:17:04,163 | INFO | 1521217024.163118 | Notification | ba8958dc-4880-43b9-b032-289e621ec6b4
2018-03-16 17:17:04,553 | INFO | 1521217024.553949 | datastream | de91b44e-651b-43be-8c51-ace975103763
2018-03-16 17:17:04,553 | INFO | 1521217024.553949 | Notification | de91b44e-651b-43be-8c51-ace975103763
2018-03-16 17:17:06,053 | INFO | 1521217026.053946 | datastream | 242bd373-46f5-4684-8f1a-09ca2d1b0446
2018-03-16 17:17:06,053 | INFO | 1521217026.053946 | Notification | 242bd373-46f5-4684-8f1a-09ca2d1b0446
2018-03-16 17:17:07,272 | INFO | 1521217027.272832 | datastream | 0c157641-90a8-4a44-9a78-813110066f4f
2018-03-16 17:17:07,272 | INFO | 1521217027.272832 | Notification | 0c157641-90a8-4a44-9a78-813110066f4f
2018-03-16 17:17:07,897 | INFO | 1521217027.897891 | datastream | 6725695c-410a-4195-a8a4-217bc4c07017
2018-03-16 17:17:07,897 | INFO | 1521217027.897891 | Notification | 6725695c-410a-4195-a8a4-217bc4c07017
2018-03-16 17:17:07,897 | INFO | 1521217027.897891 | datastream | 688d4df8-9d5e-4a7a-b882-81833b15b03b
2018-03-16 17:17:07,913 | INFO | 1521217027.913517 | datastream | 9f7727d5-8640-4c33-acc4-ad222e1db6be
2018-03-16 17:17:07,913 | INFO | 1521217027.913517 | Notification | 688d4df8-9d5e-4a7a-b882-81833b15b03b
2018-03-16 17:17:07,913 | INFO | 1521217027.913517 | Notification | 9f7727d5-8640-4c33-acc4-ad222e1db6be
2018-03-16 17:17:08,022 | INFO | 1521217028.022903 | datastream | e7af12aa-ac81-4366-a2b4-8806a66d4571
2018-03-16 17:17:08,022 | INFO | 1521217028.022903 | Notification | e7af12aa-ac81-4366-a2b4-8806a66d4571
2018-03-16 17:17:10,163 | INFO | 1521217030.163817 | datastream | f5a4a21c-ee7e-4497-90d9-6ce172f75e5b
2018-03-16 17:17:10,163 | INFO | 1521217030.163817 | Notification | f5a4a21c-ee7e-4497-90d9-6ce172f75e5b
2018-03-16 17:17:10,804 | INFO | 1521217030.804454 | datastream | a0a86d54-15d1-4cd3-9114-8eb2f9c8227a
2018-03-16 17:17:10,804 | INFO | 1521217030.804454 | Notification | a0a86d54-15d1-4cd3-9114-8eb2f9c8227a
2018-03-16 17:17:11,460 | INFO | 1521217031.460767 | datastream | 8b5fd85e-fb66-46b0-85f6-02b26b7d2e34
2018-03-16 17:17:11,460 | INFO | 1521217031.460767 | Notification | 8b5fd85e-fb66-46b0-85f6-02b26b7d2e34
2018-03-16 17:17:11,460 | INFO | 1521217031.460767 | datastream | 97791d2e-239c-4384-8fbe-1de1fc67d072
2018-03-16 17:17:11,460 | INFO | 1521217031.460767 | Notification | 97791d2e-239c-4384-8fbe-1de1fc67d072
2018-03-16 17:17:11,460 | INFO | 1521217031.460767 | datastream | e0aa1be9-bd86-4ded-ba04-db02f70759dd
2018-03-16 17:17:11,460 | INFO | 1521217031.460767 | Notification | e0aa1be9-bd86-4ded-ba04-db02f70759dd
2018-03-16 17:17:11,460 | INFO | 1521217031.460767 | datastream | d1de9836-5038-4db8-9d3a-c6ef4496a0c9
2018-03-16 17:17:11,476 | INFO | 1521217031.476396 | Notification | d1de9836-5038-4db8-9d3a-c6ef4496a0c9
2018-03-16 17:17:11,476 | INFO | 1521217031.476396 | Notification | 143efcfb-7760-4d49-9af6-fe5102f847a9
2018-03-16 17:17:11,476 | INFO | 1521217031.476396 | datastream | 143efcfb-7760-4d49-9af6-fe5102f847a9
2018-03-16 17:17:11,492 | INFO | 1521217031.492020 | Notification | 87f86a33-9486-4418-8eae-d5da6ee3dcfa
2018-03-16 17:17:11,492 | INFO | 1521217031.492020 | datastream | 87f86a33-9486-4418-8eae-d5da6ee3dcfa
2018-03-16 17:17:11,507 | INFO | 1521217031.507649 | Notification | 6f413dc1-2d8d-4ea0-bc9a-952fc8b0ff34
2018-03-16 17:17:11,507 | INFO | 1521217031.507649 | Notification | 74d4cd87-4c53-40b4-be1f-3bb7450164ad
2018-03-16 17:17:11,507 | INFO | 1521217031.507649 | datastream | 6f413dc1-2d8d-4ea0-bc9a-952fc8b0ff34
2018-03-16 17:17:11,507 | INFO | 1521217031.507649 | Notification | eccb8daa-28f9-45cb-a05d-02c560e4864b
2018-03-16 17:17:11,507 | INFO | 1521217031.507649 | datastream | 74d4cd87-4c53-40b4-be1f-3bb7450164ad
2018-03-16 17:17:11,523 | INFO | 1521217031.523276 | Notification | a74ee33f-7178-49d7-bb8e-9ac3c0df1e88
2018-03-16 17:17:11,523 | INFO | 1521217031.523276 | datastream | eccb8daa-28f9-45cb-a05d-02c560e4864b
2018-03-16 17:17:11,523 | INFO | 1521217031.523276 | Notification | 1e9cdba6-cab4-4e35-8953-99232f6e10c0
2018-03-16 17:17:11,523 | INFO | 1521217031.523276 | Notification | 1ee15685-013d-485e-96cd-1e3d2a21aa1d
2018-03-16 17:17:11,523 | INFO | 1521217031.523276 | Notification | 18d1e6db-28b4-429c-93be-3e89b13d82c3
2018-03-16 17:17:11,538 | INFO | 1521217031.538901 | Notification | 978dbd9b-6d76-475b-a21c-2b8c3eee6415
2018-03-16 17:17:11,538 | INFO | 1521217031.538901 | datastream | 1ee15685-013d-485e-96cd-1e3d2a21aa1d
2018-03-16 17:17:11,538 | INFO | 1521217031.538901 | datastream | 1e9cdba6-cab4-4e35-8953-99232f6e10c0
2018-03-16 17:17:11,538 | INFO | 1521217031.538901 | datastream | 978dbd9b-6d76-475b-a21c-2b8c3eee6415
2018-03-16 17:17:11,554 | INFO | 1521217031.554528 | Notification | b298f040-e900-4662-a66d-779e9ca12a3c
2018-03-16 17:17:11,554 | INFO | 1521217031.554528 | Notification | 65128d82-1c79-4048-af27-6e2dc4035125
2018-03-16 17:17:11,554 | INFO | 1521217031.554528 | Notification | e9744fca-8ceb-4fa5-b79e-fa3197e34887
2018-03-16 17:17:11,554 | INFO | 1521217031.554528 | Notification | 8ac6abaf-6b2c-4a16-bf3a-a5d686504513
2018-03-16 17:17:11,554 | INFO | 1521217031.554528 | Notification | 9bc5c6ef-245e-439e-8bcf-6c23c003bcfb
2018-03-16 17:17:11,570 | INFO | 1521217031.570156 | Notification | e5ad0e6b-34b7-47f2-8037-6487e44d510c
2018-03-16 17:17:11,570 | INFO | 1521217031.570156 | Notification | da92251e-0214-4754-a966-23a40bc9bcd1
2018-03-16 17:17:11,538 | INFO | 1521217031.538901 | datastream | a74ee33f-7178-49d7-bb8e-9ac3c0df1e88
2018-03-16 17:17:11,585 | INFO | 1521217031.585781 | Notification | 2386867c-2d9e-426e-8c17-726cba810ce9
2018-03-16 17:17:11,585 | INFO | 1521217031.585781 | Notification | b1e27063-fed5-4e19-96f2-c2248ad7c38f
2018-03-16 17:17:11,585 | INFO | 1521217031.585781 | Notification | b5f4e21d-91f9-46c3-9d2c-461bf180693a
2018-03-16 17:17:11,601 | INFO | 1521217031.601422 | Notification | 1a7911f9-d82a-43c1-91bb-c468ea154fb7
2018-03-16 17:17:11,601 | INFO | 1521217031.601422 | Notification | 90458a11-c364-41f5-9c6e-0262f04e9a74
2018-03-16 17:17:11,538 | INFO | 1521217031.538901 | datastream | 18d1e6db-28b4-429c-93be-3e89b13d82c3
2018-03-16 17:17:11,554 | INFO | 1521217031.554528 | datastream | e9744fca-8ceb-4fa5-b79e-fa3197e34887
2018-03-16 17:17:11,648 | INFO | 1521217031.648288 | Notification | 03c18b4d-5048-43f6-961e-881ddfbec1b5
2018-03-16 17:17:11,648 | INFO | 1521217031.648288 | Notification | c67b5420-54cf-41d7-8480-65f1dff3752f
2018-03-16 17:17:11,663 | INFO | 1521217031.663916 | Notification | 0115572d-5651-490c-a277-44223a7ec50f
2018-03-16 17:17:11,554 | INFO | 1521217031.554528 | datastream | 8ac6abaf-6b2c-4a16-bf3a-a5d686504513
2018-03-16 17:17:11,663 | INFO | 1521217031.663916 | Notification | 1fa79fea-c2de-4765-b2fa-06be324f9d02
2018-03-16 17:17:11,695 | INFO | 1521217031.695183 | Notification | 500e636b-96d2-43a5-aa3b-d3ef4681ef02
2018-03-16 17:17:11,554 | INFO | 1521217031.554528 | datastream | b298f040-e900-4662-a66d-779e9ca12a3c
2018-03-16 17:17:11,570 | INFO | 1521217031.570156 | datastream | 9bc5c6ef-245e-439e-8bcf-6c23c003bcfb
2018-03-16 17:17:11,570 | INFO | 1521217031.570156 | datastream | 65128d82-1c79-4048-af27-6e2dc4035125
2018-03-16 17:17:11,570 | INFO | 1521217031.570156 | datastream | e5ad0e6b-34b7-47f2-8037-6487e44d510c
2018-03-16 17:17:11,585 | INFO | 1521217031.585781 | datastream | b1e27063-fed5-4e19-96f2-c2248ad7c38f
2018-03-16 17:17:11,585 | INFO | 1521217031.585781 | datastream | 2386867c-2d9e-426e-8c17-726cba810ce9
2018-03-16 17:17:11,601 | INFO | 1521217031.601422 | datastream | da92251e-0214-4754-a966-23a40bc9bcd1
2018-03-16 17:17:11,710 | INFO | 1521217031.710794 | Notification | dea9e2df-700a-4b53-898d-1e96693295df
2018-03-16 17:17:11,601 | INFO | 1521217031.601422 | datastream | b5f4e21d-91f9-46c3-9d2c-461bf180693a
2018-03-16 17:17:11,710 | INFO | 1521217031.710794 | Notification | 2d28ddc7-9107-46a5-a86c-5bfbf8e8595f
2018-03-16 17:17:11,710 | INFO | 1521217031.710794 | Notification | 9aa7c6f3-051f-4bf2-b374-b21b623d4a12
2018-03-16 17:17:11,710 | INFO | 1521217031.710794 | Notification | c09faf08-0f57-4ed2-a915-de45cba561ec
2018-03-16 17:17:11,710 | INFO | 1521217031.710794 | Notification | 4a15738a-0cdb-493b-8eac-cdd8d0c9e85c
2018-03-16 17:17:11,601 | INFO | 1521217031.601422 | datastream | 90458a11-c364-41f5-9c6e-0262f04e9a74
2018-03-16 17:17:11,710 | INFO | 1521217031.710794 | Notification | b60ead6a-951d-415d-86ab-86bf5e89b104
2018-03-16 17:17:11,632 | INFO | 1521217031.632660 | datastream | 1a7911f9-d82a-43c1-91bb-c468ea154fb7
2018-03-16 17:17:11,726 | INFO | 1521217031.726422 | Notification | 453045d0-1601-401a-b8f2-a108f8dae121
2018-03-16 17:17:11,648 | INFO | 1521217031.648288 | datastream | 03c18b4d-5048-43f6-961e-881ddfbec1b5
2018-03-16 17:17:11,726 | INFO | 1521217031.726422 | Notification | 4a7aa6f5-18f0-4141-9c10-fe1ffff127e6
2018-03-16 17:17:11,726 | INFO | 1521217031.726422 | Notification | 771c7844-55c1-4c10-97d4-df10685f0963
2018-03-16 17:17:11,726 | INFO | 1521217031.726422 | Notification | c76ed69a-ed4e-4a7a-ad51-62db902f9ac3
2018-03-16 17:17:11,726 | INFO | 1521217031.726422 | Notification | 727250d6-4896-490d-95c9-6b64e603aecf
2018-03-16 17:17:11,726 | INFO | 1521217031.726422 | Notification | 8aa1bf22-6f48-4f96-a453-9d56f16f7e21
2018-03-16 17:17:11,742 | INFO | 1521217031.742048 | Notification | 327ebd6f-1eb9-405b-a441-f74b0779b738
2018-03-16 17:17:11,663 | INFO | 1521217031.663916 | datastream | 0115572d-5651-490c-a277-44223a7ec50f
2018-03-16 17:17:11,663 | INFO | 1521217031.663916 | datastream | c67b5420-54cf-41d7-8480-65f1dff3752f
2018-03-16 17:17:11,757 | INFO | 1521217031.757712 | Notification | 613ee46b-1b4d-431a-8962-df8910c5bdb7
2018-03-16 17:17:11,757 | INFO | 1521217031.757712 | Notification | e82313aa-ab0a-4d69-8660-42ed98b4f00d
2018-03-16 17:17:11,695 | INFO | 1521217031.695183 | datastream | 1fa79fea-c2de-4765-b2fa-06be324f9d02
2018-03-16 17:17:11,695 | INFO | 1521217031.695183 | datastream | 500e636b-96d2-43a5-aa3b-d3ef4681ef02
2018-03-16 17:17:11,695 | INFO | 1521217031.695183 | datastream | dea9e2df-700a-4b53-898d-1e96693295df
2018-03-16 17:17:11,757 | INFO | 1521217031.757712 | Notification | 32db689d-df7b-43b1-b948-e05e79443567
2018-03-16 17:17:11,757 | INFO | 1521217031.757712 | Notification | 46108a25-98c4-4655-aca3-1de180c5ce54
2018-03-16 17:17:11,757 | INFO | 1521217031.757712 | Notification | f81c34ad-ab34-404e-9910-35977f0893c0
2018-03-16 17:17:11,757 | INFO | 1521217031.757712 | Notification | a729e3c9-aa71-4c7e-8c9b-c8f64ff7b0e1
2018-03-16 17:17:11,710 | INFO | 1521217031.710794 | datastream | 2d28ddc7-9107-46a5-a86c-5bfbf8e8595f
2018-03-16 17:17:11,757 | INFO | 1521217031.757712 | Notification | 37bef562-0e3d-4bac-833c-f5d501963dd3
2018-03-16 17:17:11,710 | INFO | 1521217031.710794 | datastream | c09faf08-0f57-4ed2-a915-de45cba561ec

2018-03-16 17:17:11,710 | INFO | 1521217031.710794 | datastream | 9aa7c6f3-051f-4bf2-b374-b21b623d4a12
2018-03-16 17:17:11,710 | INFO | 1521217031.710794 | datastream | 453045d0-1601-401a-b8f2-a108f8dae121
2018-03-16 17:17:11,726 | INFO | 1521217031.726422 | datastream | 4a15738a-0cdb-493b-8eac-cdd8d0c9e85c
2018-03-16 17:17:11,726 | INFO | 1521217031.726422 | datastream | 4a7aa6f5-18f0-4141-9c10-fe1ffff127e6
2018-03-16 17:17:11,726 | INFO | 1521217031.726422 | datastream | b60ead6a-951d-415d-86ab-86bf5e89b104
2018-03-16 17:17:11,726 | INFO | 1521217031.726422 | datastream | c76ed69a-ed4e-4a7a-ad51-62db902f9ac3
2018-03-16 17:17:11,773 | INFO | 1521217031.773305 | Notification | 3229bf3a-43fc-4aa3-87ec-8367abd2c278
2018-03-16 17:17:11,773 | INFO | 1521217031.773305 | Notification | 9985b55f-9c91-4bf1-9eb1-1ba75dddef4a
2018-03-16 17:17:11,788 | INFO | 1521217031.788928 | Notification | 9ad69b23-5b32-4945-8548-1d1931231de4
2018-03-16 17:17:11,788 | INFO | 1521217031.788928 | Notification | 7727802c-f6dd-4358-b2bb-8bc67ab48a92
2018-03-16 17:17:11,788 | INFO | 1521217031.788928 | Notification | f3833f34-5700-4e62-9b3c-6e425b935249
2018-03-16 17:17:11,788 | INFO | 1521217031.788928 | Notification | b2d51587-91dc-4378-b95c-7b88af181544
2018-03-16 17:17:11,788 | INFO | 1521217031.788928 | Notification | 91c39d5f-ddb1-40c5-9add-017c97287f82
2018-03-16 17:17:11,788 | INFO | 1521217031.788928 | Notification | c7ef8a8b-d667-4bc1-b060-2bac339a07da
2018-03-16 17:17:11,788 | INFO | 1521217031.788928 | Notification | aa997d10-6d01-4b88-b6b4-8bb7cc5a16ab
2018-03-16 17:17:11,788 | INFO | 1521217031.788928 | Notification | 96b29b49-7f2e-4ca4-b016-ece4fcde0702
2018-03-16 17:17:11,804 | INFO | 1521217031.804555 | Notification | 22d70760-ba6b-4127-9951-0e0211888450
2018-03-16 17:17:11,804 | INFO | 1521217031.804555 | Notification | eef38133-3412-4db9-aeaf-5f73ba6daf78
2018-03-16 17:17:11,804 | INFO | 1521217031.804555 | Notification | 35d6f2d5-468d-4e97-a3cc-b3890b2f77aa
2018-03-16 17:17:11,804 | INFO | 1521217031.804555 | Notification | 4b1ba546-18c5-4645-ab47-56212c54a6c8
2018-03-16 17:17:11,804 | INFO | 1521217031.804555 | Notification | 1a94b455-d636-46bd-aaf1-1977a127d93f
2018-03-16 17:17:11,804 | INFO | 1521217031.804555 | Notification | b6ea83ce-23de-434e-a392-8171b66748ea
2018-03-16 17:17:11,804 | INFO | 1521217031.804555 | Notification | ae6dfe19-9a73-4682-b89e-a0b7bbd5ee7b
2018-03-16 17:17:11,804 | INFO | 1521217031.804555 | Notification | da4f990c-20e2-49b9-ab62-f8ddd25d13ab
2018-03-16 17:17:11,804 | INFO | 1521217031.804555 | Notification | 1f9e9797-8009-4c40-8ee8-3b5e1d41a8d9
2018-03-16 17:17:11,804 | INFO | 1521217031.804555 | Notification | 529be9e7-7316-4166-adaf-1e55bac2d594
2018-03-16 17:17:11,804 | INFO | 1521217031.804555 | Notification | 3124bc67-74cc-43ff-9b39-e2f5e5d36685
2018-03-16 17:17:11,726 | INFO | 1521217031.726422 | datastream | 771c7844-55c1-4c10-97d4-df10685f0963
2018-03-16 17:17:11,804 | INFO | 1521217031.804555 | Notification | bc19c06b-9656-4272-92a8-c768b45a5eb6
2018-03-16 17:17:11,804 | INFO | 1521217031.804555 | Notification | 62ae5bcf-786a-41be-ad69-862117b33b82
2018-03-16 17:17:11,726 | INFO | 1521217031.726422 | datastream | 8aa1bf22-6f48-4f96-a453-9d56f16f7e21
2018-03-16 17:17:11,820 | INFO | 1521217031.820181 | Notification | 68348a87-e27b-4ffb-ab42-ce2308a7b7f9
2018-03-16 17:17:11,742 | INFO | 1521217031.742048 | datastream | 727250d6-4896-490d-95c9-6b64e603aecf
2018-03-16 17:17:11,742 | INFO | 1521217031.742048 | datastream | 327ebd6f-1eb9-405b-a441-f74b0779b738
2018-03-16 17:17:11,742 | INFO | 1521217031.742048 | datastream | 613ee46b-1b4d-431a-8962-df8910c5bdb7
2018-03-16 17:17:11,742 | INFO | 1521217031.742048 | datastream | e82313aa-ab0a-4d69-8660-42ed98b4f00d
2018-03-16 17:17:11,757 | INFO | 1521217031.757712 | datastream | 32db689d-df7b-43b1-b948-e05e79443567
2018-03-16 17:17:11,757 | INFO | 1521217031.757712 | datastream | 46108a25-98c4-4655-aca3-1de180c5ce54
2018-03-16 17:17:11,757 | INFO | 1521217031.757712 | datastream | f81c34ad-ab34-404e-9910-35977f0893c0
2018-03-16 17:17:11,757 | INFO | 1521217031.757712 | datastream | a729e3c9-aa71-4c7e-8c9b-c8f64ff7b0e1
2018-03-16 17:17:11,757 | INFO | 1521217031.757712 | datastream | 37bef562-0e3d-4bac-833c-f5d501963dd3
2018-03-16 17:17:11,757 | INFO | 1521217031.757712 | datastream | 0e7ddf3d-d44b-4ee9-a664-83d514f464cd
2018-03-16 17:17:11,773 | INFO | 1521217031.773305 | datastream | 7727802c-f6dd-4358-b2bb-8bc67ab48a92
2018-03-16 17:17:11,773 | INFO | 1521217031.773305 | datastream | 3229bf3a-43fc-4aa3-87ec-8367abd2c278
2018-03-16 17:17:11,773 | INFO | 1521217031.773305 | datastream | 9985b55f-9c91-4bf1-9eb1-1ba75dddef4a
2018-03-16 17:17:11,773 | INFO | 1521217031.773305 | datastream | 9ad69b23-5b32-4945-8548-1d1931231de4
2018-03-16 17:17:11,773 | INFO | 1521217031.773305 | datastream | f3833f34-5700-4e62-9b3c-6e425b935249
2018-03-16 17:17:11,788 | INFO | 1521217031.788928 | datastream | b2d51587-91dc-4378-b95c-7b88af181544
2018-03-16 17:17:11,788 | INFO | 1521217031.788928 | datastream | 91c39d5f-ddb1-40c5-9add-017c97287f82
2018-03-16 17:17:11,788 | INFO | 1521217031.788928 | datastream | aa997d10-6d01-4b88-b6b4-8bb7cc5a16ab
2018-03-16 17:17:11,820 | INFO | 1521217031.820181 | Notification | 9e716107-2113-49b4-b212-e271d7100347
2018-03-16 17:17:11,820 | INFO | 1521217031.820181 | Notification | 560460b0-5b67-45b3-9f52-9f43046c350a
2018-03-16 17:17:11,788 | INFO | 1521217031.788928 | datastream | 96b29b49-7f2e-4ca4-b016-ece4fcde0702
2018-03-16 17:17:11,788 | INFO | 1521217031.788928 | datastream | 22d70760-ba6b-4127-9951-0e0211888450
2018-03-16 17:17:11,788 | INFO | 1521217031.788928 | datastream | 35d6f2d5-468d-4e97-a3cc-b3890b2f77aa
2018-03-16 17:17:11,788 | INFO | 1521217031.788928 | datastream | ae6dfe19-9a73-4682-b89e-a0b7bbd5ee7b
2018-03-16 17:17:11,788 | INFO | 1521217031.788928 | datastream | 1f9e9797-8009-4c40-8ee8-3b5e1d41a8d9
2018-03-16 17:17:11,835 | INFO | 1521217031.835808 | Notification | c7eeff02-e47e-4d25-866b-cb9d61f1d21f
2018-03-16 17:17:11,804 | INFO | 1521217031.804555 | datastream | b6ea83ce-23de-434e-a392-8171b66748ea
2018-03-16 17:17:11,804 | INFO | 1521217031.804555 | datastream | eef38133-3412-4db9-aeaf-5f73ba6daf78
2018-03-16 17:17:11,804 | INFO | 1521217031.804555 | datastream | 1a94b455-d636-46bd-aaf1-1977a127d93f
2018-03-16 17:17:11,804 | INFO | 1521217031.804555 | datastream | c7ef8a8b-d667-4bc1-b060-2bac339a07da
2018-03-16 17:17:11,804 | INFO | 1521217031.804555 | datastream | da4f990c-20e2-49b9-ab62-f8ddd25d13ab
2018-03-16 17:17:11,804 | INFO | 1521217031.804555 | datastream | 4b1ba546-18c5-4645-ab47-56212c54a6c8
2018-03-16 17:17:11,804 | INFO | 1521217031.804555 | datastream | 529be9e7-7316-4166-adaf-1e55bac2d594
2018-03-16 17:17:11,804 | INFO | 1521217031.804555 | datastream | 3124bc67-74cc-43ff-9b39-e2f5e5d36685
2018-03-16 17:17:11,804 | INFO | 1521217031.804555 | datastream | bc19c06b-9656-4272-92a8-c768b45a5eb6
2018-03-16 17:17:11,804 | INFO | 1521217031.804555 | datastream | 62ae5bcf-786a-41be-ad69-862117b33b82
2018-03-16 17:17:11,804 | INFO | 1521217031.804555 | datastream | 68348a87-e27b-4ffb-ab42-ce2308a7b7f9
2018-03-16 17:17:11,820 | INFO | 1521217031.820181 | datastream | 9e716107-2113-49b4-b212-e271d7100347
2018-03-16 17:17:11,820 | INFO | 1521217031.820181 | datastream | 560460b0-5b67-45b3-9f52-9f43046c350a
2018-03-16 17:17:11,820 | INFO | 1521217031.820181 | datastream | c7eeff02-e47e-4d25-866b-cb9d61f1d21f
2018-03-16 17:17:11,913 | INFO | 1521217031.913947 | Notification | a6c7be8c-a349-45df-b627-6cfb588ab4b8
2018-03-16 17:17:11,913 | INFO | 1521217031.913947 | datastream | a6c7be8c-a349-45df-b627-6cfb588ab4b8
2018-03-16 17:17:12,054 | INFO | 1521217032.054582 | Notification | e44b1e9a-78ef-45e5-ae5b-eb878f10ef5b
2018-03-16 17:17:12,070 | INFO | 1521217032.070208 | datastream | e44b1e9a-78ef-45e5-ae5b-eb878f10ef5b
2018-03-16 17:17:12,070 | INFO | 1521217032.070208 | Notification | f7ae47d2-4e3d-4d11-b9bb-f5a81309e4cd
2018-03-16 17:17:12,070 | INFO | 1521217032.070208 | Notification | 3e92fb0a-2531-4616-8214-22aa2883665a
2018-03-16 17:17:12,085 | INFO | 1521217032.085834 | Notification | c95eaf0e-75dc-4835-b8a2-8e8c329512ae
2018-03-16 17:17:12,085 | INFO | 1521217032.085834 | datastream | 3e92fb0a-2531-4616-8214-22aa2883665a
2018-03-16 17:17:12,085 | INFO | 1521217032.085834 | datastream | f7ae47d2-4e3d-4d11-b9bb-f5a81309e4cd
2018-03-16 17:17:12,085 | INFO | 1521217032.085834 | Notification | 5d81de4a-84e9-41da-b7a8-547ec143cfa3
2018-03-16 17:17:12,101 | INFO | 1521217032.101461 | Notification | feacee99-f1b1-4611-b140-605aa917b0cc
2018-03-16 17:17:12,101 | INFO | 1521217032.101461 | Notification | fd3611f3-2437-48db-b9df-4cbada00cd49
2018-03-16 17:17:12,101 | INFO | 1521217032.101461 | datastream | 5d81de4a-84e9-41da-b7a8-547ec143cfa3
2018-03-16 17:17:12,101 | INFO | 1521217032.101461 | datastream | c95eaf0e-75dc-4835-b8a2-8e8c329512ae
2018-03-16 17:17:12,117 | INFO | 1521217032.117088 | Notification | 7b9c1136-3494-41a9-a83a-2a41bad544e9
2018-03-16 17:17:12,117 | INFO | 1521217032.117088 | datastream | fd3611f3-2437-48db-b9df-4cbada00cd49
2018-03-16 17:17:12,117 | INFO | 1521217032.117088 | datastream | feacee99-f1b1-4611-b140-605aa917b0cc
2018-03-16 17:17:12,117 | INFO | 1521217032.117088 | datastream | 7b9c1136-3494-41a9-a83a-2a41bad544e9
2018-03-16 17:17:12,117 | INFO | 1521217032.117088 | datastream | 815576ce-5ffc-45f9-b5f1-fe2076b86621
2018-03-16 17:17:12,132 | INFO | 1521217032.132714 | datastream | 56ebb57c-223b-4cc8-a26c-28b99f1918ac
2018-03-16 17:17:12,132 | INFO | 1521217032.132714 | datastream | 7a960ebe-aa96-45b8-b72a-5181e0da9466
2018-03-16 17:17:12,132 | INFO | 1521217032.132714 | datastream | 3dd80c8a-f8e7-4ee7-bd7e-8bc21d5cb979
2018-03-16 17:17:12,132 | INFO | 1521217032.132714 | Notification | 815576ce-5ffc-45f9-b5f1-fe2076b86621
2018-03-16 17:17:12,132 | INFO | 1521217032.132714 | datastream | 057c4eaa-5c11-4c39-bd1b-6cfb35ff8286
2018-03-16 17:17:12,132 | INFO | 1521217032.132714 | Notification | 56ebb57c-223b-4cc8-a26c-28b99f1918ac
2018-03-16 17:17:12,132 | INFO | 1521217032.132714 | Notification | 7a960ebe-aa96-45b8-b72a-5181e0da9466
2018-03-16 17:17:12,148 | INFO | 1521217032.148341 | Notification | 3dd80c8a-f8e7-4ee7-bd7e-8bc21d5cb979
2018-03-16 17:17:12,148 | INFO | 1521217032.148341 | Notification | 057c4eaa-5c11-4c39-bd1b-6cfb35ff8286
2018-03-16 17:17:12,148 | INFO | 1521217032.148341 | Notification | 7670524b-1d65-4449-a11b-e8f614982194
2018-03-16 17:17:12,148 | INFO | 1521217032.148341 | Notification | c60e74e4-83f9-4ca0-83f2-029941cce934
2018-03-16 17:17:12,148 | INFO | 1521217032.148341 | Notification | 4086c36d-5c7c-4af8-af99-847a48b9502a
2018-03-16 17:17:12,148 | INFO | 1521217032.148341 | Notification | 62178c99-fac2-4854-85fa-c089728ecb34
2018-03-16 17:17:12,148 | INFO | 1521217032.148341 | Notification | c4e1f53b-b951-4c92-9f62-f523b0d708f2
2018-03-16 17:17:12,148 | INFO | 1521217032.148341 | Notification | 7bb9a6c0-1109-4fec-9be2-51f7d8985d46
2018-03-16 17:17:12,148 | INFO | 1521217032.148341 | Notification | 051c5819-d0aa-47e8-9c44-f70b9f5864cd
2018-03-16 17:17:12,163 | INFO | 1521217032.163968 | Notification | be6eacbe-ad10-47fd-80e4-a0758fa16f20
2018-03-16 17:17:12,163 | INFO | 1521217032.163968 | Notification | 64a538c4-bc38-4331-9183-a1ed5cb9027b
2018-03-16 17:17:12,163 | INFO | 1521217032.163968 | Notification | 143940ef-14c9-4af4-8cba-93607399c76a
2018-03-16 17:17:12,163 | INFO | 1521217032.163968 | Notification | dce0fc9a-a99c-4ac0-8769-2e507fb703a5
2018-03-16 17:17:12,163 | INFO | 1521217032.163968 | Notification | ee1ee34a-c80d-4b6d-9f20-b3e648f42683
2018-03-16 17:17:12,163 | INFO | 1521217032.163968 | Notification | 8fb628a3-1894-41ff-ab44-22b54a7082b2
2018-03-16 17:17:12,163 | INFO | 1521217032.163968 | Notification | 89140744-c660-4972-ac58-6ad297614b76
2018-03-16 17:17:12,163 | INFO | 1521217032.163968 | Notification | 2147d368-0cfa-49b4-8e55-654f5721130d
2018-03-16 17:17:12,163 | INFO | 1521217032.163968 | Notification | 135a181e-eff9-4de3-8fdc-5b67e40f836a
2018-03-16 17:17:12,163 | INFO | 1521217032.163968 | Notification | c81ae813-4d59-4d67-8ed9-999c17840cc7
2018-03-16 17:17:12,163 | INFO | 1521217032.163968 | Notification | 1abf9da4-d9cf-489a-9a27-befd1502c142
2018-03-16 17:17:12,163 | INFO | 1521217032.163968 | Notification | 06bed22d-0cdd-464d-a026-8cc30fcef84d
2018-03-16 17:17:12,179 | INFO | 1521217032.179596 | Notification | 87948478-153d-4376-91a1-61589042df0e
2018-03-16 17:17:12,179 | INFO | 1521217032.179596 | Notification | 686adcfa-db5c-4ab4-b655-f243c3817a83
2018-03-16 17:17:12,179 | INFO | 1521217032.179596 | Notification | ec9d5fcb-1e90-499e-87c4-28a3dade2a88
2018-03-16 17:17:12,179 | INFO | 1521217032.179596 | Notification | 852969d1-60a2-4a43-b9c7-3a321fff2211
2018-03-16 17:17:12,179 | INFO | 1521217032.179596 | Notification | 466bad39-47eb-4135-b8cf-5bf462f090bc
2018-03-16 17:17:12,179 | INFO | 1521217032.179596 | Notification | 62ebe537-2c33-49aa-8337-4ce3865a2f47
2018-03-16 17:17:12,179 | INFO | 1521217032.179596 | Notification | 8d3f1aab-f842-482c-8791-0c1e27aa420b
2018-03-16 17:17:12,179 | INFO | 1521217032.179596 | Notification | 9858782c-0561-4d22-9314-ca9638bd79ce
2018-03-16 17:17:12,179 | INFO | 1521217032.179596 | Notification | efd97fd5-23c9-4133-b155-1332e585e1c1
2018-03-16 17:17:12,179 | INFO | 1521217032.179596 | Notification | ddbac8f7-c536-4f9a-9d43-7302774bdd17
2018-03-16 17:17:12,179 | INFO | 1521217032.179596 | Notification | 901a5d09-6f96-441a-b1f0-80483c9b456c
2018-03-16 17:17:12,132 | INFO | 1521217032.132714 | datastream | be6eacbe-ad10-47fd-80e4-a0758fa16f20
2018-03-16 17:17:12,179 | INFO | 1521217032.179596 | Notification | 74fb5d38-dba3-424e-810a-eba18229ca17
2018-03-16 17:17:12,195 | INFO | 1521217032.195221 | Notification | fa768bb9-4e08-4e5f-8629-63ea9440ee93
2018-03-16 17:17:12,195 | INFO | 1521217032.195221 | Notification | 03a5a0d9-df5c-465a-b363-0744c1619fa3
2018-03-16 17:17:12,148 | INFO | 1521217032.148341 | datastream | 2147d368-0cfa-49b4-8e55-654f5721130d
2018-03-16 17:17:12,195 | INFO | 1521217032.195221 | Notification | 0f15265d-9548-4ec0-9ce8-d3bd4467899f
2018-03-16 17:17:12,148 | INFO | 1521217032.148341 | datastream | 7bb9a6c0-1109-4fec-9be2-51f7d8985d46
2018-03-16 17:17:12,148 | INFO | 1521217032.148341 | datastream | 051c5819-d0aa-47e8-9c44-f70b9f5864cd
2018-03-16 17:17:12,148 | INFO | 1521217032.148341 | datastream | c4e1f53b-b951-4c92-9f62-f523b0d708f2
2018-03-16 17:17:12,148 | INFO | 1521217032.148341 | datastream | 62178c99-fac2-4854-85fa-c089728ecb34
2018-03-16 17:17:12,148 | INFO | 1521217032.148341 | datastream | 64a538c4-bc38-4331-9183-a1ed5cb9027b
2018-03-16 17:17:12,148 | INFO | 1521217032.148341 | datastream | 4086c36d-5c7c-4af8-af99-847a48b9502a
2018-03-16 17:17:12,148 | INFO | 1521217032.148341 | datastream | 135a181e-eff9-4de3-8fdc-5b67e40f836a
2018-03-16 17:17:12,148 | INFO | 1521217032.148341 | datastream | dce0fc9a-a99c-4ac0-8769-2e507fb703a5
2018-03-16 17:17:12,148 | INFO | 1521217032.148341 | datastream | 89140744-c660-4972-ac58-6ad297614b76
2018-03-16 17:17:12,195 | INFO | 1521217032.195221 | Notification | 0df2c377-1d71-4141-b110-f808a906fc99
2018-03-16 17:17:12,163 | INFO | 1521217032.163968 | datastream | 7670524b-1d65-4449-a11b-e8f614982194
2018-03-16 17:17:12,163 | INFO | 1521217032.163968 | datastream | bd838d1b-7fd1-412e-8be3-b4a89cb48a75
2018-03-16 17:17:12,195 | INFO | 1521217032.195221 | Notification | bd838d1b-7fd1-412e-8be3-b4a89cb48a75
2018-03-16 17:17:12,163 | INFO | 1521217032.163968 | datastream | 0df2c377-1d71-4141-b110-f808a906fc99
2018-03-16 17:17:12,163 | INFO | 1521217032.163968 | datastream | 0f15265d-9548-4ec0-9ce8-d3bd4467899f
2018-03-16 17:17:12,163 | INFO | 1521217032.163968 | datastream | 03a5a0d9-df5c-465a-b363-0744c1619fa3
2018-03-16 17:17:12,163 | INFO | 1521217032.163968 | datastream | fa768bb9-4e08-4e5f-8629-63ea9440ee93
2018-03-16 17:17:12,163 | INFO | 1521217032.163968 | datastream | 74fb5d38-dba3-424e-810a-eba18229ca17
2018-03-16 17:17:12,163 | INFO | 1521217032.163968 | datastream | 901a5d09-6f96-441a-b1f0-80483c9b456c
2018-03-16 17:17:12,163 | INFO | 1521217032.163968 | datastream | ddbac8f7-c536-4f9a-9d43-7302774bdd17
2018-03-16 17:17:12,163 | INFO | 1521217032.163968 | datastream | efd97fd5-23c9-4133-b155-1332e585e1c1
2018-03-16 17:17:12,163 | INFO | 1521217032.163968 | datastream | 9858782c-0561-4d22-9314-ca9638bd79ce
2018-03-16 17:17:12,179 | INFO | 1521217032.179596 | datastream | 8d3f1aab-f842-482c-8791-0c1e27aa420b
2018-03-16 17:17:12,179 | INFO | 1521217032.179596 | datastream | 852969d1-60a2-4a43-b9c7-3a321fff2211
2018-03-16 17:17:12,179 | INFO | 1521217032.179596 | datastream | ee1ee34a-c80d-4b6d-9f20-b3e648f42683
2018-03-16 17:17:12,179 | INFO | 1521217032.179596 | datastream | 686adcfa-db5c-4ab4-b655-f243c3817a83
2018-03-16 17:17:12,179 | INFO | 1521217032.179596 | datastream | 87948478-153d-4376-91a1-61589042df0e
2018-03-16 17:17:12,179 | INFO | 1521217032.179596 | datastream | 8fb628a3-1894-41ff-ab44-22b54a7082b2
2018-03-16 17:17:12,179 | INFO | 1521217032.179596 | datastream | 1abf9da4-d9cf-489a-9a27-befd1502c142
2018-03-16 17:17:12,179 | INFO | 1521217032.179596 | datastream | 06bed22d-0cdd-464d-a026-8cc30fcef84d
2018-03-16 17:17:12,179 | INFO | 1521217032.179596 | datastream | ec9d5fcb-1e90-499e-87c4-28a3dade2a88
2018-03-16 17:17:12,179 | INFO | 1521217032.179596 | datastream | 466bad39-47eb-4135-b8cf-5bf462f090bc
2018-03-16 17:17:12,179 | INFO | 1521217032.179596 | datastream | 62ebe537-2c33-49aa-8337-4ce3865a2f47
2018-03-16 17:17:12,179 | INFO | 1521217032.179596 | datastream | c60e74e4-83f9-4ca0-83f2-029941cce934
2018-03-16 17:17:12,195 | INFO | 1521217032.195221 | datastream | c81ae813-4d59-4d67-8ed9-999c17840cc7
2018-03-16 17:17:12,195 | INFO | 1521217032.195221 | datastream | 143940ef-14c9-4af4-8cba-93607399c76a
2018-03-16 17:17:12,367 | INFO | 1521217032.367114 | Notification | ea6d8ef2-c313-4c0d-bc75-8d64f9ddf5b5
2018-03-16 17:17:12,398 | INFO | 1521217032.398369 | datastream | ea6d8ef2-c313-4c0d-bc75-8d64f9ddf5b5
2018-03-16 17:17:12,398 | INFO | 1521217032.398369 | Notification | 4c891433-165d-44f8-b613-a8bfca193ab7
2018-03-16 17:17:12,398 | INFO | 1521217032.398369 | Notification | b39c9d9c-07e9-41a1-9ece-09ee95a4bfd9
2018-03-16 17:17:12,398 | INFO | 1521217032.398369 | datastream | 567d3ccc-185d-4ece-a19d-ffea689f80a5
2018-03-16 17:17:12,398 | INFO | 1521217032.398369 | Notification | 567d3ccc-185d-4ece-a19d-ffea689f80a5
2018-03-16 17:17:12,398 | INFO | 1521217032.398369 | datastream | 4c891433-165d-44f8-b613-a8bfca193ab7
2018-03-16 17:17:12,398 | INFO | 1521217032.398369 | datastream | b39c9d9c-07e9-41a1-9ece-09ee95a4bfd9
2018-03-16 17:17:12,413 | INFO | 1521217032.413997 | datastream | c3d415a9-bc5c-4ac0-9c02-eb14eef59e63
2018-03-16 17:17:12,413 | INFO | 1521217032.413997 | datastream | d5c04e47-274a-48df-993c-31ddbca5622e
2018-03-16 17:17:12,429 | INFO | 1521217032.429621 | Notification | d5c04e47-274a-48df-993c-31ddbca5622e
2018-03-16 17:17:12,429 | INFO | 1521217032.429621 | Notification | c3d415a9-bc5c-4ac0-9c02-eb14eef59e63
2018-03-16 17:17:12,413 | INFO | 1521217032.413997 | datastream | 869a08a7-c3d0-49d1-af33-0878e858130e
2018-03-16 17:17:12,429 | INFO | 1521217032.429621 | Notification | 869a08a7-c3d0-49d1-af33-0878e858130e
2018-03-16 17:17:12,429 | INFO | 1521217032.429621 | datastream | 534cb214-3dda-49b9-9e02-4cd98f1f5cec
2018-03-16 17:17:12,429 | INFO | 1521217032.429621 | datastream | 160cfc2b-b80d-4402-aeab-dc33a31f2d6c
2018-03-16 17:17:12,429 | INFO | 1521217032.429621 | Notification | 534cb214-3dda-49b9-9e02-4cd98f1f5cec
2018-03-16 17:17:12,429 | INFO | 1521217032.429621 | Notification | 5fcee4b5-e54f-4249-a06a-b114c4278b2f
2018-03-16 17:17:12,445 | INFO | 1521217032.445248 | Notification | e9b174c1-c3eb-41e1-875b-013a9a7a1b86
2018-03-16 17:17:12,445 | INFO | 1521217032.445248 | Notification | 30753c11-27e3-44dd-b763-3661d6a60696
2018-03-16 17:17:12,445 | INFO | 1521217032.445248 | Notification | 98efbe70-175a-4699-b5dc-45f714a7c780
2018-03-16 17:17:12,445 | INFO | 1521217032.445248 | Notification | 039e7f35-5865-432a-89ec-3ac2ed91e7b0
2018-03-16 17:17:12,445 | INFO | 1521217032.445248 | Notification | 22a74840-eb3a-4edd-b25c-ae2602ffc72f
2018-03-16 17:17:12,445 | INFO | 1521217032.445248 | Notification | d1a128a5-7199-4b97-b2a6-6ff6e735b063
2018-03-16 17:17:12,445 | INFO | 1521217032.445248 | Notification | c1f984a0-ab88-416d-8f91-13bbe0ca70c1
2018-03-16 17:17:12,445 | INFO | 1521217032.445248 | Notification | 46a8c323-4bc7-4859-8904-6289daf36c49
2018-03-16 17:17:12,445 | INFO | 1521217032.445248 | Notification | 50767d5c-e265-43e7-8bb4-658a01278718
2018-03-16 17:17:12,445 | INFO | 1521217032.445248 | Notification | c0bec44a-287d-4325-8f14-c276e236b659
2018-03-16 17:17:12,445 | INFO | 1521217032.445248 | Notification | 160cfc2b-b80d-4402-aeab-dc33a31f2d6c
2018-03-16 17:17:12,445 | INFO | 1521217032.445248 | Notification | 639a9f06-132f-45a5-aab8-3084d488a57f
2018-03-16 17:17:12,445 | INFO | 1521217032.445248 | Notification | d6ab3f5a-22c6-478d-8ec3-8fb91c047eaf
2018-03-16 17:17:12,429 | INFO | 1521217032.429621 | datastream | 5fcee4b5-e54f-4249-a06a-b114c4278b2f
2018-03-16 17:17:12,429 | INFO | 1521217032.429621 | datastream | 639a9f06-132f-45a5-aab8-3084d488a57f
2018-03-16 17:17:12,429 | INFO | 1521217032.429621 | datastream | 00ec6405-daf6-4a32-807c-dbbd36f141bc
2018-03-16 17:17:12,429 | INFO | 1521217032.429621 | datastream | d6ab3f5a-22c6-478d-8ec3-8fb91c047eaf
2018-03-16 17:17:12,445 | INFO | 1521217032.445248 | datastream | 50767d5c-e265-43e7-8bb4-658a01278718
2018-03-16 17:17:12,445 | INFO | 1521217032.445248 | datastream | 039e7f35-5865-432a-89ec-3ac2ed91e7b0
2018-03-16 17:17:12,460 | INFO | 1521217032.460874 | Notification | 00ec6405-daf6-4a32-807c-dbbd36f141bc
2018-03-16 17:17:12,445 | INFO | 1521217032.445248 | datastream | 22a74840-eb3a-4edd-b25c-ae2602ffc72f
2018-03-16 17:17:12,445 | INFO | 1521217032.445248 | datastream | d1a128a5-7199-4b97-b2a6-6ff6e735b063
2018-03-16 17:17:12,445 | INFO | 1521217032.445248 | datastream | 98efbe70-175a-4699-b5dc-45f714a7c780
2018-03-16 17:17:12,445 | INFO | 1521217032.445248 | datastream | 30753c11-27e3-44dd-b763-3661d6a60696
2018-03-16 17:17:12,445 | INFO | 1521217032.445248 | datastream | e9b174c1-c3eb-41e1-875b-013a9a7a1b86
2018-03-16 17:17:12,445 | INFO | 1521217032.445248 | datastream | c0bec44a-287d-4325-8f14-c276e236b659
2018-03-16 17:17:12,460 | INFO | 1521217032.460874 | Notification | 19f23b03-8085-4ec1-b881-e6acbb9ee2a2
2018-03-16 17:17:12,445 | INFO | 1521217032.445248 | datastream | 46a8c323-4bc7-4859-8904-6289daf36c49
2018-03-16 17:17:12,460 | INFO | 1521217032.460874 | Notification | 9c021070-4a7b-4a90-a9ef-100f94ccb6ee
2018-03-16 17:17:12,445 | INFO | 1521217032.445248 | datastream | 9c021070-4a7b-4a90-a9ef-100f94ccb6ee
2018-03-16 17:17:12,445 | INFO | 1521217032.445248 | datastream | c1f984a0-ab88-416d-8f91-13bbe0ca70c1
2018-03-16 17:17:12,445 | INFO | 1521217032.445248 | datastream | 17939491-2cb7-41d6-aee1-77823ef0dd91
2018-03-16 17:17:12,445 | INFO | 1521217032.445248 | datastream | 19f23b03-8085-4ec1-b881-e6acbb9ee2a2
2018-03-16 17:17:12,492 | INFO | 1521217032.492134 | datastream | a35fedfc-ef6c-4f01-a557-f5d358d4b29f
2018-03-16 17:17:12,492 | INFO | 1521217032.492134 | Notification | a35fedfc-ef6c-4f01-a557-f5d358d4b29f
2018-03-16 17:17:12,492 | INFO | 1521217032.492134 | Notification | 3b8b2bc3-d96a-46b8-a2fa-eabf92489696
2018-03-16 17:17:12,507 | INFO | 1521217032.507755 | datastream | 3b8b2bc3-d96a-46b8-a2fa-eabf92489696
2018-03-16 17:17:12,507 | INFO | 1521217032.507755 | datastream | 58e5ec19-b429-410f-b336-6303c513590f
2018-03-16 17:17:12,507 | INFO | 1521217032.507755 | datastream | e0eb11af-7cab-4cbc-a811-2a1a83026b51
2018-03-16 17:17:12,507 | INFO | 1521217032.507755 | Notification | 58e5ec19-b429-410f-b336-6303c513590f
2018-03-16 17:17:12,507 | INFO | 1521217032.507755 | Notification | 75ab59d3-b8f6-4ca5-b9ad-8901a8b8a4b6
2018-03-16 17:17:12,507 | INFO | 1521217032.507755 | datastream | 75ab59d3-b8f6-4ca5-b9ad-8901a8b8a4b6
2018-03-16 17:17:12,507 | INFO | 1521217032.507755 | Notification | e0eb11af-7cab-4cbc-a811-2a1a83026b51
2018-03-16 17:17:12,507 | INFO | 1521217032.507755 | Notification | af39ddc3-e6c2-485b-bbdf-0c7b302c72c8
2018-03-16 17:17:12,507 | INFO | 1521217032.507755 | datastream | 92d49b94-f67e-48e1-a26c-279706f32515
2018-03-16 17:17:12,523 | INFO | 1521217032.523381 | datastream | af39ddc3-e6c2-485b-bbdf-0c7b302c72c8
2018-03-16 17:17:12,523 | INFO | 1521217032.523381 | Notification | 92d49b94-f67e-48e1-a26c-279706f32515
2018-03-16 17:17:12,539 | INFO | 1521217032.539007 | Notification | 14627153-c76f-4bda-86b4-3f11805c3a62
2018-03-16 17:17:12,523 | INFO | 1521217032.523381 | datastream | 14627153-c76f-4bda-86b4-3f11805c3a62
2018-03-16 17:17:12,539 | INFO | 1521217032.539007 | Notification | 4386ed12-e327-46b7-b67b-349a166837eb
2018-03-16 17:17:12,523 | INFO | 1521217032.523381 | datastream | 4386ed12-e327-46b7-b67b-349a166837eb
2018-03-16 17:17:12,539 | INFO | 1521217032.539007 | Notification | bd2efbe8-4634-4649-a6a5-2b08687a71c4
2018-03-16 17:17:12,523 | INFO | 1521217032.523381 | datastream | bd2efbe8-4634-4649-a6a5-2b08687a71c4
2018-03-16 17:17:12,539 | INFO | 1521217032.539007 | Notification | c73c6c68-19f5-40a7-b85d-01d296b3387f
2018-03-16 17:17:12,539 | INFO | 1521217032.539007 | datastream | c73c6c68-19f5-40a7-b85d-01d296b3387f
2018-03-16 17:17:12,554 | INFO | 1521217032.554634 | Notification | 4dbbba5d-442c-40e6-ac2f-87ae78b47d4b
2018-03-16 17:17:12,554 | INFO | 1521217032.554634 | datastream | 4dbbba5d-442c-40e6-ac2f-87ae78b47d4b
2018-03-16 17:17:12,554 | INFO | 1521217032.554634 | Notification | bd62fa4b-74be-4bd4-b677-8ec27c2d1599
2018-03-16 17:17:12,554 | INFO | 1521217032.554634 | Notification | 9cb38f4a-b808-4f17-a314-494d71ff8929
2018-03-16 17:17:12,554 | INFO | 1521217032.554634 | Notification | 69b24dfb-784f-4fa1-8049-609c09ac8bf0
2018-03-16 17:17:12,554 | INFO | 1521217032.554634 | datastream | 69b24dfb-784f-4fa1-8049-609c09ac8bf0
2018-03-16 17:17:12,570 | INFO | 1521217032.570261 | Notification | 280fcbde-165b-4418-8ebb-e33ad124425e
2018-03-16 17:17:12,570 | INFO | 1521217032.570261 | Notification | deed3781-f54c-467a-8ce6-07e042744943
2018-03-16 17:17:12,570 | INFO | 1521217032.570261 | Notification | 207f9a27-77bf-4eb5-b4cc-53eae2db5591
2018-03-16 17:17:12,570 | INFO | 1521217032.570261 | Notification | 03f08c8f-c426-4512-9f7e-336def9051b3
2018-03-16 17:17:12,570 | INFO | 1521217032.570261 | Notification | 875708c3-3aa2-4a63-8edb-48708dce3cc5
2018-03-16 17:17:12,554 | INFO | 1521217032.554634 | datastream | bd62fa4b-74be-4bd4-b677-8ec27c2d1599
2018-03-16 17:17:12,585 | INFO | 1521217032.585889 | Notification | cb379419-86a7-401c-bd71-a17388cb7005
2018-03-16 17:17:12,585 | INFO | 1521217032.585889 | Notification | 143c142a-9b24-4cdb-9da3-7b822a55b0aa
2018-03-16 17:17:12,585 | INFO | 1521217032.585889 | Notification | 3a31226d-726a-4ba4-9df4-df96526fc33e
2018-03-16 17:17:12,601 | INFO | 1521217032.601514 | Notification | 7b171974-747e-4cb7-8595-86924e6c3457
2018-03-16 17:17:12,554 | INFO | 1521217032.554634 | datastream | 280fcbde-165b-4418-8ebb-e33ad124425e
2018-03-16 17:17:12,632 | INFO | 1521217032.632767 | Notification | 31379222-abd4-48b2-be89-d343503e073d
2018-03-16 17:17:12,632 | INFO | 1521217032.632767 | Notification | 1a31622b-01f6-4fc9-9f29-c4ab8f883c36
2018-03-16 17:17:12,632 | INFO | 1521217032.632767 | Notification | 39e211ef-9184-4237-ac03-4beb673e40b1
2018-03-16 17:17:12,632 | INFO | 1521217032.632767 | Notification | 04ebc6b5-f6c1-4533-8136-1c673f4c50a9
2018-03-16 17:17:12,570 | INFO | 1521217032.570261 | datastream | deed3781-f54c-467a-8ce6-07e042744943
2018-03-16 17:17:12,664 | INFO | 1521217032.664021 | Notification | 9bd90703-df79-40fc-bc4d-0533ea0d931f
2018-03-16 17:17:12,664 | INFO | 1521217032.664021 | Notification | 854d986f-6765-4026-bb31-cd003caa234b
2018-03-16 17:17:12,570 | INFO | 1521217032.570261 | datastream | 9cb38f4a-b808-4f17-a314-494d71ff8929
2018-03-16 17:17:12,679 | INFO | 1521217032.679669 | Notification | c60dd62f-ee13-4652-bc4c-753ef7273ab3
2018-03-16 17:17:12,695 | INFO | 1521217032.695278 | Notification | acb134e1-04e2-42ba-b961-09df76ad25dd
2018-03-16 17:17:12,570 | INFO | 1521217032.570261 | datastream | 207f9a27-77bf-4eb5-b4cc-53eae2db5591
2018-03-16 17:17:12,585 | INFO | 1521217032.585889 | datastream | 03f08c8f-c426-4512-9f7e-336def9051b3
2018-03-16 17:17:12,585 | INFO | 1521217032.585889 | datastream | 875708c3-3aa2-4a63-8edb-48708dce3cc5
2018-03-16 17:17:12,585 | INFO | 1521217032.585889 | datastream | 143c142a-9b24-4cdb-9da3-7b822a55b0aa
2018-03-16 17:17:12,710 | INFO | 1521217032.710901 | Notification | 00f783e1-c9c7-4d7b-8990-cb7de7cf55af
2018-03-16 17:17:12,601 | INFO | 1521217032.601514 | datastream | cb379419-86a7-401c-bd71-a17388cb7005
2018-03-16 17:17:12,710 | INFO | 1521217032.710901 | Notification | 75920f3d-ba1e-401b-90ea-97bb5a2d99ce
2018-03-16 17:17:12,726 | INFO | 1521217032.726527 | Notification | 130de070-4348-4258-9aa5-48ff79f43cde
2018-03-16 17:17:12,601 | INFO | 1521217032.601514 | datastream | 7b171974-747e-4cb7-8595-86924e6c3457
2018-03-16 17:17:12,617 | INFO | 1521217032.617141 | datastream | 3a31226d-726a-4ba4-9df4-df96526fc33e
2018-03-16 17:17:12,726 | INFO | 1521217032.726527 | Notification | 9e8267b9-b3de-4ec5-98fc-53c1a592f36d
2018-03-16 17:17:12,726 | INFO | 1521217032.726527 | Notification | 0455d343-b94b-4db9-b0e7-5651aa07144f
2018-03-16 17:17:12,726 | INFO | 1521217032.726527 | Notification | d1a76151-fe57-4d36-84cf-e157104ffc98
2018-03-16 17:17:12,648 | INFO | 1521217032.648396 | datastream | 31379222-abd4-48b2-be89-d343503e073d
2018-03-16 17:17:12,726 | INFO | 1521217032.726527 | Notification | 70a09054-b6d0-4b4f-975f-d60e4266ce84
2018-03-16 17:17:12,726 | INFO | 1521217032.726527 | Notification | ea65cea5-ea83-4ad0-9a8a-bba4b6c93085
2018-03-16 17:17:12,742 | INFO | 1521217032.742154 | Notification | 7139cece-03c2-4ab7-91e8-c8d1fe435b57
2018-03-16 17:17:12,742 | INFO | 1521217032.742154 | Notification | d5494a0c-05b4-497a-80f0-caa3eef9f83f
2018-03-16 17:17:12,648 | INFO | 1521217032.648396 | datastream | 04ebc6b5-f6c1-4533-8136-1c673f4c50a9
2018-03-16 17:17:12,742 | INFO | 1521217032.742154 | Notification | 00e61cc3-26ff-465b-be29-687700fbd398
2018-03-16 17:17:12,742 | INFO | 1521217032.742154 | Notification | 6cd891ca-0515-41d8-ae8d-b483cfa5be53
2018-03-16 17:17:12,742 | INFO | 1521217032.742154 | Notification | ce9182fe-817e-491a-841a-19cd072108e3
2018-03-16 17:17:12,648 | INFO | 1521217032.648396 | datastream | 1a31622b-01f6-4fc9-9f29-c4ab8f883c36
2018-03-16 17:17:12,664 | INFO | 1521217032.664021 | datastream | 39e211ef-9184-4237-ac03-4beb673e40b1
2018-03-16 17:17:12,757 | INFO | 1521217032.757821 | Notification | 0aa3be83-0006-4e2d-9cbe-c6071437240f
2018-03-16 17:17:12,679 | INFO | 1521217032.679669 | datastream | 9bd90703-df79-40fc-bc4d-0533ea0d931f
2018-03-16 17:17:12,679 | INFO | 1521217032.679669 | datastream | 854d986f-6765-4026-bb31-cd003caa234b
2018-03-16 17:17:12,757 | INFO | 1521217032.757821 | Notification | eac0bd3c-4d0b-4ee2-b4e3-29999491e27e
2018-03-16 17:17:12,773 | INFO | 1521217032.773408 | Notification | 3727687b-1b9f-4b6f-8505-66dc2659f534
2018-03-16 17:17:12,773 | INFO | 1521217032.773408 | Notification | 17319496-8ce0-49a2-83bc-d2d06c72b812
2018-03-16 17:17:12,695 | INFO | 1521217032.695278 | datastream | acb134e1-04e2-42ba-b961-09df76ad25dd
2018-03-16 17:17:12,773 | INFO | 1521217032.773408 | Notification | 807c3209-50af-4279-94e2-fa3315a09b1b
2018-03-16 17:17:12,789 | INFO | 1521217032.789071 | Notification | bf01f6cf-b3d7-48a3-9f48-f78196225e5e
2018-03-16 17:17:12,789 | INFO | 1521217032.789071 | Notification | 268f4d16-2721-4204-a9da-7c288434fd7f
2018-03-16 17:17:12,789 | INFO | 1521217032.789071 | Notification | 15d6ec8e-c620-493a-bc67-7e93729a11fa
2018-03-16 17:17:12,789 | INFO | 1521217032.789071 | Notification | cc89816f-5c41-4704-90f9-d81f6fdc8c69
2018-03-16 17:17:12,695 | INFO | 1521217032.695278 | datastream | c60dd62f-ee13-4652-bc4c-753ef7273ab3
2018-03-16 17:17:12,804 | INFO | 1521217032.804663 | Notification | 0a8d1531-bd0a-4b10-aeac-e29faf3cb6e9
2018-03-16 17:17:12,804 | INFO | 1521217032.804663 | Notification | d44d8cfd-c3ac-453c-a588-3e5258a9db97
2018-03-16 17:17:12,710 | INFO | 1521217032.710901 | datastream | 00f783e1-c9c7-4d7b-8990-cb7de7cf55af
2018-03-16 17:17:12,804 | INFO | 1521217032.804663 | Notification | b47653ad-1afa-4626-9f85-e90b3c976e94
2018-03-16 17:17:12,804 | INFO | 1521217032.804663 | Notification | b3b3c7a5-2a5d-4386-8b77-108eef5dd87f
2018-03-16 17:17:12,820 | INFO | 1521217032.820288 | Notification | 957f7cc6-7109-43ee-b4b7-16905bf8b9cb
2018-03-16 17:17:12,820 | INFO | 1521217032.820288 | Notification | 561e1960-8810-4c4b-942a-c644ce3ac2fe
2018-03-16 17:17:12,710 | INFO | 1521217032.710901 | datastream | 75920f3d-ba1e-401b-90ea-97bb5a2d99ce
2018-03-16 17:17:12,820 | INFO | 1521217032.820288 | Notification | 4a02cb42-be69-4fb1-9415-72fa68bfa738
2018-03-16 17:17:12,710 | INFO | 1521217032.710901 | datastream | 130de070-4348-4258-9aa5-48ff79f43cde
2018-03-16 17:17:12,726 | INFO | 1521217032.726527 | datastream | d1a76151-fe57-4d36-84cf-e157104ffc98
2018-03-16 17:17:12,835 | INFO | 1521217032.835913 | Notification | 8e9d0814-171b-41e6-b6a0-0bf4443754fa
2018-03-16 17:17:12,835 | INFO | 1521217032.835913 | Notification | 85ff48b3-de57-41f9-8423-add2cba5a89c
2018-03-16 17:17:12,726 | INFO | 1521217032.726527 | datastream | 9e8267b9-b3de-4ec5-98fc-53c1a592f36d
2018-03-16 17:17:12,835 | INFO | 1521217032.835913 | Notification | 7dac1c83-f758-49ad-afc1-4b5e40ef7027
2018-03-16 17:17:12,726 | INFO | 1521217032.726527 | datastream | 0455d343-b94b-4db9-b0e7-5651aa07144f
2018-03-16 17:17:12,726 | INFO | 1521217032.726527 | datastream | 70a09054-b6d0-4b4f-975f-d60e4266ce84
2018-03-16 17:17:12,851 | INFO | 1521217032.851541 | Notification | dee3f012-3358-4697-8d1b-728d037ec723
2018-03-16 17:17:12,851 | INFO | 1521217032.851541 | Notification | 129017c6-6c86-49a1-a788-48736147c11e
2018-03-16 17:17:12,851 | INFO | 1521217032.851541 | Notification | a9a6ddd5-5a97-4321-99b4-5f836118b62f
2018-03-16 17:17:12,726 | INFO | 1521217032.726527 | datastream | ea65cea5-ea83-4ad0-9a8a-bba4b6c93085
2018-03-16 17:17:12,867 | INFO | 1521217032.867168 | Notification | 2109c6fa-8a60-430e-b19e-774bdc0cd8d6
2018-03-16 17:17:12,742 | INFO | 1521217032.742154 | datastream | 7139cece-03c2-4ab7-91e8-c8d1fe435b57
2018-03-16 17:17:12,867 | INFO | 1521217032.867168 | Notification | e8a72500-afd9-404e-b9c8-28c0ef4aec18
2018-03-16 17:17:12,742 | INFO | 1521217032.742154 | datastream | 00e61cc3-26ff-465b-be29-687700fbd398
2018-03-16 17:17:12,867 | INFO | 1521217032.867168 | Notification | 44d5239b-5feb-42e2-9031-aba44ce155ab
2018-03-16 17:17:12,742 | INFO | 1521217032.742154 | datastream | d5494a0c-05b4-497a-80f0-caa3eef9f83f
2018-03-16 17:17:12,742 | INFO | 1521217032.742154 | datastream | 6cd891ca-0515-41d8-ae8d-b483cfa5be53
2018-03-16 17:17:12,742 | INFO | 1521217032.742154 | datastream | ce9182fe-817e-491a-841a-19cd072108e3
2018-03-16 17:17:12,757 | INFO | 1521217032.757821 | datastream | 0aa3be83-0006-4e2d-9cbe-c6071437240f
2018-03-16 17:17:12,757 | INFO | 1521217032.757821 | datastream | eac0bd3c-4d0b-4ee2-b4e3-29999491e27e
2018-03-16 17:17:12,757 | INFO | 1521217032.757821 | datastream | 3727687b-1b9f-4b6f-8505-66dc2659f534
2018-03-16 17:17:12,757 | INFO | 1521217032.757821 | datastream | 17319496-8ce0-49a2-83bc-d2d06c72b812
2018-03-16 17:17:12,773 | INFO | 1521217032.773408 | datastream | 807c3209-50af-4279-94e2-fa3315a09b1b
2018-03-16 17:17:12,773 | INFO | 1521217032.773408 | datastream | bf01f6cf-b3d7-48a3-9f48-f78196225e5e
2018-03-16 17:17:12,882 | INFO | 1521217032.882794 | Notification | 148be4ee-af31-417c-8371-9b00cfa460e4
2018-03-16 17:17:12,773 | INFO | 1521217032.773408 | datastream | 268f4d16-2721-4204-a9da-7c288434fd7f
2018-03-16 17:17:12,882 | INFO | 1521217032.882794 | Notification | 70b3c767-9701-44cf-8d69-6ebe37072652
2018-03-16 17:17:12,882 | INFO | 1521217032.882794 | Notification | 75b0ca6d-5943-4a06-999b-8fde5b722de4
2018-03-16 17:17:12,882 | INFO | 1521217032.882794 | Notification | a0e26800-355e-4ce2-a1fb-4b0b9c137a2c
2018-03-16 17:17:12,882 | INFO | 1521217032.882794 | Notification | 31b02aa0-ce52-4d2c-bd54-af4df730d17b
2018-03-16 17:17:12,882 | INFO | 1521217032.882794 | Notification | b3d370dc-b1e7-483f-a774-1ecc15d62e0b
2018-03-16 17:17:12,773 | INFO | 1521217032.773408 | datastream | 15d6ec8e-c620-493a-bc67-7e93729a11fa
2018-03-16 17:17:12,882 | INFO | 1521217032.882794 | Notification | bd235f6b-cb00-4ab1-9a4d-80cd41e8370e
2018-03-16 17:17:12,898 | INFO | 1521217032.898437 | Notification | eb45ff52-a4ab-49ed-97db-cd7b12e9711e
2018-03-16 17:17:12,898 | INFO | 1521217032.898437 | Notification | d57cb22d-a698-4b49-bec8-3bb522815a2b
2018-03-16 17:17:12,898 | INFO | 1521217032.898437 | Notification | 3d8ae4f4-3962-478e-989f-59d000c60ce4
2018-03-16 17:17:12,898 | INFO | 1521217032.898437 | Notification | 787a8982-2818-49a2-b5d3-909267c1da52
2018-03-16 17:17:12,898 | INFO | 1521217032.898437 | Notification | 068f2747-beed-495a-96b8-eee60e321038
2018-03-16 17:17:12,898 | INFO | 1521217032.898437 | Notification | cfc2c96b-7f95-4326-b4ab-a2c5081d0d07
2018-03-16 17:17:12,898 | INFO | 1521217032.898437 | Notification | bfa59cd4-33a4-4e22-8a3b-b18c49b26025
2018-03-16 17:17:12,914 | INFO | 1521217032.914048 | Notification | 9e3c95f6-3011-4ec8-bb79-381e4c1347fb
2018-03-16 17:17:12,914 | INFO | 1521217032.914048 | Notification | c28483d1-c281-467a-a9c3-39e1175070f0
2018-03-16 17:17:12,914 | INFO | 1521217032.914048 | Notification | f9db7f3e-31e9-42ce-82ae-16dd68e6cb48
2018-03-16 17:17:12,914 | INFO | 1521217032.914048 | Notification | 1d723930-70d3-473a-bd0f-4a8b27c1ad20
2018-03-16 17:17:12,914 | INFO | 1521217032.914048 | Notification | 6e9b6296-8361-4233-8f39-fa5639e6fc73
2018-03-16 17:17:12,914 | INFO | 1521217032.914048 | Notification | 2edd44a0-4061-465a-ae37-b2231039e0c4
2018-03-16 17:17:12,914 | INFO | 1521217032.914048 | Notification | 8069eb78-7157-4ca3-9c18-58df9d38062a
2018-03-16 17:17:12,914 | INFO | 1521217032.914048 | Notification | b10dd38d-eb39-4ac7-9ac4-b66e68858a6b
2018-03-16 17:17:12,914 | INFO | 1521217032.914048 | Notification | 742ed0d1-45df-403a-a6c1-76c95351e96b
2018-03-16 17:17:12,789 | INFO | 1521217032.789071 | datastream | cc89816f-5c41-4704-90f9-d81f6fdc8c69
2018-03-16 17:17:12,929 | INFO | 1521217032.929678 | Notification | 80e7e4cb-792c-42ab-b7d8-168bee98afeb
2018-03-16 17:17:12,929 | INFO | 1521217032.929678 | Notification | 794091cc-458d-4c7b-aa58-694660e833b6
2018-03-16 17:17:12,804 | INFO | 1521217032.804663 | datastream | d44d8cfd-c3ac-453c-a588-3e5258a9db97
2018-03-16 17:17:12,929 | INFO | 1521217032.929678 | Notification | 6292ddf5-2b44-4357-b33b-0f481bc9ae3e
2018-03-16 17:17:12,804 | INFO | 1521217032.804663 | datastream | 0a8d1531-bd0a-4b10-aeac-e29faf3cb6e9
2018-03-16 17:17:12,804 | INFO | 1521217032.804663 | datastream | b3b3c7a5-2a5d-4386-8b77-108eef5dd87f
2018-03-16 17:17:12,945 | INFO | 1521217032.945303 | Notification | 5ecd374e-4c2a-402c-a41c-a07986414585
2018-03-16 17:17:12,804 | INFO | 1521217032.804663 | datastream | b47653ad-1afa-4626-9f85-e90b3c976e94
2018-03-16 17:17:12,820 | INFO | 1521217032.820288 | datastream | 957f7cc6-7109-43ee-b4b7-16905bf8b9cb
2018-03-16 17:17:12,960 | INFO | 1521217032.960927 | Notification | cef0f719-29d0-4833-bd3b-4f830921353a
2018-03-16 17:17:12,960 | INFO | 1521217032.960927 | Notification | 4894d086-b196-4cd3-81d1-215cb453a800
2018-03-16 17:17:12,820 | INFO | 1521217032.820288 | datastream | 561e1960-8810-4c4b-942a-c644ce3ac2fe
2018-03-16 17:17:12,960 | INFO | 1521217032.960927 | Notification | b8f39309-ecad-4327-a863-eb4417526c3c
2018-03-16 17:17:12,820 | INFO | 1521217032.820288 | datastream | 4a02cb42-be69-4fb1-9415-72fa68bfa738
2018-03-16 17:17:12,835 | INFO | 1521217032.835913 | datastream | 85ff48b3-de57-41f9-8423-add2cba5a89c
2018-03-16 17:17:12,976 | INFO | 1521217032.976554 | Notification | f327a3a7-2ce4-4110-87cf-f94820178b32
2018-03-16 17:17:12,976 | INFO | 1521217032.976554 | Notification | 6eface45-dc65-4647-b033-238d8a7adde9
2018-03-16 17:17:12,976 | INFO | 1521217032.976554 | Notification | deb589e6-486e-4575-9dc6-ea6953d5759e
2018-03-16 17:17:12,976 | INFO | 1521217032.976554 | Notification | e12ecbf7-261b-48c8-861f-24de38cab6e0
2018-03-16 17:17:12,976 | INFO | 1521217032.976554 | Notification | 9dcbda0d-c918-4bb3-aa5f-bea9d4fc17c4
2018-03-16 17:17:12,835 | INFO | 1521217032.835913 | datastream | 8e9d0814-171b-41e6-b6a0-0bf4443754fa
2018-03-16 17:17:12,992 | INFO | 1521217032.992181 | Notification | 88ed66dd-108a-4824-b608-97c46ad25634
2018-03-16 17:17:12,992 | INFO | 1521217032.992181 | Notification | 57e69ef3-f129-4977-a440-c80beedc6ddd
2018-03-16 17:17:12,992 | INFO | 1521217032.992181 | Notification | e417e9ba-64f0-4402-bcd5-bf0c93594ba2
2018-03-16 17:17:12,992 | INFO | 1521217032.992181 | Notification | a1832c99-b336-49af-9fdc-2a616372f7ab
2018-03-16 17:17:12,835 | INFO | 1521217032.835913 | datastream | 7dac1c83-f758-49ad-afc1-4b5e40ef7027
2018-03-16 17:17:12,992 | INFO | 1521217032.992181 | Notification | 55b6c586-ca25-43b1-a580-356af2b78472
2018-03-16 17:17:12,992 | INFO | 1521217032.992181 | Notification | 6a750adf-9770-48cd-b53f-37028987925d
2018-03-16 17:17:12,835 | INFO | 1521217032.835913 | datastream | dee3f012-3358-4697-8d1b-728d037ec723
2018-03-16 17:17:12,851 | INFO | 1521217032.851541 | datastream | 129017c6-6c86-49a1-a788-48736147c11e
2018-03-16 17:17:12,851 | INFO | 1521217032.851541 | datastream | a9a6ddd5-5a97-4321-99b4-5f836118b62f
2018-03-16 17:17:12,851 | INFO | 1521217032.851541 | datastream | 2109c6fa-8a60-430e-b19e-774bdc0cd8d6
2018-03-16 17:17:12,851 | INFO | 1521217032.851541 | datastream | e8a72500-afd9-404e-b9c8-28c0ef4aec18
2018-03-16 17:17:12,851 | INFO | 1521217032.851541 | datastream | 44d5239b-5feb-42e2-9031-aba44ce155ab
2018-03-16 17:17:12,867 | INFO | 1521217032.867168 | datastream | 75b0ca6d-5943-4a06-999b-8fde5b722de4
2018-03-16 17:17:12,867 | INFO | 1521217032.867168 | datastream | a0e26800-355e-4ce2-a1fb-4b0b9c137a2c
2018-03-16 17:17:12,867 | INFO | 1521217032.867168 | datastream | 31b02aa0-ce52-4d2c-bd54-af4df730d17b
2018-03-16 17:17:12,867 | INFO | 1521217032.867168 | datastream | 70b3c767-9701-44cf-8d69-6ebe37072652
2018-03-16 17:17:13,007 | INFO | 1521217033.007808 | Notification | 5703d959-7003-45f9-8259-52cf88b3c158
2018-03-16 17:17:12,867 | INFO | 1521217032.867168 | datastream | 148be4ee-af31-417c-8371-9b00cfa460e4
2018-03-16 17:17:13,023 | INFO | 1521217033.023436 | Notification | 11a58bd9-854c-442d-8643-2265c8c0ecc6
2018-03-16 17:17:13,023 | INFO | 1521217033.023436 | Notification | 32838221-53b0-4ea3-bfaf-178267377d3e
2018-03-16 17:17:12,882 | INFO | 1521217032.882794 | datastream | b3d370dc-b1e7-483f-a774-1ecc15d62e0b
2018-03-16 17:17:13,023 | INFO | 1521217033.023436 | Notification | 76f3f783-e6e3-447b-93e3-8fec8b7e1d5e
2018-03-16 17:17:13,023 | INFO | 1521217033.023436 | Notification | 233c27c8-01ce-4aa2-80cd-983eb37ea469
2018-03-16 17:17:13,023 | INFO | 1521217033.023436 | Notification | 3931ed14-eda2-4dca-8785-896b342edbb1
2018-03-16 17:17:13,023 | INFO | 1521217033.023436 | Notification | f7494a6e-daea-4aa4-9047-5b581d5a4782
2018-03-16 17:17:13,023 | INFO | 1521217033.023436 | Notification | 30a955ef-cb53-4e59-ad5d-9fa6f94f0acd
2018-03-16 17:17:13,039 | INFO | 1521217033.039063 | Notification | 51d7b217-656b-41a7-974b-b67777da92bb
2018-03-16 17:17:13,039 | INFO | 1521217033.039063 | Notification | f279cea7-ba8c-43aa-a997-d2b5dbb58d57
2018-03-16 17:17:13,039 | INFO | 1521217033.039063 | Notification | 91e289d7-8c26-4eec-b1a7-7e8c77e52235
2018-03-16 17:17:13,039 | INFO | 1521217033.039063 | Notification | 64f1a388-24d0-4c0a-8679-864615fafa32
2018-03-16 17:17:13,039 | INFO | 1521217033.039063 | Notification | ae991af9-ce79-48a6-9322-d37c21210d5c
2018-03-16 17:17:13,039 | INFO | 1521217033.039063 | Notification | e57ea468-1018-4efa-a8e0-fe1c89368273
2018-03-16 17:17:13,039 | INFO | 1521217033.039063 | Notification | 90bb3fb9-2e68-44ca-a491-fbbcf79b5413
2018-03-16 17:17:12,882 | INFO | 1521217032.882794 | datastream | bd235f6b-cb00-4ab1-9a4d-80cd41e8370e
2018-03-16 17:17:12,882 | INFO | 1521217032.882794 | datastream | eb45ff52-a4ab-49ed-97db-cd7b12e9711e
2018-03-16 17:17:12,882 | INFO | 1521217032.882794 | datastream | d57cb22d-a698-4b49-bec8-3bb522815a2b
2018-03-16 17:17:13,039 | INFO | 1521217033.039063 | Notification | 2fbb406f-66e7-43e9-958c-3f2be8ea0810
2018-03-16 17:17:12,898 | INFO | 1521217032.898437 | datastream | c28483d1-c281-467a-a9c3-39e1175070f0
2018-03-16 17:17:13,039 | INFO | 1521217033.039063 | Notification | 8f894e80-998c-4019-b08a-f7d317b04103
2018-03-16 17:17:12,898 | INFO | 1521217032.898437 | datastream | 8069eb78-7157-4ca3-9c18-58df9d38062a
2018-03-16 17:17:12,898 | INFO | 1521217032.898437 | datastream | 2edd44a0-4061-465a-ae37-b2231039e0c4
2018-03-16 17:17:12,898 | INFO | 1521217032.898437 | datastream | 1d723930-70d3-473a-bd0f-4a8b27c1ad20
2018-03-16 17:17:12,898 | INFO | 1521217032.898437 | datastream | b10dd38d-eb39-4ac7-9ac4-b66e68858a6b
2018-03-16 17:17:12,898 | INFO | 1521217032.898437 | datastream | 742ed0d1-45df-403a-a6c1-76c95351e96b
2018-03-16 17:17:12,898 | INFO | 1521217032.898437 | datastream | 9e3c95f6-3011-4ec8-bb79-381e4c1347fb
2018-03-16 17:17:12,898 | INFO | 1521217032.898437 | datastream | bfa59cd4-33a4-4e22-8a3b-b18c49b26025
2018-03-16 17:17:12,898 | INFO | 1521217032.898437 | datastream | 068f2747-beed-495a-96b8-eee60e321038
2018-03-16 17:17:12,914 | INFO | 1521217032.914048 | datastream | 787a8982-2818-49a2-b5d3-909267c1da52
2018-03-16 17:17:12,914 | INFO | 1521217032.914048 | datastream | 6e9b6296-8361-4233-8f39-fa5639e6fc73
2018-03-16 17:17:12,914 | INFO | 1521217032.914048 | datastream | f9db7f3e-31e9-42ce-82ae-16dd68e6cb48
2018-03-16 17:17:13,039 | INFO | 1521217033.039063 | Notification | 06f50cde-1caa-47a1-8111-89e59002f7f0
2018-03-16 17:17:12,914 | INFO | 1521217032.914048 | datastream | cfc2c96b-7f95-4326-b4ab-a2c5081d0d07
2018-03-16 17:17:12,914 | INFO | 1521217032.914048 | datastream | 3d8ae4f4-3962-478e-989f-59d000c60ce4
2018-03-16 17:17:12,929 | INFO | 1521217032.929678 | datastream | 80e7e4cb-792c-42ab-b7d8-168bee98afeb
2018-03-16 17:17:13,039 | INFO | 1521217033.039063 | Notification | bde0dd60-c168-4c22-867e-bced152d3f92
2018-03-16 17:17:12,929 | INFO | 1521217032.929678 | datastream | 794091cc-458d-4c7b-aa58-694660e833b6
2018-03-16 17:17:12,929 | INFO | 1521217032.929678 | datastream | 6292ddf5-2b44-4357-b33b-0f481bc9ae3e
2018-03-16 17:17:13,054 | INFO | 1521217033.054688 | Notification | e0fdcc31-b428-4fcc-8bbd-6a744422d7b3
2018-03-16 17:17:12,945 | INFO | 1521217032.945303 | datastream | 5ecd374e-4c2a-402c-a41c-a07986414585
2018-03-16 17:17:12,945 | INFO | 1521217032.945303 | datastream | cef0f719-29d0-4833-bd3b-4f830921353a
2018-03-16 17:17:12,945 | INFO | 1521217032.945303 | datastream | 4894d086-b196-4cd3-81d1-215cb453a800

2018-03-16 17:17:12,960 | INFO | 1521217032.960927 | datastream | b8f39309-ecad-4327-a863-eb4417526c3c
2018-03-16 17:17:12,976 | INFO | 1521217032.976554 | datastream | e12ecbf7-261b-48c8-861f-24de38cab6e0
2018-03-16 17:17:12,976 | INFO | 1521217032.976554 | datastream | 6eface45-dc65-4647-b033-238d8a7adde9
2018-03-16 17:17:12,976 | INFO | 1521217032.976554 | datastream | deb589e6-486e-4575-9dc6-ea6953d5759e
2018-03-16 17:17:12,976 | INFO | 1521217032.976554 | datastream | f327a3a7-2ce4-4110-87cf-f94820178b32
2018-03-16 17:17:12,976 | INFO | 1521217032.976554 | datastream | 9dcbda0d-c918-4bb3-aa5f-bea9d4fc17c4
2018-03-16 17:17:12,992 | INFO | 1521217032.992181 | datastream | 88ed66dd-108a-4824-b608-97c46ad25634
2018-03-16 17:17:12,992 | INFO | 1521217032.992181 | datastream | 55b6c586-ca25-43b1-a580-356af2b78472
2018-03-16 17:17:12,992 | INFO | 1521217032.992181 | datastream | 57e69ef3-f129-4977-a440-c80beedc6ddd
2018-03-16 17:17:12,992 | INFO | 1521217032.992181 | datastream | 6a750adf-9770-48cd-b53f-37028987925d
2018-03-16 17:17:12,992 | INFO | 1521217032.992181 | datastream | e417e9ba-64f0-4402-bcd5-bf0c93594ba2
2018-03-16 17:17:13,007 | INFO | 1521217033.007808 | datastream | a1832c99-b336-49af-9fdc-2a616372f7ab
2018-03-16 17:17:13,007 | INFO | 1521217033.007808 | datastream | 5703d959-7003-45f9-8259-52cf88b3c158
2018-03-16 17:17:13,007 | INFO | 1521217033.007808 | datastream | 11a58bd9-854c-442d-8643-2265c8c0ecc6
2018-03-16 17:17:13,007 | INFO | 1521217033.007808 | datastream | 233c27c8-01ce-4aa2-80cd-983eb37ea469
2018-03-16 17:17:13,023 | INFO | 1521217033.023436 | datastream | 32838221-53b0-4ea3-bfaf-178267377d3e
2018-03-16 17:17:13,023 | INFO | 1521217033.023436 | datastream | 76f3f783-e6e3-447b-93e3-8fec8b7e1d5e
2018-03-16 17:17:13,023 | INFO | 1521217033.023436 | datastream | f7494a6e-daea-4aa4-9047-5b581d5a4782
2018-03-16 17:17:13,023 | INFO | 1521217033.023436 | datastream | 3931ed14-eda2-4dca-8785-896b342edbb1
2018-03-16 17:17:13,023 | INFO | 1521217033.023436 | datastream | 30a955ef-cb53-4e59-ad5d-9fa6f94f0acd
2018-03-16 17:17:13,023 | INFO | 1521217033.023436 | datastream | f279cea7-ba8c-43aa-a997-d2b5dbb58d57
2018-03-16 17:17:13,023 | INFO | 1521217033.023436 | datastream | 51d7b217-656b-41a7-974b-b67777da92bb
2018-03-16 17:17:13,101 | INFO | 1521217033.101637 | Notification | 3f7b7011-9153-4e4e-a6c3-b4056e1bc540
2018-03-16 17:17:13,023 | INFO | 1521217033.023436 | datastream | 91e289d7-8c26-4eec-b1a7-7e8c77e52235
2018-03-16 17:17:13,132 | INFO | 1521217033.132826 | Notification | 64a0de90-7e67-4be9-900f-f5b5fa4f789c
2018-03-16 17:17:13,132 | INFO | 1521217033.132826 | Notification | 09b822dd-ba3d-461b-8621-817591bae551
2018-03-16 17:17:13,148 | INFO | 1521217033.148447 | Notification | da2c36c2-53fd-47cc-b63a-b049f001f590
2018-03-16 17:17:13,148 | INFO | 1521217033.148447 | Notification | f7ba7e1d-2f80-4a36-9ba4-4da2df6637f0
2018-03-16 17:17:13,148 | INFO | 1521217033.148447 | Notification | 34de53ca-c804-4664-90fe-32e5b52b2de4
2018-03-16 17:17:13,023 | INFO | 1521217033.023436 | datastream | 8f894e80-998c-4019-b08a-f7d317b04103
2018-03-16 17:17:13,164 | INFO | 1521217033.164075 | Notification | de1033f4-bd29-4a44-b8f7-c81008433261
2018-03-16 17:17:13,164 | INFO | 1521217033.164075 | Notification | 308b1512-888c-466e-a78d-ef7737c71bdf
2018-03-16 17:17:13,164 | INFO | 1521217033.164075 | Notification | 415e5ca5-ac39-4f4f-acb0-993edc538fb6
2018-03-16 17:17:13,039 | INFO | 1521217033.039063 | datastream | bde0dd60-c168-4c22-867e-bced152d3f92
2018-03-16 17:17:13,179 | INFO | 1521217033.179701 | Notification | 1626a269-2464-4408-8bac-b40a9985b01d
2018-03-16 17:17:13,039 | INFO | 1521217033.039063 | datastream | 90bb3fb9-2e68-44ca-a491-fbbcf79b5413
2018-03-16 17:17:13,179 | INFO | 1521217033.179701 | Notification | cf0cf0d4-80c0-40a1-aa67-055c7a814813
2018-03-16 17:17:13,179 | INFO | 1521217033.179701 | Notification | d6c9e3d9-37ce-46cb-b6e9-67bc71cea169
2018-03-16 17:17:13,039 | INFO | 1521217033.039063 | datastream | 2fbb406f-66e7-43e9-958c-3f2be8ea0810
2018-03-16 17:17:13,195 | INFO | 1521217033.195327 | Notification | 06f78099-7b01-402b-a635-13951870bb9c
2018-03-16 17:17:13,039 | INFO | 1521217033.039063 | datastream | f3c99362-0400-4f0c-9544-e33e78b59607
2018-03-16 17:17:13,195 | INFO | 1521217033.195327 | Notification | f528d268-9455-456e-8a48-6c9b3247f0ae
2018-03-16 17:17:13,195 | INFO | 1521217033.195327 | Notification | cdb922ad-9dc0-44ba-8444-71103cafb48b
2018-03-16 17:17:13,210 | INFO | 1521217033.210962 | Notification | f6c2ee83-bc45-4ad8-9ead-fd3aef8ed17e
2018-03-16 17:17:13,210 | INFO | 1521217033.210962 | Notification | 6feb0243-cd98-4f2d-8bca-4520ac0db2b4
2018-03-16 17:17:13,210 | INFO | 1521217033.210962 | Notification | 552ae631-4a39-4540-ad9a-f058c7ec9a9b
2018-03-16 17:17:13,210 | INFO | 1521217033.210962 | Notification | 5f4de64c-e515-44de-8181-fb2fe3fc8ff3
2018-03-16 17:17:13,039 | INFO | 1521217033.039063 | datastream | e57ea468-1018-4efa-a8e0-fe1c89368273
2018-03-16 17:17:13,039 | INFO | 1521217033.039063 | datastream | 06f50cde-1caa-47a1-8111-89e59002f7f0
2018-03-16 17:17:13,226 | INFO | 1521217033.226581 | Notification | 15b689c7-4219-4ee1-b1f7-efd3e3f63257
2018-03-16 17:17:13,242 | INFO | 1521217033.242208 | Notification | dbd0809e-1c3e-461a-8be9-c3081361a5df
2018-03-16 17:17:13,242 | INFO | 1521217033.242208 | Notification | 465c9809-627a-44f0-9166-338d80d8c200
2018-03-16 17:17:13,039 | INFO | 1521217033.039063 | datastream | 64f1a388-24d0-4c0a-8679-864615fafa32
2018-03-16 17:17:13,242 | INFO | 1521217033.242208 | Notification | 20c89a32-f1b4-4266-84b0-8d82eeb55a82
2018-03-16 17:17:13,257 | INFO | 1521217033.257834 | Notification | 5ed72e6d-5f86-44a0-8583-28a248e0d1ab
2018-03-16 17:17:13,257 | INFO | 1521217033.257834 | Notification | 93906076-f05a-4994-8bdb-4f5cab47a004
2018-03-16 17:17:13,039 | INFO | 1521217033.039063 | datastream | e0fdcc31-b428-4fcc-8bbd-6a744422d7b3
2018-03-16 17:17:13,039 | INFO | 1521217033.039063 | datastream | ae991af9-ce79-48a6-9322-d37c21210d5c
2018-03-16 17:17:13,304 | INFO | 1521217033.304715 | Notification | 82bda1a7-a7eb-45eb-abf4-e228d7cddd64
2018-03-16 17:17:13,117 | INFO | 1521217033.117195 | datastream | 3f7b7011-9153-4e4e-a6c3-b4056e1bc540
2018-03-16 17:17:13,132 | INFO | 1521217033.132826 | datastream | 09b822dd-ba3d-461b-8621-817591bae551
2018-03-16 17:17:13,148 | INFO | 1521217033.148447 | datastream | da2c36c2-53fd-47cc-b63a-b049f001f590
2018-03-16 17:17:13,148 | INFO | 1521217033.148447 | datastream | 64a0de90-7e67-4be9-900f-f5b5fa4f789c
2018-03-16 17:17:13,304 | INFO | 1521217033.304715 | Notification | c723df13-0ad9-4577-8cb8-e43589cb1c3d
2018-03-16 17:17:13,320 | INFO | 1521217033.320342 | Notification | a428c5bd-e36e-478b-be99-2c8f5bed1e28
2018-03-16 17:17:13,148 | INFO | 1521217033.148447 | datastream | 34de53ca-c804-4664-90fe-32e5b52b2de4
2018-03-16 17:17:13,320 | INFO | 1521217033.320342 | Notification | 95d25734-9577-477a-ba7f-a26bacc5f438
2018-03-16 17:17:13,320 | INFO | 1521217033.320342 | Notification | 1f57a7c6-8fda-4607-a3a5-f101509a6cbe
2018-03-16 17:17:13,320 | INFO | 1521217033.320342 | Notification | 13dfd2fe-681f-446c-9e23-a16bfee4ddef
2018-03-16 17:17:13,320 | INFO | 1521217033.320342 | Notification | 4e6a3015-f4b1-4132-af76-d3a32895bdc0
2018-03-16 17:17:13,320 | INFO | 1521217033.320342 | Notification | d13c870f-ca18-44bc-a532-66f9d620ac5c
2018-03-16 17:17:13,320 | INFO | 1521217033.320342 | Notification | 8081323b-11f1-490c-a523-40e2f9a074d9
2018-03-16 17:17:13,335 | INFO | 1521217033.335967 | Notification | ce0dcccb-d6de-43ee-a20d-bbf53601f02e
2018-03-16 17:17:13,335 | INFO | 1521217033.335967 | Notification | 541a6fe2-223a-401c-904e-2e3342bdea81
2018-03-16 17:17:13,335 | INFO | 1521217033.335967 | Notification | 1399c15e-3ff6-4401-921c-8e1b849a4212
2018-03-16 17:17:13,335 | INFO | 1521217033.335967 | Notification | f9b6daac-bd97-4d36-8b9f-448a4daa9462
2018-03-16 17:17:13,148 | INFO | 1521217033.148447 | datastream | f7ba7e1d-2f80-4a36-9ba4-4da2df6637f0
2018-03-16 17:17:13,164 | INFO | 1521217033.164075 | datastream | de1033f4-bd29-4a44-b8f7-c81008433261
2018-03-16 17:17:13,335 | INFO | 1521217033.335967 | Notification | 0f278a01-70ca-4d0c-8488-c3d65f47a2c4
2018-03-16 17:17:13,335 | INFO | 1521217033.335967 | Notification | 84bfa1bc-e478-4e59-a8d5-634e79e65981
2018-03-16 17:17:13,335 | INFO | 1521217033.335967 | Notification | 969e22ce-f1cb-44e9-a10a-871effc91a6a
2018-03-16 17:17:13,335 | INFO | 1521217033.335967 | Notification | f9814910-3dae-4203-88cc-e7f76fefec0e
2018-03-16 17:17:13,335 | INFO | 1521217033.335967 | Notification | cf4c0830-2619-4211-999e-d33b2b657128
2018-03-16 17:17:13,164 | INFO | 1521217033.164075 | datastream | 415e5ca5-ac39-4f4f-acb0-993edc538fb6
2018-03-16 17:17:13,164 | INFO | 1521217033.164075 | datastream | 308b1512-888c-466e-a78d-ef7737c71bdf
2018-03-16 17:17:13,351 | INFO | 1521217033.351594 | Notification | c5db5f61-88a0-4738-8ed0-4f2548f3cc17
2018-03-16 17:17:13,351 | INFO | 1521217033.351594 | Notification | 49ce10eb-2a61-4c0a-80c3-0bc12338ae03
2018-03-16 17:17:13,179 | INFO | 1521217033.179701 | datastream | 1626a269-2464-4408-8bac-b40a9985b01d
2018-03-16 17:17:13,179 | INFO | 1521217033.179701 | datastream | d6c9e3d9-37ce-46cb-b6e9-67bc71cea169
2018-03-16 17:17:13,179 | INFO | 1521217033.179701 | datastream | cf0cf0d4-80c0-40a1-aa67-055c7a814813
2018-03-16 17:17:13,195 | INFO | 1521217033.195327 | datastream | 06f78099-7b01-402b-a635-13951870bb9c
2018-03-16 17:17:13,195 | INFO | 1521217033.195327 | datastream | f528d268-9455-456e-8a48-6c9b3247f0ae
2018-03-16 17:17:13,210 | INFO | 1521217033.210962 | datastream | cdb922ad-9dc0-44ba-8444-71103cafb48b
2018-03-16 17:17:13,210 | INFO | 1521217033.210962 | datastream | f6c2ee83-bc45-4ad8-9ead-fd3aef8ed17e
2018-03-16 17:17:13,351 | INFO | 1521217033.351594 | Notification | 3a56b18c-8b80-442a-ab83-afe658d0ac41
2018-03-16 17:17:13,351 | INFO | 1521217033.351594 | Notification | da48f0b5-be9f-4ef8-82b0-eddeeb0382d9
2018-03-16 17:17:13,210 | INFO | 1521217033.210962 | datastream | 5f4de64c-e515-44de-8181-fb2fe3fc8ff3
2018-03-16 17:17:13,210 | INFO | 1521217033.210962 | datastream | 6feb0243-cd98-4f2d-8bca-4520ac0db2b4
2018-03-16 17:17:13,367 | INFO | 1521217033.367220 | Notification | d746f851-db6a-4389-b471-8e04a67cb3e4
2018-03-16 17:17:13,367 | INFO | 1521217033.367220 | Notification | 4d0e5cee-c61d-413c-9b31-68ec914a9934
2018-03-16 17:17:13,226 | INFO | 1521217033.226581 | datastream | 552ae631-4a39-4540-ad9a-f058c7ec9a9b
2018-03-16 17:17:13,242 | INFO | 1521217033.242208 | datastream | 15b689c7-4219-4ee1-b1f7-efd3e3f63257
2018-03-16 17:17:13,367 | INFO | 1521217033.367220 | Notification | a8ff7b9f-7b84-4d01-96bc-5228a548ee71
2018-03-16 17:17:13,367 | INFO | 1521217033.367220 | Notification | 8a54d194-1464-4604-a2ca-f89dadbbd8e7
2018-03-16 17:17:13,242 | INFO | 1521217033.242208 | datastream | dbd0809e-1c3e-461a-8be9-c3081361a5df
2018-03-16 17:17:13,367 | INFO | 1521217033.367220 | Notification | d94c51e1-d29f-4706-8133-f556e2efb19b
2018-03-16 17:17:13,367 | INFO | 1521217033.367220 | Notification | f740c37f-8242-4e6d-af66-55b070ba2dce
2018-03-16 17:17:13,367 | INFO | 1521217033.367220 | Notification | e3996164-255e-476c-8896-229761215f84
2018-03-16 17:17:13,367 | INFO | 1521217033.367220 | Notification | 0356fcea-5392-4d37-b13c-9a2f4ddf8c97
2018-03-16 17:17:13,367 | INFO | 1521217033.367220 | Notification | 720b365e-0861-4196-8e38-36fcc9d6badd
2018-03-16 17:17:13,382 | INFO | 1521217033.382847 | Notification | 238a77eb-2f64-4b3c-b297-98abbd740888
2018-03-16 17:17:13,382 | INFO | 1521217033.382847 | Notification | 2a751839-4650-4da9-a1f5-eda3b33b11f0
2018-03-16 17:17:13,382 | INFO | 1521217033.382847 | Notification | f3900b20-b6d6-43c4-bfda-910a5587112d
2018-03-16 17:17:13,382 | INFO | 1521217033.382847 | Notification | 8c7a561c-29ff-4805-bfe1-b317f8549fae
2018-03-16 17:17:13,242 | INFO | 1521217033.242208 | datastream | 20c89a32-f1b4-4266-84b0-8d82eeb55a82
2018-03-16 17:17:13,257 | INFO | 1521217033.257834 | datastream | 465c9809-627a-44f0-9166-338d80d8c200
2018-03-16 17:17:13,273 | INFO | 1521217033.273460 | datastream | 93906076-f05a-4994-8bdb-4f5cab47a004
2018-03-16 17:17:13,382 | INFO | 1521217033.382847 | Notification | 095ac790-ffb2-4d47-9b89-da56f609c8fb
2018-03-16 17:17:13,382 | INFO | 1521217033.382847 | Notification | 1b4bc4ca-8c96-4703-97fe-8bc289d1678f
2018-03-16 17:17:13,382 | INFO | 1521217033.382847 | Notification | 32ac2da8-447f-4753-a77d-7bc3c0a1ae58
2018-03-16 17:17:13,273 | INFO | 1521217033.273460 | datastream | 5ed72e6d-5f86-44a0-8583-28a248e0d1ab
2018-03-16 17:17:13,304 | INFO | 1521217033.304715 | datastream | 82bda1a7-a7eb-45eb-abf4-e228d7cddd64
2018-03-16 17:17:13,304 | INFO | 1521217033.304715 | datastream | c723df13-0ad9-4577-8cb8-e43589cb1c3d
2018-03-16 17:17:13,398 | INFO | 1521217033.398474 | Notification | 6054d757-5a42-4013-906b-30c2fd4f7ae6
2018-03-16 17:17:13,398 | INFO | 1521217033.398474 | Notification | 12dc1290-1eb5-4f35-8cb8-10123e9a26c7
2018-03-16 17:17:13,398 | INFO | 1521217033.398474 | Notification | fdb440c2-6ee4-471d-8a7b-5b2fbc0b8f86
2018-03-16 17:17:13,304 | INFO | 1521217033.304715 | datastream | 95d25734-9577-477a-ba7f-a26bacc5f438
2018-03-16 17:17:13,320 | INFO | 1521217033.320342 | datastream | 13dfd2fe-681f-446c-9e23-a16bfee4ddef
2018-03-16 17:17:13,320 | INFO | 1521217033.320342 | datastream | 1f57a7c6-8fda-4607-a3a5-f101509a6cbe
2018-03-16 17:17:13,320 | INFO | 1521217033.320342 | datastream | a428c5bd-e36e-478b-be99-2c8f5bed1e28
2018-03-16 17:17:13,320 | INFO | 1521217033.320342 | datastream | 4e6a3015-f4b1-4132-af76-d3a32895bdc0
2018-03-16 17:17:13,320 | INFO | 1521217033.320342 | datastream | 8081323b-11f1-490c-a523-40e2f9a074d9
2018-03-16 17:17:13,320 | INFO | 1521217033.320342 | datastream | d13c870f-ca18-44bc-a532-66f9d620ac5c
2018-03-16 17:17:13,320 | INFO | 1521217033.320342 | datastream | ce0dcccb-d6de-43ee-a20d-bbf53601f02e
2018-03-16 17:17:13,320 | INFO | 1521217033.320342 | datastream | 541a6fe2-223a-401c-904e-2e3342bdea81
2018-03-16 17:17:13,398 | INFO | 1521217033.398474 | Notification | dd33ec5e-0176-44bb-aff3-c01fe6b969a1
2018-03-16 17:17:13,335 | INFO | 1521217033.335967 | datastream | 1399c15e-3ff6-4401-921c-8e1b849a4212
2018-03-16 17:17:13,335 | INFO | 1521217033.335967 | datastream | 969e22ce-f1cb-44e9-a10a-871effc91a6a
2018-03-16 17:17:13,335 | INFO | 1521217033.335967 | datastream | 84bfa1bc-e478-4e59-a8d5-634e79e65981
2018-03-16 17:17:13,398 | INFO | 1521217033.398474 | Notification | a389a6f0-e079-4dc2-82d5-b92a112920c2
2018-03-16 17:17:13,398 | INFO | 1521217033.398474 | Notification | 50d8ab76-17e4-4293-8ba0-97d038ccc28d
2018-03-16 17:17:13,335 | INFO | 1521217033.335967 | datastream | f9b6daac-bd97-4d36-8b9f-448a4daa9462
2018-03-16 17:17:13,398 | INFO | 1521217033.398474 | Notification | 9ff39deb-6103-47e8-af50-c9a9d985e300
2018-03-16 17:17:13,414 | INFO | 1521217033.414101 | Notification | d3b7ef11-5d62-497d-9137-e7d55cbd2ee7
2018-03-16 17:17:13,335 | INFO | 1521217033.335967 | datastream | f9814910-3dae-4203-88cc-e7f76fefec0e
2018-03-16 17:17:13,335 | INFO | 1521217033.335967 | datastream | 0f278a01-70ca-4d0c-8488-c3d65f47a2c4
2018-03-16 17:17:13,335 | INFO | 1521217033.335967 | datastream | cf4c0830-2619-4211-999e-d33b2b657128
2018-03-16 17:17:13,335 | INFO | 1521217033.335967 | datastream | c5db5f61-88a0-4738-8ed0-4f2548f3cc17
2018-03-16 17:17:13,335 | INFO | 1521217033.335967 | datastream | 49ce10eb-2a61-4c0a-80c3-0bc12338ae03
2018-03-16 17:17:13,351 | INFO | 1521217033.351594 | datastream | 3a56b18c-8b80-442a-ab83-afe658d0ac41
2018-03-16 17:17:13,351 | INFO | 1521217033.351594 | datastream | da48f0b5-be9f-4ef8-82b0-eddeeb0382d9
2018-03-16 17:17:13,351 | INFO | 1521217033.351594 | datastream | 4d0e5cee-c61d-413c-9b31-68ec914a9934
2018-03-16 17:17:13,351 | INFO | 1521217033.351594 | datastream | d746f851-db6a-4389-b471-8e04a67cb3e4
2018-03-16 17:17:13,367 | INFO | 1521217033.367220 | datastream | a8ff7b9f-7b84-4d01-96bc-5228a548ee71
2018-03-16 17:17:13,367 | INFO | 1521217033.367220 | datastream | 8a54d194-1464-4604-a2ca-f89dadbbd8e7
2018-03-16 17:17:13,367 | INFO | 1521217033.367220 | datastream | f740c37f-8242-4e6d-af66-55b070ba2dce
2018-03-16 17:17:13,367 | INFO | 1521217033.367220 | datastream | d94c51e1-d29f-4706-8133-f556e2efb19b
2018-03-16 17:17:13,367 | INFO | 1521217033.367220 | datastream | e3996164-255e-476c-8896-229761215f84
2018-03-16 17:17:13,367 | INFO | 1521217033.367220 | datastream | 0356fcea-5392-4d37-b13c-9a2f4ddf8c97
2018-03-16 17:17:13,367 | INFO | 1521217033.367220 | datastream | f3900b20-b6d6-43c4-bfda-910a5587112d
2018-03-16 17:17:13,367 | INFO | 1521217033.367220 | datastream | 2a751839-4650-4da9-a1f5-eda3b33b11f0
2018-03-16 17:17:13,445 | INFO | 1521217033.445354 | Notification | 17939491-2cb7-41d6-aee1-77823ef0dd91
2018-03-16 17:17:13,367 | INFO | 1521217033.367220 | datastream | 12dc1290-1eb5-4f35-8cb8-10123e9a26c7
2018-03-16 17:17:13,382 | INFO | 1521217033.382847 | datastream | 720b365e-0861-4196-8e38-36fcc9d6badd
2018-03-16 17:17:13,382 | INFO | 1521217033.382847 | datastream | 095ac790-ffb2-4d47-9b89-da56f609c8fb
2018-03-16 17:17:13,382 | INFO | 1521217033.382847 | datastream | 1b4bc4ca-8c96-4703-97fe-8bc289d1678f
2018-03-16 17:17:13,382 | INFO | 1521217033.382847 | datastream | 32ac2da8-447f-4753-a77d-7bc3c0a1ae58
2018-03-16 17:17:13,382 | INFO | 1521217033.382847 | datastream | 8c7a561c-29ff-4805-bfe1-b317f8549fae
2018-03-16 17:17:13,382 | INFO | 1521217033.382847 | datastream | 238a77eb-2f64-4b3c-b297-98abbd740888
2018-03-16 17:17:13,382 | INFO | 1521217033.382847 | datastream | 6054d757-5a42-4013-906b-30c2fd4f7ae6
2018-03-16 17:17:13,382 | INFO | 1521217033.382847 | datastream | fdb440c2-6ee4-471d-8a7b-5b2fbc0b8f86
2018-03-16 17:17:13,382 | INFO | 1521217033.382847 | datastream | dd33ec5e-0176-44bb-aff3-c01fe6b969a1
2018-03-16 17:17:13,398 | INFO | 1521217033.398474 | datastream | 50d8ab76-17e4-4293-8ba0-97d038ccc28d
2018-03-16 17:17:13,398 | INFO | 1521217033.398474 | datastream | a389a6f0-e079-4dc2-82d5-b92a112920c2
2018-03-16 17:17:13,445 | INFO | 1521217033.445354 | Notification | 71934ab5-6991-4f91-b1f1-90190d2b0d06
2018-03-16 17:17:13,398 | INFO | 1521217033.398474 | datastream | 9ff39deb-6103-47e8-af50-c9a9d985e300
2018-03-16 17:17:13,445 | INFO | 1521217033.445354 | Notification | 4c17c667-a1de-47ba-a502-d8fc8c6a2e30
2018-03-16 17:17:13,398 | INFO | 1521217033.398474 | datastream | d3b7ef11-5d62-497d-9137-e7d55cbd2ee7
2018-03-16 17:17:13,445 | INFO | 1521217033.445354 | datastream | 71934ab5-6991-4f91-b1f1-90190d2b0d06
2018-03-16 17:17:13,445 | INFO | 1521217033.445354 | datastream | 4c17c667-a1de-47ba-a502-d8fc8c6a2e30
2018-03-16 17:17:13,632 | INFO | 1521217033.632880 | Notification | 401fe794-791d-47c5-bcad-6d695e98a30e
2018-03-16 17:17:13,632 | INFO | 1521217033.632880 | datastream | 401fe794-791d-47c5-bcad-6d695e98a30e
2018-03-16 17:17:14,007 | INFO | 1521217034.007970 | datastream | 5da2a6cc-e7b5-4a3c-a25a-a4bb1f4e8f79
2018-03-16 17:17:14,007 | INFO | 1521217034.007970 | Notification | 5da2a6cc-e7b5-4a3c-a25a-a4bb1f4e8f79
2018-03-16 17:17:14,945 | INFO | 1521217034.945516 | Notification | dc195167-d319-4c0a-a809-27930517d98f
2018-03-16 17:17:15,398 | INFO | 1521217035.398686 | datastream | 3f8c1b66-b840-4c6d-a63e-733c3a6742a4
2018-03-16 17:17:15,398 | INFO | 1521217035.398686 | Notification | 3f8c1b66-b840-4c6d-a63e-733c3a6742a4
2018-03-16 17:17:15,414 | INFO | 1521217035.414313 | datastream | 3e85082a-a498-4b00-91dc-b797d657f2b9
2018-03-16 17:17:15,414 | INFO | 1521217035.414313 | datastream | b35b980b-9822-4a9d-95af-509760ea44c1
2018-03-16 17:17:15,414 | INFO | 1521217035.414313 | Notification | 3e85082a-a498-4b00-91dc-b797d657f2b9
2018-03-16 17:17:15,414 | INFO | 1521217035.414313 | Notification | b35b980b-9822-4a9d-95af-509760ea44c1
2018-03-16 17:17:15,429 | INFO | 1521217035.429946 | datastream | 19f84975-dd95-4218-adcd-5d814c63dee4
2018-03-16 17:17:15,429 | INFO | 1521217035.429946 | Notification | 19f84975-dd95-4218-adcd-5d814c63dee4
2018-03-16 17:17:16,008 | INFO | 1521217036.008130 | datastream | 2625b95c-769f-4b75-a1e9-21bb96c70853
2018-03-16 17:17:16,008 | INFO | 1521217036.008130 | Notification | 2625b95c-769f-4b75-a1e9-21bb96c70853
2018-03-16 17:17:16,008 | INFO | 1521217036.008130 | datastream | d87e467a-d6f4-4ded-b959-b57857459169
2018-03-16 17:17:16,008 | INFO | 1521217036.008130 | datastream | c4c2f5b7-87ac-41c9-9f31-5336c5115e74
2018-03-16 17:17:16,008 | INFO | 1521217036.008130 | Notification | d87e467a-d6f4-4ded-b959-b57857459169
2018-03-16 17:17:16,008 | INFO | 1521217036.008130 | Notification | c4c2f5b7-87ac-41c9-9f31-5336c5115e74
2018-03-16 17:17:16,023 | INFO | 1521217036.023790 | datastream | 4d1cf5f5-b731-4794-a647-bd12e7ac9707
2018-03-16 17:17:16,039 | INFO | 1521217036.039549 | Notification | 4d1cf5f5-b731-4794-a647-bd12e7ac9707
2018-03-16 17:17:16,039 | INFO | 1521217036.039549 | datastream | 345d3291-10c5-4eec-bd90-63addf501d2e
2018-03-16 17:17:16,039 | INFO | 1521217036.039549 | Notification | 345d3291-10c5-4eec-bd90-63addf501d2e
2018-03-16 17:17:16,305 | INFO | 1521217036.305034 | datastream | d70e1e40-56c7-4739-98bb-89dfca2c8f10
2018-03-16 17:17:16,305 | INFO | 1521217036.305034 | Notification | d70e1e40-56c7-4739-98bb-89dfca2c8f10
2018-03-16 17:17:16,305 | INFO | 1521217036.305034 | datastream | 72cc0402-52fc-48dc-b5a9-1ce3d95f16f0
2018-03-16 17:17:16,305 | INFO | 1521217036.305034 | Notification | 72cc0402-52fc-48dc-b5a9-1ce3d95f16f0
2018-03-16 17:17:16,414 | INFO | 1521217036.414454 | datastream | 07bf9cba-ff77-49b3-aa01-eedc1f710e8a
2018-03-16 17:17:16,414 | INFO | 1521217036.414454 | Notification | 07bf9cba-ff77-49b3-aa01-eedc1f710e8a
2018-03-16 17:17:16,476 | INFO | 1521217036.476963 | datastream | 3c62f7cf-638e-4c6c-9dbe-d0e6df0fa400
2018-03-16 17:17:16,476 | INFO | 1521217036.476963 | Notification | 3c62f7cf-638e-4c6c-9dbe-d0e6df0fa400
2018-03-16 17:17:16,680 | INFO | 1521217036.680072 | datastream | 9e6a737e-608e-4f52-a7ad-6a5c4e20c4b0
2018-03-16 17:17:16,680 | INFO | 1521217036.680072 | Notification | 9e6a737e-608e-4f52-a7ad-6a5c4e20c4b0
