2018-03-16 16:21:27,468 | INFO | 1521213687.468980 | STARTING EXECUTION: sensor vs time
2018-03-16 16:21:27,480 | INFO | 1521213687.480715 | start intantiation
2018-03-16 16:21:27,485 | INFO | 1521213687.485724 | end instantiation
2018-03-16 16:21:27,485 | INFO | 1521213687.485724 | start cep config deployment
2018-03-16 16:21:39,070 | INFO | 1521213699.070632 | End cep config deployment
2018-03-16 16:21:39,465 | INFO | 1521213699.465144 | Number of sensors: 25
2018-03-16 16:21:39,465 | INFO | 1521213699.465144 | number of generators created: 25
2018-03-16 16:21:39,465 | INFO | 1521213699.465144 | Start streaming
2018-03-16 16:21:41,920 | INFO | 1521213701.920310 | datastream | d67839ec-1be4-4abd-aaac-546ddbbcd732
2018-03-16 16:21:41,921 | INFO | 1521213701.921345 | Notification | d67839ec-1be4-4abd-aaac-546ddbbcd732
2018-03-16 16:21:44,492 | INFO | 1521213704.492449 | datastream | a16ba66b-fb11-4dc2-83a0-e9e284e58ab7
2018-03-16 16:21:44,494 | INFO | 1521213704.494454 | Notification | a16ba66b-fb11-4dc2-83a0-e9e284e58ab7
2018-03-16 16:21:44,494 | INFO | 1521213704.494454 | datastream | 3deef134-2529-4136-98ed-26360e01214c
2018-03-16 16:21:44,497 | INFO | 1521213704.497460 | Notification | 3deef134-2529-4136-98ed-26360e01214c
2018-03-16 16:21:44,498 | INFO | 1521213704.498465 | datastream | f0efe2b3-025d-4e1a-981c-77a21b0863b1
2018-03-16 16:21:44,499 | INFO | 1521213704.499465 | datastream | dc7791af-1781-44f6-9abe-4f49c30d3919
2018-03-16 16:21:44,502 | INFO | 1521213704.502474 | Notification | f0efe2b3-025d-4e1a-981c-77a21b0863b1
2018-03-16 16:21:44,503 | INFO | 1521213704.503477 | Notification | dc7791af-1781-44f6-9abe-4f49c30d3919
2018-03-16 16:21:44,504 | INFO | 1521213704.504481 | datastream | ba38c0b8-e189-4110-8bd7-ca32c5da5f7b
2018-03-16 16:21:44,509 | INFO | 1521213704.509494 | Notification | ba38c0b8-e189-4110-8bd7-ca32c5da5f7b
2018-03-16 16:21:44,516 | INFO | 1521213704.516511 | datastream | 0f3c293a-4930-43ed-88d2-7081e1aa7303
2018-03-16 16:21:44,517 | INFO | 1521213704.517523 | datastream | f8d089c9-c3eb-4c1a-b30b-b740de37724f
2018-03-16 16:21:44,518 | INFO | 1521213704.518515 | Notification | 0f3c293a-4930-43ed-88d2-7081e1aa7303
2018-03-16 16:21:44,519 | INFO | 1521213704.519521 | Notification | f8d089c9-c3eb-4c1a-b30b-b740de37724f
2018-03-16 16:21:44,536 | INFO | 1521213704.536564 | datastream | cae34ff6-a57e-421a-ba0a-d5285cdf8c55
2018-03-16 16:21:44,540 | INFO | 1521213704.540574 | Notification | cae34ff6-a57e-421a-ba0a-d5285cdf8c55
2018-03-16 16:21:44,559 | INFO | 1521213704.559625 | datastream | f0bd6af7-2c55-4b01-8a8c-9ba2b1b759e5
2018-03-16 16:21:44,560 | INFO | 1521213704.560693 | Notification | f0bd6af7-2c55-4b01-8a8c-9ba2b1b759e5
2018-03-16 16:21:44,567 | INFO | 1521213704.567647 | datastream | 949ae2bc-67a6-4959-aa9a-d49fb1747958
2018-03-16 16:21:44,568 | INFO | 1521213704.568650 | datastream | de97edec-9e27-4583-abc5-8c65736daf6b
2018-03-16 16:21:44,570 | INFO | 1521213704.570655 | Notification | de97edec-9e27-4583-abc5-8c65736daf6b
2018-03-16 16:21:44,571 | INFO | 1521213704.571659 | Notification | 949ae2bc-67a6-4959-aa9a-d49fb1747958
2018-03-16 16:21:45,128 | INFO | 1521213705.128723 | datastream | f38874ad-a1cd-425b-8d5a-4c2d875a167e
2018-03-16 16:21:45,131 | INFO | 1521213705.131742 | Notification | f38874ad-a1cd-425b-8d5a-4c2d875a167e
2018-03-16 16:21:45,144 | INFO | 1521213705.144765 | datastream | a79a0076-84cc-4df0-b767-90a4f27a64b2
2018-03-16 16:21:45,146 | INFO | 1521213705.146771 | Notification | a79a0076-84cc-4df0-b767-90a4f27a64b2
2018-03-16 16:21:45,155 | INFO | 1521213705.155796 | datastream | 721c7f91-c5f6-404b-bd33-42e3644b9846
2018-03-16 16:21:45,156 | INFO | 1521213705.156823 | datastream | 77bee20e-d1ce-410a-85de-85623d1da4cc
2018-03-16 16:21:45,157 | INFO | 1521213705.157800 | Notification | 721c7f91-c5f6-404b-bd33-42e3644b9846
2018-03-16 16:21:45,159 | INFO | 1521213705.159808 | Notification | 77bee20e-d1ce-410a-85de-85623d1da4cc
2018-03-16 16:21:45,169 | INFO | 1521213705.169837 | datastream | 71b16457-c08e-4166-9f01-39915fbf5e05
2018-03-16 16:21:45,171 | INFO | 1521213705.171838 | Notification | 71b16457-c08e-4166-9f01-39915fbf5e05
2018-03-16 16:21:45,184 | INFO | 1521213705.184872 | datastream | 28f9a26f-8a9c-4dfb-9b00-3a4b0f0dec78
2018-03-16 16:21:45,185 | INFO | 1521213705.185875 | datastream | e3e4a93e-ec55-4ef2-87a2-3893855f399f
2018-03-16 16:21:45,186 | INFO | 1521213705.186910 | Notification | 28f9a26f-8a9c-4dfb-9b00-3a4b0f0dec78
2018-03-16 16:21:45,188 | INFO | 1521213705.188884 | Notification | e3e4a93e-ec55-4ef2-87a2-3893855f399f
2018-03-16 16:21:45,198 | INFO | 1521213705.198911 | datastream | bbf661a3-3935-46b2-b1bf-d0946c620c36
2018-03-16 16:21:45,201 | INFO | 1521213705.201920 | Notification | bbf661a3-3935-46b2-b1bf-d0946c620c36
2018-03-16 16:21:45,203 | INFO | 1521213705.203923 | datastream | 52bbf8d7-cb3f-4911-94d2-68215bf045da
2018-03-16 16:21:45,204 | INFO | 1521213705.204927 | Notification | 52bbf8d7-cb3f-4911-94d2-68215bf045da
2018-03-16 16:21:45,876 | INFO | 1521213705.876650 | datastream | 5f312a06-915e-4c36-ad32-93281a9c3b46
2018-03-16 16:21:45,877 | INFO | 1521213705.877652 | Notification | 5f312a06-915e-4c36-ad32-93281a9c3b46
2018-03-16 16:21:45,878 | INFO | 1521213705.878653 | datastream | cc936b2c-1a31-4a08-a189-f7e9557f20b3
2018-03-16 16:21:45,878 | INFO | 1521213705.878653 | Notification | cc936b2c-1a31-4a08-a189-f7e9557f20b3
2018-03-16 16:21:46,763 | INFO | 1521213706.763976 | datastream | 495b15ab-1672-4166-928a-e229dcf4934b
2018-03-16 16:21:46,764 | INFO | 1521213706.764979 | datastream | 5140d8df-be41-46d0-ae85-0803f7a07172
2018-03-16 16:21:46,765 | INFO | 1521213706.765981 | Notification | 495b15ab-1672-4166-928a-e229dcf4934b
2018-03-16 16:21:46,766 | INFO | 1521213706.766985 | Notification | 5140d8df-be41-46d0-ae85-0803f7a07172
