2018-03-16 16:17:39,568 | INFO | 1521213459.568012 | STARTING EXECUTION: sensor vs time
2018-03-16 16:17:39,578 | INFO | 1521213459.578889 | start intantiation
2018-03-16 16:17:39,583 | INFO | 1521213459.583901 | end instantiation
2018-03-16 16:17:39,584 | INFO | 1521213459.584928 | start cep config deployment
2018-03-16 16:17:51,161 | INFO | 1521213471.161565 | End cep config deployment
2018-03-16 16:17:51,549 | INFO | 1521213471.549723 | Number of sensors: 10
2018-03-16 16:17:51,550 | INFO | 1521213471.550725 | number of generators created: 10
2018-03-16 16:17:51,550 | INFO | 1521213471.550725 | Start streaming
2018-03-16 16:17:51,598 | INFO | 1521213471.598855 | datastream | adddee56-ae4d-4bb6-b175-bb02ffe82bf9
2018-03-16 16:17:51,601 | INFO | 1521213471.601859 | Notification | adddee56-ae4d-4bb6-b175-bb02ffe82bf9
2018-03-16 16:17:54,221 | INFO | 1521213474.221194 | datastream | 0f538d76-3ba0-47dc-a550-589ff8ed5b39
2018-03-16 16:17:54,224 | INFO | 1521213474.224201 | Notification | 0f538d76-3ba0-47dc-a550-589ff8ed5b39
2018-03-16 16:17:54,228 | INFO | 1521213474.228212 | datastream | b5d19b83-424b-4591-b8cf-e33a6d8863e7
2018-03-16 16:17:54,229 | INFO | 1521213474.229214 | Notification | b5d19b83-424b-4591-b8cf-e33a6d8863e7
2018-03-16 16:17:54,230 | INFO | 1521213474.230217 | Notification | 6db7546c-c8ba-47c8-975b-3bf463a88b02
2018-03-16 16:17:54,230 | INFO | 1521213474.230217 | Notification | fb5e5020-6bd4-4ed2-b92b-d196f02d9ef6
2018-03-16 16:17:54,229 | INFO | 1521213474.229214 | datastream | 6db7546c-c8ba-47c8-975b-3bf463a88b02
2018-03-16 16:17:54,230 | INFO | 1521213474.230217 | datastream | fb5e5020-6bd4-4ed2-b92b-d196f02d9ef6
2018-03-16 16:17:54,251 | INFO | 1521213474.251273 | datastream | 634ae4fb-6561-4b68-a068-2d6debeb3080
2018-03-16 16:17:54,252 | INFO | 1521213474.252278 | Notification | 634ae4fb-6561-4b68-a068-2d6debeb3080
2018-03-16 16:17:54,253 | INFO | 1521213474.253278 | datastream | d6f0bc1b-6bbf-4fc1-92e2-31c29256c9e6
2018-03-16 16:17:54,253 | INFO | 1521213474.253278 | Notification | d6f0bc1b-6bbf-4fc1-92e2-31c29256c9e6
2018-03-16 16:17:54,259 | INFO | 1521213474.259295 | datastream | aa01e0bb-aa1a-461c-9056-caccae5e990c
2018-03-16 16:17:54,260 | INFO | 1521213474.260297 | Notification | aa01e0bb-aa1a-461c-9056-caccae5e990c
2018-03-16 16:17:54,261 | INFO | 1521213474.261301 | Notification | 9d1622ca-dd4f-4dca-888f-c3ef9ad028ea
2018-03-16 16:17:54,261 | INFO | 1521213474.261301 | datastream | 9d1622ca-dd4f-4dca-888f-c3ef9ad028ea
2018-03-16 16:17:54,277 | INFO | 1521213474.277342 | datastream | cf7e8cfb-3074-46c7-a10b-72b280d1f7b6
2018-03-16 16:17:54,279 | INFO | 1521213474.279348 | Notification | cf7e8cfb-3074-46c7-a10b-72b280d1f7b6
