2018-03-16 17:00:41,174 | INFO | 1521216041.174702 | STARTING EXECUTION: sensor vs time
2018-03-16 17:00:41,190 | INFO | 1521216041.190303 | start intantiation
2018-03-16 17:00:41,190 | INFO | 1521216041.190303 | end instantiation
2018-03-16 17:00:41,190 | INFO | 1521216041.190303 | start cep config deployment
2018-03-16 17:00:53,004 | INFO | 1521216053.004232 | End cep config deployment
2018-03-16 17:00:53,410 | INFO | 1521216053.410521 | Number of sensors: 200
2018-03-16 17:00:53,425 | INFO | 1521216053.425986 | number of generators created: 200
2018-03-16 17:00:53,425 | INFO | 1521216053.425986 | Start streaming
2018-03-16 17:00:54,301 | INFO | 1521216054.301188 | datastream | 25b5d9e6-caba-4a54-acf2-ea50d03cef93
2018-03-16 17:00:59,629 | INFO | 1521216059.629800 | datastream | f7c8554c-8b84-42c3-9877-045c6f99b8a6
2018-03-16 17:00:59,629 | INFO | 1521216059.629800 | Notification | f7c8554c-8b84-42c3-9877-045c6f99b8a6
2018-03-16 17:01:04,989 | INFO | 1521216064.989880 | datastream | f45298d9-23d5-444f-9d43-5ffccf631e49
2018-03-16 17:01:04,989 | INFO | 1521216064.989880 | Notification | f45298d9-23d5-444f-9d43-5ffccf631e49
2018-03-16 17:01:05,020 | INFO | 1521216065.020957 | datastream | c294da65-451a-496a-88a4-ce24549dd223
2018-03-16 17:01:05,020 | INFO | 1521216065.020957 | Notification | c294da65-451a-496a-88a4-ce24549dd223
2018-03-16 17:01:05,145 | INFO | 1521216065.145973 | datastream | e58bb471-d67a-4db0-b145-ed6a4ce207d7
2018-03-16 17:01:05,145 | INFO | 1521216065.145973 | Notification | e58bb471-d67a-4db0-b145-ed6a4ce207d7
2018-03-16 17:01:22,319 | INFO | 1521216082.319739 | datastream | 98c2fef2-a121-479c-bc55-6389cbf11db5
2018-03-16 17:01:22,319 | INFO | 1521216082.319739 | Notification | 98c2fef2-a121-479c-bc55-6389cbf11db5
2018-03-16 17:01:22,335 | INFO | 1521216082.335299 | datastream | f2c903f9-49d1-463b-87da-a381e10fb866
2018-03-16 17:01:22,335 | INFO | 1521216082.335299 | Notification | f2c903f9-49d1-463b-87da-a381e10fb866
2018-03-16 17:01:22,335 | INFO | 1521216082.335299 | datastream | 236ad73a-1ccd-4685-9217-65ad74423df5
2018-03-16 17:01:22,335 | INFO | 1521216082.335299 | Notification | 236ad73a-1ccd-4685-9217-65ad74423df5
2018-03-16 17:01:22,335 | INFO | 1521216082.335299 | datastream | fc3d2772-2a1e-4b27-9914-48f79bc3dbbf
2018-03-16 17:01:22,335 | INFO | 1521216082.335299 | Notification | fc3d2772-2a1e-4b27-9914-48f79bc3dbbf
2018-03-16 17:01:22,335 | INFO | 1521216082.335299 | datastream | 0f317ad8-4ad7-4aec-ba6c-4a39a5874c7e
2018-03-16 17:01:22,350 | INFO | 1521216082.350924 | Notification | 0f317ad8-4ad7-4aec-ba6c-4a39a5874c7e
2018-03-16 17:01:22,350 | INFO | 1521216082.350924 | datastream | 82a00732-d048-4e16-a2bf-b723df032c19
2018-03-16 17:01:22,350 | INFO | 1521216082.350924 | datastream | f8f9bba7-0d73-422e-93fd-a27149debbf6
2018-03-16 17:01:22,350 | INFO | 1521216082.350924 | Notification | 82a00732-d048-4e16-a2bf-b723df032c19
2018-03-16 17:01:22,350 | INFO | 1521216082.350924 | Notification | f8f9bba7-0d73-422e-93fd-a27149debbf6
2018-03-16 17:01:22,366 | INFO | 1521216082.366633 | datastream | c8bd7ba1-8f4e-4b3e-be97-3bf17940da2d
2018-03-16 17:01:22,366 | INFO | 1521216082.366633 | Notification | c8bd7ba1-8f4e-4b3e-be97-3bf17940da2d
2018-03-16 17:01:22,366 | INFO | 1521216082.366633 | datastream | 55087498-898d-44b8-8b47-97bdd8fc392d
2018-03-16 17:01:22,366 | INFO | 1521216082.366633 | Notification | 55087498-898d-44b8-8b47-97bdd8fc392d
2018-03-16 17:01:22,382 | INFO | 1521216082.382178 | Notification | 033e7791-c31e-4f3c-b98f-67cd4da043a3
2018-03-16 17:01:22,382 | INFO | 1521216082.382178 | datastream | 033e7791-c31e-4f3c-b98f-67cd4da043a3
2018-03-16 17:01:22,382 | INFO | 1521216082.382178 | Notification | f9c650e0-8abe-4e7a-b004-0e117b6b0ffa
2018-03-16 17:01:22,382 | INFO | 1521216082.382178 | datastream | f9c650e0-8abe-4e7a-b004-0e117b6b0ffa
2018-03-16 17:01:22,382 | INFO | 1521216082.382178 | Notification | 670ab1ac-894b-4a1b-a98b-210ad7695da3
2018-03-16 17:01:22,397 | INFO | 1521216082.397804 | datastream | 670ab1ac-894b-4a1b-a98b-210ad7695da3
2018-03-16 17:01:22,397 | INFO | 1521216082.397804 | datastream | 6ed28393-cbef-44d5-b817-bd6ec0ce8ad4
2018-03-16 17:01:22,397 | INFO | 1521216082.397804 | Notification | 6ed28393-cbef-44d5-b817-bd6ec0ce8ad4
2018-03-16 17:01:22,397 | INFO | 1521216082.397804 | datastream | 7a8d1e7f-45e9-43fb-a357-1ee211252a69
2018-03-16 17:01:22,413 | INFO | 1521216082.413430 | Notification | 7a8d1e7f-45e9-43fb-a357-1ee211252a69
2018-03-16 17:01:22,413 | INFO | 1521216082.413430 | datastream | 54de4a9f-d984-4de2-99dc-eb42f06d93a2
2018-03-16 17:01:22,413 | INFO | 1521216082.413430 | Notification | feb5b33c-7069-40a4-8078-aab23c879bea
2018-03-16 17:01:22,413 | INFO | 1521216082.413430 | Notification | 54de4a9f-d984-4de2-99dc-eb42f06d93a2
2018-03-16 17:01:22,413 | INFO | 1521216082.413430 | Notification | a7027f4b-fe79-494d-adc1-5ea86366df52
2018-03-16 17:01:22,413 | INFO | 1521216082.413430 | datastream | feb5b33c-7069-40a4-8078-aab23c879bea
2018-03-16 17:01:22,429 | INFO | 1521216082.429056 | Notification | 8856e49e-5755-40d9-99b0-9ae8c70a3e39
2018-03-16 17:01:22,429 | INFO | 1521216082.429056 | Notification | a00d5567-4613-4dce-a205-2dc7b07c4d34
2018-03-16 17:01:22,413 | INFO | 1521216082.413430 | datastream | a7027f4b-fe79-494d-adc1-5ea86366df52
2018-03-16 17:01:22,429 | INFO | 1521216082.429056 | Notification | 4f210c6b-ca56-4ed4-a707-a1219bc724b8
2018-03-16 17:01:22,429 | INFO | 1521216082.429056 | datastream | 8856e49e-5755-40d9-99b0-9ae8c70a3e39
2018-03-16 17:01:22,444 | INFO | 1521216082.444684 | Notification | d0b2197f-d09f-4567-875b-5a9bcf070bba
2018-03-16 17:01:22,444 | INFO | 1521216082.444684 | Notification | 856f232d-8a57-4d44-a369-a13c715c3b01
2018-03-16 17:01:22,429 | INFO | 1521216082.429056 | datastream | 4f210c6b-ca56-4ed4-a707-a1219bc724b8
2018-03-16 17:01:22,444 | INFO | 1521216082.444684 | Notification | d386a883-6793-42b4-a4da-abe0b6a1a180
2018-03-16 17:01:22,444 | INFO | 1521216082.444684 | datastream | a00d5567-4613-4dce-a205-2dc7b07c4d34
2018-03-16 17:01:22,460 | INFO | 1521216082.460311 | Notification | 6ea1e800-2e03-478b-8463-29faa0e64c59
2018-03-16 17:01:22,475 | INFO | 1521216082.475949 | Notification | 8ce154ca-b3a8-477e-8f3a-ec29418f8c2f
2018-03-16 17:01:22,475 | INFO | 1521216082.475949 | Notification | 9c631618-78b6-41fb-b457-fe3c9d0876f1
2018-03-16 17:01:22,460 | INFO | 1521216082.460311 | datastream | 856f232d-8a57-4d44-a369-a13c715c3b01
2018-03-16 17:01:22,475 | INFO | 1521216082.475949 | Notification | e0f7ca88-69b0-498e-af20-c1c71a77066b
2018-03-16 17:01:22,491 | INFO | 1521216082.491564 | Notification | 39397355-a432-47e8-800b-ef938a8f7d1b
2018-03-16 17:01:22,491 | INFO | 1521216082.491564 | Notification | e5bec433-d923-452c-a3b0-f943d85df822
2018-03-16 17:01:22,491 | INFO | 1521216082.491564 | Notification | e9397d09-8c7f-4fd1-842b-6b5566425a6a
2018-03-16 17:01:22,460 | INFO | 1521216082.460311 | datastream | d386a883-6793-42b4-a4da-abe0b6a1a180
2018-03-16 17:01:22,507 | INFO | 1521216082.507191 | Notification | 3f56bd6c-334e-44fa-bd66-49ca9f56c5f3
2018-03-16 17:01:22,507 | INFO | 1521216082.507191 | Notification | aa82ddf1-a734-4478-ba45-5c8e10c1e2e8
2018-03-16 17:01:22,475 | INFO | 1521216082.475949 | datastream | 9c631618-78b6-41fb-b457-fe3c9d0876f1
2018-03-16 17:01:22,522 | INFO | 1521216082.522818 | Notification | d2ede7fd-dcf2-45ba-909c-2693e232206f
2018-03-16 17:01:22,522 | INFO | 1521216082.522818 | Notification | b717784c-7603-42cd-94b4-46a13875fa82
2018-03-16 17:01:22,475 | INFO | 1521216082.475949 | datastream | 6ea1e800-2e03-478b-8463-29faa0e64c59
2018-03-16 17:01:22,585 | INFO | 1521216082.585323 | Notification | 4c8de29c-ba20-46a1-899e-2f7c97aec2ea
2018-03-16 17:01:22,600 | INFO | 1521216082.600951 | Notification | dbd07e0b-172a-4fcc-82c9-f8e403d97332
2018-03-16 17:01:22,491 | INFO | 1521216082.491564 | datastream | 8ce154ca-b3a8-477e-8f3a-ec29418f8c2f
2018-03-16 17:01:22,491 | INFO | 1521216082.491564 | datastream | 39397355-a432-47e8-800b-ef938a8f7d1b
2018-03-16 17:01:22,632 | INFO | 1521216082.632204 | Notification | e40c92cb-d1eb-49de-8ccd-24e5002c7ceb
2018-03-16 17:01:22,632 | INFO | 1521216082.632204 | Notification | 9dda2ab4-367b-4e6a-b294-2b6ac4a2cd48
2018-03-16 17:01:22,491 | INFO | 1521216082.491564 | datastream | e0f7ca88-69b0-498e-af20-c1c71a77066b
2018-03-16 17:01:22,491 | INFO | 1521216082.491564 | datastream | e9397d09-8c7f-4fd1-842b-6b5566425a6a
2018-03-16 17:01:22,647 | INFO | 1521216082.647831 | Notification | d3c2f370-5bfd-4a3d-8ffa-1e43a180b9fd
2018-03-16 17:01:22,647 | INFO | 1521216082.647831 | Notification | eb3c7c0f-e759-475b-bd00-c2dea047a338
2018-03-16 17:01:22,507 | INFO | 1521216082.507191 | datastream | e5bec433-d923-452c-a3b0-f943d85df822
2018-03-16 17:01:22,507 | INFO | 1521216082.507191 | datastream | 3f56bd6c-334e-44fa-bd66-49ca9f56c5f3
2018-03-16 17:01:22,522 | INFO | 1521216082.522818 | datastream | aa82ddf1-a734-4478-ba45-5c8e10c1e2e8
2018-03-16 17:01:22,663 | INFO | 1521216082.663457 | Notification | 0c053ea2-8167-49af-9541-f49697211d97
2018-03-16 17:01:22,538 | INFO | 1521216082.538444 | datastream | b717784c-7603-42cd-94b4-46a13875fa82
2018-03-16 17:01:22,569 | INFO | 1521216082.569698 | datastream | d2ede7fd-dcf2-45ba-909c-2693e232206f
2018-03-16 17:01:22,663 | INFO | 1521216082.663457 | Notification | a003fc71-52ed-4d13-88e2-a580f704fb7e
2018-03-16 17:01:22,600 | INFO | 1521216082.600951 | datastream | 4c8de29c-ba20-46a1-899e-2f7c97aec2ea
2018-03-16 17:01:22,663 | INFO | 1521216082.663457 | Notification | a60b0f97-ffcc-46d9-9dcd-0674f9b7778b
2018-03-16 17:01:22,663 | INFO | 1521216082.663457 | Notification | 8e27065c-dcb1-41d4-909c-be781234b2f6
2018-03-16 17:01:22,616 | INFO | 1521216082.616579 | datastream | dbd07e0b-172a-4fcc-82c9-f8e403d97332
2018-03-16 17:01:22,632 | INFO | 1521216082.632204 | datastream | e40c92cb-d1eb-49de-8ccd-24e5002c7ceb
2018-03-16 17:01:22,647 | INFO | 1521216082.647831 | datastream | 9dda2ab4-367b-4e6a-b294-2b6ac4a2cd48
2018-03-16 17:01:22,663 | INFO | 1521216082.663457 | Notification | 4ab68483-7e94-40ef-9cca-a1c7def2ddea
2018-03-16 17:01:22,679 | INFO | 1521216082.679084 | Notification | 756ec2c3-484e-4c97-801d-4486e3ff694e
2018-03-16 17:01:22,679 | INFO | 1521216082.679084 | Notification | ce485267-93b1-496c-95ba-16fc85dbec82
2018-03-16 17:01:22,679 | INFO | 1521216082.679084 | Notification | 7528e416-f87f-4ac7-83cc-f95056001bc5
2018-03-16 17:01:22,679 | INFO | 1521216082.679084 | Notification | 023e3d79-d884-4c26-9042-d0b6d210c8b5
2018-03-16 17:01:22,679 | INFO | 1521216082.679084 | Notification | 71d99f9d-b736-44bc-a1b1-458a1dda1f67
2018-03-16 17:01:22,647 | INFO | 1521216082.647831 | datastream | d3c2f370-5bfd-4a3d-8ffa-1e43a180b9fd
2018-03-16 17:01:22,694 | INFO | 1521216082.694710 | Notification | 54df7a1b-fd93-4e91-b873-d844b2bbdbc2
2018-03-16 17:01:22,694 | INFO | 1521216082.694710 | Notification | 108d99b6-55ad-4b0f-a0bb-65645646a66d
2018-03-16 17:01:22,694 | INFO | 1521216082.694710 | Notification | 155440e2-2292-419c-98be-e7182698a7cd
2018-03-16 17:01:22,694 | INFO | 1521216082.694710 | Notification | 75c908e9-ccba-4554-9beb-d2702c7da088
2018-03-16 17:01:22,694 | INFO | 1521216082.694710 | Notification | 6d443706-a207-4f07-a0c6-79113cdc86e2
2018-03-16 17:01:22,694 | INFO | 1521216082.694710 | Notification | 393693cc-22f0-4581-be8e-779d375bfc68
2018-03-16 17:01:22,694 | INFO | 1521216082.694710 | Notification | a368d9fc-8812-439a-b930-af9d079395d1
2018-03-16 17:01:22,694 | INFO | 1521216082.694710 | Notification | 267a8ff3-ba11-4b5c-84c2-188997855983
2018-03-16 17:01:22,694 | INFO | 1521216082.694710 | Notification | 96e4a4c4-4a9b-44d3-917f-e7cebdd929d5
2018-03-16 17:01:22,694 | INFO | 1521216082.694710 | Notification | bd31aea0-b3d2-42d4-81c2-da1be326416b
2018-03-16 17:01:22,710 | INFO | 1521216082.710338 | Notification | 63331f85-c0d9-43a1-ad70-dcc5f7829e3f
2018-03-16 17:01:22,710 | INFO | 1521216082.710338 | Notification | 7218aaf7-1942-4b0c-bfd8-7a85cb66326a
2018-03-16 17:01:22,647 | INFO | 1521216082.647831 | datastream | eb3c7c0f-e759-475b-bd00-c2dea047a338
2018-03-16 17:01:22,726 | INFO | 1521216082.726010 | Notification | 6b3e906d-df42-409e-a1d9-22593971f9d7
2018-03-16 17:01:22,726 | INFO | 1521216082.726010 | Notification | 23e9afba-ba2d-43cd-a24e-395f82572681
2018-03-16 17:01:22,741 | INFO | 1521216082.741611 | Notification | b2d7fbba-59ea-479a-af71-de5773ddcb98
2018-03-16 17:01:22,757 | INFO | 1521216082.757218 | Notification | 45358e9a-ea07-467c-adad-9a47fede2514
2018-03-16 17:01:22,663 | INFO | 1521216082.663457 | datastream | a003fc71-52ed-4d13-88e2-a580f704fb7e
2018-03-16 17:01:22,663 | INFO | 1521216082.663457 | datastream | 0c053ea2-8167-49af-9541-f49697211d97
2018-03-16 17:01:22,772 | INFO | 1521216082.772843 | Notification | 4701a3b8-31ec-41b6-a865-6b29973bd5c8
2018-03-16 17:01:22,772 | INFO | 1521216082.772843 | Notification | 7718682c-743b-4384-bf7f-a2bee714f28f
2018-03-16 17:01:22,663 | INFO | 1521216082.663457 | datastream | a60b0f97-ffcc-46d9-9dcd-0674f9b7778b
2018-03-16 17:01:22,788 | INFO | 1521216082.788471 | Notification | fd0765a0-ea84-481f-b503-3412813f5c2e
2018-03-16 17:01:22,788 | INFO | 1521216082.788471 | Notification | ea518dc2-679e-4005-b8ce-a6d310b33393
2018-03-16 17:01:22,819 | INFO | 1521216082.819731 | Notification | 2f9c3593-4551-48e6-8d86-4300e1bdf3d6
2018-03-16 17:01:22,663 | INFO | 1521216082.663457 | datastream | 8e27065c-dcb1-41d4-909c-be781234b2f6
2018-03-16 17:01:22,663 | INFO | 1521216082.663457 | datastream | 4ab68483-7e94-40ef-9cca-a1c7def2ddea
2018-03-16 17:01:22,679 | INFO | 1521216082.679084 | datastream | ce485267-93b1-496c-95ba-16fc85dbec82
2018-03-16 17:01:22,679 | INFO | 1521216082.679084 | datastream | 756ec2c3-484e-4c97-801d-4486e3ff694e
2018-03-16 17:01:22,679 | INFO | 1521216082.679084 | datastream | 023e3d79-d884-4c26-9042-d0b6d210c8b5
2018-03-16 17:01:22,679 | INFO | 1521216082.679084 | datastream | 7528e416-f87f-4ac7-83cc-f95056001bc5
2018-03-16 17:01:22,679 | INFO | 1521216082.679084 | datastream | 71d99f9d-b736-44bc-a1b1-458a1dda1f67
2018-03-16 17:01:22,694 | INFO | 1521216082.694710 | datastream | 54df7a1b-fd93-4e91-b873-d844b2bbdbc2
2018-03-16 17:01:22,694 | INFO | 1521216082.694710 | datastream | 75c908e9-ccba-4554-9beb-d2702c7da088
2018-03-16 17:01:22,694 | INFO | 1521216082.694710 | datastream | 155440e2-2292-419c-98be-e7182698a7cd
2018-03-16 17:01:22,694 | INFO | 1521216082.694710 | datastream | 108d99b6-55ad-4b0f-a0bb-65645646a66d
2018-03-16 17:01:22,710 | INFO | 1521216082.710338 | datastream | 6d443706-a207-4f07-a0c6-79113cdc86e2
2018-03-16 17:01:22,710 | INFO | 1521216082.710338 | datastream | a368d9fc-8812-439a-b930-af9d079395d1
2018-03-16 17:01:22,710 | INFO | 1521216082.710338 | datastream | bd31aea0-b3d2-42d4-81c2-da1be326416b
2018-03-16 17:01:22,710 | INFO | 1521216082.710338 | datastream | 96e4a4c4-4a9b-44d3-917f-e7cebdd929d5
2018-03-16 17:01:22,710 | INFO | 1521216082.710338 | datastream | 393693cc-22f0-4581-be8e-779d375bfc68
2018-03-16 17:01:22,710 | INFO | 1521216082.710338 | datastream | 267a8ff3-ba11-4b5c-84c2-188997855983
2018-03-16 17:01:22,726 | INFO | 1521216082.726010 | datastream | 7218aaf7-1942-4b0c-bfd8-7a85cb66326a
2018-03-16 17:01:22,929 | INFO | 1521216082.929111 | Notification | ed9be666-b9c0-4c32-8f82-35f463353638
2018-03-16 17:01:22,929 | INFO | 1521216082.929111 | Notification | 68270adb-3afa-49a2-92ba-23d79cd78acc
2018-03-16 17:01:22,726 | INFO | 1521216082.726010 | datastream | 63331f85-c0d9-43a1-ad70-dcc5f7829e3f
2018-03-16 17:01:22,929 | INFO | 1521216082.929111 | Notification | 3c18c150-808d-471d-a631-be7864b50b6c
2018-03-16 17:01:22,741 | INFO | 1521216082.741611 | datastream | 6b3e906d-df42-409e-a1d9-22593971f9d7
2018-03-16 17:01:22,929 | INFO | 1521216082.929111 | Notification | 37cca032-3013-4e39-bea1-35115ecf3577
2018-03-16 17:01:22,741 | INFO | 1521216082.741611 | datastream | 23e9afba-ba2d-43cd-a24e-395f82572681
2018-03-16 17:01:22,757 | INFO | 1521216082.757218 | datastream | 45358e9a-ea07-467c-adad-9a47fede2514
2018-03-16 17:01:22,757 | INFO | 1521216082.757218 | datastream | b2d7fbba-59ea-479a-af71-de5773ddcb98
2018-03-16 17:01:22,772 | INFO | 1521216082.772843 | datastream | 4701a3b8-31ec-41b6-a865-6b29973bd5c8
2018-03-16 17:01:22,929 | INFO | 1521216082.929111 | Notification | 82fe34af-841c-4a45-99e3-6d42bb49e52a
2018-03-16 17:01:22,788 | INFO | 1521216082.788471 | datastream | 7718682c-743b-4384-bf7f-a2bee714f28f
2018-03-16 17:01:22,819 | INFO | 1521216082.819731 | datastream | 2f9c3593-4551-48e6-8d86-4300e1bdf3d6
2018-03-16 17:01:22,929 | INFO | 1521216082.929111 | Notification | fd1b06a4-37bf-452e-bb33-99c32a9eb44d
2018-03-16 17:01:22,819 | INFO | 1521216082.819731 | datastream | fd0765a0-ea84-481f-b503-3412813f5c2e
2018-03-16 17:01:22,929 | INFO | 1521216082.929111 | Notification | f4a8e683-9bbf-4ca0-adfd-99330aee69ac
2018-03-16 17:01:22,929 | INFO | 1521216082.929111 | Notification | 22e58c48-a0ff-4149-b606-c19f9a390210
2018-03-16 17:01:22,819 | INFO | 1521216082.819731 | datastream | ea518dc2-679e-4005-b8ce-a6d310b33393
2018-03-16 17:01:22,850 | INFO | 1521216082.850976 | datastream | 82fe34af-841c-4a45-99e3-6d42bb49e52a
2018-03-16 17:01:22,850 | INFO | 1521216082.850976 | datastream | 0464534a-61f3-48b2-b20b-e07294acf440
2018-03-16 17:01:22,944 | INFO | 1521216082.944736 | Notification | 19de4832-c3d7-446d-8a6d-486ef353e202
2018-03-16 17:01:22,944 | INFO | 1521216082.944736 | Notification | d6948afb-35fe-40ab-9c1f-9fd52d0c1a6f
2018-03-16 17:01:22,944 | INFO | 1521216082.944736 | Notification | 8a0197a2-ceac-461d-be1d-e7b9a6ddd1d1
2018-03-16 17:01:22,944 | INFO | 1521216082.944736 | Notification | 1cc15e26-5df2-4023-86a4-59f9ee829668
2018-03-16 17:01:22,944 | INFO | 1521216082.944736 | Notification | 24140b42-2889-42db-8585-15206537aa99
2018-03-16 17:01:22,944 | INFO | 1521216082.944736 | Notification | aa7bc05a-c3ab-4854-bbfa-8f712a084b94
2018-03-16 17:01:22,944 | INFO | 1521216082.944736 | Notification | ce00dbc0-9853-4476-a039-d1417f5598e0
2018-03-16 17:01:22,944 | INFO | 1521216082.944736 | Notification | 1426489c-0a25-4801-8fe3-5fbd0519c241
2018-03-16 17:01:22,960 | INFO | 1521216082.960365 | Notification | 41aefee4-a1a5-445f-b88b-fc69dbd72701
2018-03-16 17:01:22,960 | INFO | 1521216082.960365 | Notification | 5ce64073-9312-4ad7-b2ed-82949020acf1
2018-03-16 17:01:22,960 | INFO | 1521216082.960365 | Notification | 286f4326-a016-4d01-999e-fed3b956dda1
2018-03-16 17:01:22,960 | INFO | 1521216082.960365 | Notification | b2a9afd5-432a-4cb5-805e-891f8339c685
2018-03-16 17:01:22,960 | INFO | 1521216082.960365 | Notification | 0464534a-61f3-48b2-b20b-e07294acf440
2018-03-16 17:01:22,960 | INFO | 1521216082.960365 | Notification | 4b002670-8444-4f82-80c9-18f47ec5bcaf
2018-03-16 17:01:22,960 | INFO | 1521216082.960365 | Notification | 20b86e8d-da46-44eb-ab79-9105f32c02f1
2018-03-16 17:01:22,960 | INFO | 1521216082.960365 | Notification | 45aefba9-2c36-4e8d-a2bd-3d0441787ceb
2018-03-16 17:01:22,960 | INFO | 1521216082.960365 | Notification | 04be596c-b2de-4012-8805-b999843ce1ef
2018-03-16 17:01:22,960 | INFO | 1521216082.960365 | Notification | 89175e03-25bb-47f7-a9be-06950380c302
2018-03-16 17:01:22,960 | INFO | 1521216082.960365 | Notification | 5df25d06-8021-40ad-a0d5-ed95399d58b8
2018-03-16 17:01:22,960 | INFO | 1521216082.960365 | Notification | e9153cbb-6586-4993-9b36-76dc4733b3d7
2018-03-16 17:01:22,975 | INFO | 1521216082.975990 | Notification | 55e39b4a-80ae-49c1-9f21-3ac3d39f00ce
2018-03-16 17:01:22,975 | INFO | 1521216082.975990 | Notification | 5ecf16bf-6fbf-428a-829f-6430e7e078c3
2018-03-16 17:01:22,975 | INFO | 1521216082.975990 | Notification | 5045b916-5dce-4c3b-bdb5-08b8a7f614d6
2018-03-16 17:01:22,975 | INFO | 1521216082.975990 | Notification | ee3cc01d-9736-4dec-9e0b-a1855a4518ac
2018-03-16 17:01:22,975 | INFO | 1521216082.975990 | Notification | 801a7681-8e40-4ecd-86e5-20e6936722bd
2018-03-16 17:01:22,975 | INFO | 1521216082.975990 | Notification | 799cccdc-48e8-4d24-8f7b-b485e7ac2c0f
2018-03-16 17:01:22,975 | INFO | 1521216082.975990 | Notification | 191a4b20-f3e4-45cf-8981-23e8fc67520f
2018-03-16 17:01:22,850 | INFO | 1521216082.850976 | datastream | 4b002670-8444-4f82-80c9-18f47ec5bcaf
2018-03-16 17:01:22,975 | INFO | 1521216082.975990 | Notification | b4e95591-c2c5-429b-b983-2aeb8d3453f5
2018-03-16 17:01:22,850 | INFO | 1521216082.850976 | datastream | b2a9afd5-432a-4cb5-805e-891f8339c685
2018-03-16 17:01:22,975 | INFO | 1521216082.975990 | Notification | c58ab44a-4ad2-4015-b802-435772624149
2018-03-16 17:01:22,975 | INFO | 1521216082.975990 | Notification | 2a95dab1-25ed-4d7f-9aa5-272ff4645eeb
2018-03-16 17:01:22,975 | INFO | 1521216082.975990 | Notification | b0e0ddf9-cb5a-470a-8da5-3c74769223f8
2018-03-16 17:01:22,991 | INFO | 1521216082.991618 | Notification | 1be2c0d9-03f6-4cbd-89e4-9f472647973e
2018-03-16 17:01:22,991 | INFO | 1521216082.991618 | Notification | 134033b3-479c-4480-9e06-db0441087573
2018-03-16 17:01:22,850 | INFO | 1521216082.850976 | datastream | 286f4326-a016-4d01-999e-fed3b956dda1
2018-03-16 17:01:22,866 | INFO | 1521216082.866605 | datastream | 45aefba9-2c36-4e8d-a2bd-3d0441787ceb
2018-03-16 17:01:22,866 | INFO | 1521216082.866605 | datastream | fd1b06a4-37bf-452e-bb33-99c32a9eb44d
2018-03-16 17:01:22,991 | INFO | 1521216082.991618 | Notification | e7612a51-6b3d-4999-be3e-9d664716a584
2018-03-16 17:01:22,866 | INFO | 1521216082.866605 | datastream | 22e58c48-a0ff-4149-b606-c19f9a390210
2018-03-16 17:01:22,991 | INFO | 1521216082.991618 | Notification | 3d1a4ab1-24dc-4e49-80a4-e6e9bf913247
2018-03-16 17:01:22,991 | INFO | 1521216082.991618 | Notification | 78589ae0-bd3e-4e32-a5d7-5870042df6da
2018-03-16 17:01:22,866 | INFO | 1521216082.866605 | datastream | ed9be666-b9c0-4c32-8f82-35f463353638
2018-03-16 17:01:22,866 | INFO | 1521216082.866605 | datastream | 5ce64073-9312-4ad7-b2ed-82949020acf1
2018-03-16 17:01:22,882 | INFO | 1521216082.882232 | datastream | 68270adb-3afa-49a2-92ba-23d79cd78acc
2018-03-16 17:01:22,882 | INFO | 1521216082.882232 | datastream | 37cca032-3013-4e39-bea1-35115ecf3577
2018-03-16 17:01:22,991 | INFO | 1521216082.991618 | Notification | 92c65599-691d-4c9e-b4dd-d20063d72df4
2018-03-16 17:01:22,882 | INFO | 1521216082.882232 | datastream | 3c18c150-808d-471d-a631-be7864b50b6c
2018-03-16 17:01:23,007 | INFO | 1521216083.007244 | Notification | 25e3f3ed-13e8-4596-80c4-0f37128499e7
2018-03-16 17:01:23,007 | INFO | 1521216083.007244 | Notification | f481ab1c-e9ee-490a-8cde-f45c12ef2adb
2018-03-16 17:01:23,007 | INFO | 1521216083.007244 | Notification | 703abb81-b084-4926-9c4d-a821de9af865
2018-03-16 17:01:22,882 | INFO | 1521216082.882232 | datastream | f4a8e683-9bbf-4ca0-adfd-99330aee69ac
2018-03-16 17:01:22,897 | INFO | 1521216082.897857 | datastream | 20b86e8d-da46-44eb-ab79-9105f32c02f1
2018-03-16 17:01:23,007 | INFO | 1521216083.007244 | Notification | 6cf19357-d5de-474c-a660-580950ddd26b
2018-03-16 17:01:23,007 | INFO | 1521216083.007244 | Notification | 3418a333-0faa-4f58-9be0-8f38ce99d647
2018-03-16 17:01:23,007 | INFO | 1521216083.007244 | Notification | 296e9e7e-4e96-4f1f-8266-0092ff348bd5
2018-03-16 17:01:23,007 | INFO | 1521216083.007244 | Notification | 974710a5-8acd-4e9a-919a-044a89211faf
2018-03-16 17:01:23,007 | INFO | 1521216083.007244 | Notification | 8df42e70-adcf-4f90-8771-1047f690a4da
2018-03-16 17:01:23,007 | INFO | 1521216083.007244 | Notification | 87da4f6f-572a-4373-b0d1-3bbb2847f74d
2018-03-16 17:01:22,897 | INFO | 1521216082.897857 | datastream | 19de4832-c3d7-446d-8a6d-486ef353e202
2018-03-16 17:01:23,007 | INFO | 1521216083.007244 | Notification | 28c5215b-f587-4439-a8c3-5bbff473ce5b
2018-03-16 17:01:22,897 | INFO | 1521216082.897857 | datastream | d6948afb-35fe-40ab-9c1f-9fd52d0c1a6f
2018-03-16 17:01:22,897 | INFO | 1521216082.897857 | datastream | 8a0197a2-ceac-461d-be1d-e7b9a6ddd1d1
2018-03-16 17:01:22,913 | INFO | 1521216082.913484 | datastream | 1cc15e26-5df2-4023-86a4-59f9ee829668
2018-03-16 17:01:22,913 | INFO | 1521216082.913484 | datastream | 24140b42-2889-42db-8585-15206537aa99
2018-03-16 17:01:22,913 | INFO | 1521216082.913484 | datastream | aa7bc05a-c3ab-4854-bbfa-8f712a084b94
2018-03-16 17:01:22,929 | INFO | 1521216082.929111 | datastream | ce00dbc0-9853-4476-a039-d1417f5598e0
2018-03-16 17:01:22,929 | INFO | 1521216082.929111 | datastream | 41aefee4-a1a5-445f-b88b-fc69dbd72701
2018-03-16 17:01:22,929 | INFO | 1521216082.929111 | datastream | 1426489c-0a25-4801-8fe3-5fbd0519c241
2018-03-16 17:01:22,929 | INFO | 1521216082.929111 | datastream | 04be596c-b2de-4012-8805-b999843ce1ef

2018-03-16 17:01:22,944 | INFO | 1521216082.944736 | datastream | 89175e03-25bb-47f7-a9be-06950380c302
2018-03-16 17:01:22,944 | INFO | 1521216082.944736 | datastream | 801a7681-8e40-4ecd-86e5-20e6936722bd
2018-03-16 17:01:22,944 | INFO | 1521216082.944736 | datastream | 5df25d06-8021-40ad-a0d5-ed95399d58b8
2018-03-16 17:01:22,944 | INFO | 1521216082.944736 | datastream | b4e95591-c2c5-429b-b983-2aeb8d3453f5
2018-03-16 17:01:22,960 | INFO | 1521216082.960365 | datastream | e9153cbb-6586-4993-9b36-76dc4733b3d7
2018-03-16 17:01:22,960 | INFO | 1521216082.960365 | datastream | 191a4b20-f3e4-45cf-8981-23e8fc67520f
2018-03-16 17:01:22,960 | INFO | 1521216082.960365 | datastream | ee3cc01d-9736-4dec-9e0b-a1855a4518ac
2018-03-16 17:01:22,960 | INFO | 1521216082.960365 | datastream | 5045b916-5dce-4c3b-bdb5-08b8a7f614d6
2018-03-16 17:01:22,960 | INFO | 1521216082.960365 | datastream | 5ecf16bf-6fbf-428a-829f-6430e7e078c3
2018-03-16 17:01:23,038 | INFO | 1521216083.038516 | Notification | 0a5352ed-8b6f-42a7-b0b4-21fb8df8032a
2018-03-16 17:01:23,038 | INFO | 1521216083.038516 | Notification | c284fcce-5a14-489f-a3b1-a7287de95242
2018-03-16 17:01:23,038 | INFO | 1521216083.038516 | Notification | 08d711da-bfa1-4f1b-b69a-c174900eed53
2018-03-16 17:01:23,038 | INFO | 1521216083.038516 | Notification | f38c8b0d-6f78-439d-9d66-a08f61041b63
2018-03-16 17:01:23,038 | INFO | 1521216083.038516 | Notification | d196279a-4c22-449f-bc98-bb885cd68568
2018-03-16 17:01:23,038 | INFO | 1521216083.038516 | Notification | 995d26c0-560d-4cf7-9639-fbc252adca05
2018-03-16 17:01:23,054 | INFO | 1521216083.054124 | Notification | e8bbd81e-a273-4dc5-afaa-a9f4ab2027ac
2018-03-16 17:01:23,054 | INFO | 1521216083.054124 | Notification | 8242f9ec-2f60-4129-91ae-546885624268
2018-03-16 17:01:23,054 | INFO | 1521216083.054124 | Notification | 3a83ce06-fa68-48f4-bd39-2edb3b1de8d6
2018-03-16 17:01:23,054 | INFO | 1521216083.054124 | Notification | 5c232dc9-fd16-4a2f-ace3-00dbfae25b72
2018-03-16 17:01:23,054 | INFO | 1521216083.054124 | Notification | cd049fa8-ce4c-47f0-b4dc-75fb03c5657e
2018-03-16 17:01:23,054 | INFO | 1521216083.054124 | Notification | 74de3db4-4472-4d42-b8ea-048d77f42fbf
2018-03-16 17:01:23,054 | INFO | 1521216083.054124 | Notification | f79552f5-d669-4df2-a54d-bf48563631dc
2018-03-16 17:01:23,054 | INFO | 1521216083.054124 | Notification | d56fd70d-e4a6-4f34-8b9e-2650ffc2815e
2018-03-16 17:01:23,054 | INFO | 1521216083.054124 | Notification | 0e2bbcb9-4b0c-4aa2-8849-fbb1291dd111
2018-03-16 17:01:23,069 | INFO | 1521216083.069751 | Notification | 59315e78-e3f6-4f92-9c2d-7f74f90604af
2018-03-16 17:01:23,069 | INFO | 1521216083.069751 | Notification | 8d24c714-ded5-46ea-8eb0-1a83b28a3957
2018-03-16 17:01:23,069 | INFO | 1521216083.069751 | Notification | 44a58145-f1aa-4400-81ea-0fa31e0a9c75
2018-03-16 17:01:23,069 | INFO | 1521216083.069751 | Notification | 2e01f5fe-258f-4ef9-84e9-685f9f8c567b
2018-03-16 17:01:23,069 | INFO | 1521216083.069751 | Notification | b52dac53-b31b-431c-a116-530bad76c999
2018-03-16 17:01:23,069 | INFO | 1521216083.069751 | Notification | a010fe81-dc72-443f-aff6-e98f3e223459
2018-03-16 17:01:23,069 | INFO | 1521216083.069751 | Notification | efeface4-7bd2-43e3-a581-b5905f03056c
2018-03-16 17:01:23,069 | INFO | 1521216083.069751 | Notification | 10807838-99b9-4b91-8f92-2f49ce32a825
2018-03-16 17:01:23,069 | INFO | 1521216083.069751 | Notification | dc67c777-1bd8-4b51-9f90-0e3a347e2f6e
2018-03-16 17:01:23,069 | INFO | 1521216083.069751 | Notification | e7b985e8-4927-4b59-9fe4-c7a7dc5eb9b3
2018-03-16 17:01:23,085 | INFO | 1521216083.085377 | Notification | 3efe77e9-9e42-4423-b0c6-155c4d506c37
2018-03-16 17:01:23,085 | INFO | 1521216083.085377 | Notification | f9b0284a-87d5-4c88-989e-d949d5c17cde
2018-03-16 17:01:23,085 | INFO | 1521216083.085377 | Notification | ec0aa63d-6fd9-479a-a26a-d399362992c2
2018-03-16 17:01:23,085 | INFO | 1521216083.085377 | Notification | c010eadb-a50b-42ab-bfdd-dd649ae43076
2018-03-16 17:01:23,085 | INFO | 1521216083.085377 | Notification | 11cbaa8f-ed30-4caa-9085-fec2bbac1f5c
2018-03-16 17:01:23,085 | INFO | 1521216083.085377 | Notification | e64dccf3-cfe3-4b2b-a8bc-fd40adf19857
2018-03-16 17:01:22,960 | INFO | 1521216082.960365 | datastream | 55e39b4a-80ae-49c1-9f21-3ac3d39f00ce
2018-03-16 17:01:22,960 | INFO | 1521216082.960365 | datastream | 799cccdc-48e8-4d24-8f7b-b485e7ac2c0f
2018-03-16 17:01:23,085 | INFO | 1521216083.085377 | Notification | 11ae168c-493c-4617-b187-7f9eb714a5ee
2018-03-16 17:01:22,960 | INFO | 1521216082.960365 | datastream | c58ab44a-4ad2-4015-b802-435772624149
2018-03-16 17:01:22,975 | INFO | 1521216082.975990 | datastream | 2a95dab1-25ed-4d7f-9aa5-272ff4645eeb
2018-03-16 17:01:22,975 | INFO | 1521216082.975990 | datastream | b0e0ddf9-cb5a-470a-8da5-3c74769223f8
2018-03-16 17:01:22,975 | INFO | 1521216082.975990 | datastream | 1be2c0d9-03f6-4cbd-89e4-9f472647973e
2018-03-16 17:01:22,975 | INFO | 1521216082.975990 | datastream | 134033b3-479c-4480-9e06-db0441087573
2018-03-16 17:01:22,975 | INFO | 1521216082.975990 | datastream | 78589ae0-bd3e-4e32-a5d7-5870042df6da
2018-03-16 17:01:22,991 | INFO | 1521216082.991618 | datastream | e7612a51-6b3d-4999-be3e-9d664716a584
2018-03-16 17:01:22,991 | INFO | 1521216082.991618 | datastream | 3d1a4ab1-24dc-4e49-80a4-e6e9bf913247
2018-03-16 17:01:22,991 | INFO | 1521216082.991618 | datastream | 92c65599-691d-4c9e-b4dd-d20063d72df4
2018-03-16 17:01:22,991 | INFO | 1521216082.991618 | datastream | f481ab1c-e9ee-490a-8cde-f45c12ef2adb
2018-03-16 17:01:22,991 | INFO | 1521216082.991618 | datastream | 703abb81-b084-4926-9c4d-a821de9af865
2018-03-16 17:01:23,007 | INFO | 1521216083.007244 | datastream | 25e3f3ed-13e8-4596-80c4-0f37128499e7
2018-03-16 17:01:23,007 | INFO | 1521216083.007244 | datastream | 6cf19357-d5de-474c-a660-580950ddd26b
2018-03-16 17:01:23,007 | INFO | 1521216083.007244 | datastream | 8df42e70-adcf-4f90-8771-1047f690a4da
2018-03-16 17:01:23,007 | INFO | 1521216083.007244 | datastream | 3418a333-0faa-4f58-9be0-8f38ce99d647
2018-03-16 17:01:23,007 | INFO | 1521216083.007244 | datastream | 296e9e7e-4e96-4f1f-8266-0092ff348bd5
2018-03-16 17:01:23,007 | INFO | 1521216083.007244 | datastream | 87da4f6f-572a-4373-b0d1-3bbb2847f74d
2018-03-16 17:01:23,007 | INFO | 1521216083.007244 | datastream | 28c5215b-f587-4439-a8c3-5bbff473ce5b
2018-03-16 17:01:23,022 | INFO | 1521216083.022870 | datastream | 974710a5-8acd-4e9a-919a-044a89211faf
2018-03-16 17:01:23,022 | INFO | 1521216083.022870 | datastream | 2edde7e2-3da1-4127-8c9f-732bc7deaf24
2018-03-16 17:01:23,038 | INFO | 1521216083.038516 | datastream | 0a5352ed-8b6f-42a7-b0b4-21fb8df8032a
2018-03-16 17:01:23,101 | INFO | 1521216083.101003 | Notification | aad94b59-f0dc-44f5-9d87-a9efb3ee4df5
2018-03-16 17:01:23,116 | INFO | 1521216083.116630 | Notification | 80fe2db0-aafa-469c-9b3c-412afe1df8be
2018-03-16 17:01:23,038 | INFO | 1521216083.038516 | datastream | c284fcce-5a14-489f-a3b1-a7287de95242
2018-03-16 17:01:23,116 | INFO | 1521216083.116630 | Notification | 1fb08d62-cb0d-4cbc-b585-0ebd4644e5e0
2018-03-16 17:01:23,116 | INFO | 1521216083.116630 | Notification | fb361144-b025-4f57-bf0d-5a21d4994d57
2018-03-16 17:01:23,116 | INFO | 1521216083.116630 | Notification | a89ed603-59de-4720-aef3-c71bb34878a9
2018-03-16 17:01:23,116 | INFO | 1521216083.116630 | Notification | ebce3d07-8e4f-4041-b148-caa48573e313
2018-03-16 17:01:23,116 | INFO | 1521216083.116630 | Notification | 2aa7bcfa-2b6e-4db5-9912-08a29ca3100f
2018-03-16 17:01:23,116 | INFO | 1521216083.116630 | Notification | 6a8be6c0-3f86-4529-a69f-23e3b94198df
2018-03-16 17:01:23,132 | INFO | 1521216083.132257 | Notification | 856cdc78-32c7-4e97-ae98-23bc83cecf05
2018-03-16 17:01:23,132 | INFO | 1521216083.132257 | Notification | bc341fa7-8e13-4f76-9c51-64face1135b3
2018-03-16 17:01:23,132 | INFO | 1521216083.132257 | Notification | 40a8e331-67f9-4e63-9488-fe02d5546072
2018-03-16 17:01:23,132 | INFO | 1521216083.132257 | Notification | 890dd9b8-5588-429b-ab78-7e29917ae549
2018-03-16 17:01:23,132 | INFO | 1521216083.132257 | Notification | 5d7c747f-be43-4d23-a48f-19055be2f4ff
2018-03-16 17:01:23,132 | INFO | 1521216083.132257 | Notification | e6161a4e-423e-47b2-b6d5-4f425ac3ee8c
2018-03-16 17:01:23,132 | INFO | 1521216083.132257 | Notification | 51f3e84e-0adc-43e0-94ac-18fc1d14f532
2018-03-16 17:01:23,132 | INFO | 1521216083.132257 | Notification | 18eac6ae-db04-4c96-b64e-7283fb50da91
2018-03-16 17:01:23,132 | INFO | 1521216083.132257 | Notification | 57ffebfc-fe87-4b0e-a512-964ac0d7ad8f
2018-03-16 17:01:23,038 | INFO | 1521216083.038516 | datastream | 08d711da-bfa1-4f1b-b69a-c174900eed53
2018-03-16 17:01:23,038 | INFO | 1521216083.038516 | datastream | f38c8b0d-6f78-439d-9d66-a08f61041b63
2018-03-16 17:01:23,132 | INFO | 1521216083.132257 | Notification | 322cd917-afbd-4b99-a52f-1631e50d2a59
2018-03-16 17:01:23,038 | INFO | 1521216083.038516 | datastream | 995d26c0-560d-4cf7-9639-fbc252adca05
2018-03-16 17:01:23,038 | INFO | 1521216083.038516 | datastream | e8bbd81e-a273-4dc5-afaa-a9f4ab2027ac
2018-03-16 17:01:23,054 | INFO | 1521216083.054124 | datastream | cd049fa8-ce4c-47f0-b4dc-75fb03c5657e
2018-03-16 17:01:23,054 | INFO | 1521216083.054124 | datastream | f79552f5-d669-4df2-a54d-bf48563631dc
2018-03-16 17:01:23,054 | INFO | 1521216083.054124 | datastream | 3a83ce06-fa68-48f4-bd39-2edb3b1de8d6
2018-03-16 17:01:23,054 | INFO | 1521216083.054124 | datastream | 8242f9ec-2f60-4129-91ae-546885624268
2018-03-16 17:01:23,054 | INFO | 1521216083.054124 | datastream | 5c232dc9-fd16-4a2f-ace3-00dbfae25b72
2018-03-16 17:01:23,147 | INFO | 1521216083.147884 | Notification | d92607bc-987a-4270-a769-3f9faf996322
2018-03-16 17:01:23,147 | INFO | 1521216083.147884 | Notification | 7732d4b8-ef1c-41be-8033-5642aab34cb0
2018-03-16 17:01:23,054 | INFO | 1521216083.054124 | datastream | d196279a-4c22-449f-bc98-bb885cd68568
2018-03-16 17:01:23,147 | INFO | 1521216083.147884 | Notification | 3893935e-b0f3-4392-9f79-bc166481ebc1
2018-03-16 17:01:23,054 | INFO | 1521216083.054124 | datastream | d56fd70d-e4a6-4f34-8b9e-2650ffc2815e
2018-03-16 17:01:23,054 | INFO | 1521216083.054124 | datastream | 0e2bbcb9-4b0c-4aa2-8849-fbb1291dd111
2018-03-16 17:01:23,054 | INFO | 1521216083.054124 | datastream | 59315e78-e3f6-4f92-9c2d-7f74f90604af
2018-03-16 17:01:23,069 | INFO | 1521216083.069751 | datastream | 44a58145-f1aa-4400-81ea-0fa31e0a9c75
2018-03-16 17:01:23,069 | INFO | 1521216083.069751 | datastream | b52dac53-b31b-431c-a116-530bad76c999
2018-03-16 17:01:23,069 | INFO | 1521216083.069751 | datastream | 2e01f5fe-258f-4ef9-84e9-685f9f8c567b
2018-03-16 17:01:23,069 | INFO | 1521216083.069751 | datastream | 74de3db4-4472-4d42-b8ea-048d77f42fbf
2018-03-16 17:01:23,069 | INFO | 1521216083.069751 | datastream | dc67c777-1bd8-4b51-9f90-0e3a347e2f6e
2018-03-16 17:01:23,069 | INFO | 1521216083.069751 | datastream | 8d24c714-ded5-46ea-8eb0-1a83b28a3957
2018-03-16 17:01:23,069 | INFO | 1521216083.069751 | datastream | efeface4-7bd2-43e3-a581-b5905f03056c
2018-03-16 17:01:23,085 | INFO | 1521216083.085377 | datastream | f9b0284a-87d5-4c88-989e-d949d5c17cde
2018-03-16 17:01:23,085 | INFO | 1521216083.085377 | datastream | 10807838-99b9-4b91-8f92-2f49ce32a825
2018-03-16 17:01:23,085 | INFO | 1521216083.085377 | datastream | 3efe77e9-9e42-4423-b0c6-155c4d506c37
2018-03-16 17:01:23,085 | INFO | 1521216083.085377 | datastream | e7b985e8-4927-4b59-9fe4-c7a7dc5eb9b3
2018-03-16 17:01:23,085 | INFO | 1521216083.085377 | datastream | c010eadb-a50b-42ab-bfdd-dd649ae43076
2018-03-16 17:01:23,085 | INFO | 1521216083.085377 | datastream | ec0aa63d-6fd9-479a-a26a-d399362992c2
2018-03-16 17:01:23,085 | INFO | 1521216083.085377 | datastream | a010fe81-dc72-443f-aff6-e98f3e223459
2018-03-16 17:01:23,085 | INFO | 1521216083.085377 | datastream | 11cbaa8f-ed30-4caa-9085-fec2bbac1f5c
2018-03-16 17:01:23,085 | INFO | 1521216083.085377 | datastream | 11ae168c-493c-4617-b187-7f9eb714a5ee
2018-03-16 17:01:23,085 | INFO | 1521216083.085377 | datastream | e64dccf3-cfe3-4b2b-a8bc-fd40adf19857
2018-03-16 17:01:23,101 | INFO | 1521216083.101003 | datastream | aad94b59-f0dc-44f5-9d87-a9efb3ee4df5
2018-03-16 17:01:23,116 | INFO | 1521216083.116630 | datastream | 1fb08d62-cb0d-4cbc-b585-0ebd4644e5e0
2018-03-16 17:01:23,116 | INFO | 1521216083.116630 | datastream | fb361144-b025-4f57-bf0d-5a21d4994d57
2018-03-16 17:01:23,116 | INFO | 1521216083.116630 | datastream | a89ed603-59de-4720-aef3-c71bb34878a9
2018-03-16 17:01:23,116 | INFO | 1521216083.116630 | datastream | ebce3d07-8e4f-4041-b148-caa48573e313
2018-03-16 17:01:23,116 | INFO | 1521216083.116630 | datastream | 80fe2db0-aafa-469c-9b3c-412afe1df8be
2018-03-16 17:01:23,116 | INFO | 1521216083.116630 | datastream | 6a8be6c0-3f86-4529-a69f-23e3b94198df
2018-03-16 17:01:23,116 | INFO | 1521216083.116630 | datastream | 2aa7bcfa-2b6e-4db5-9912-08a29ca3100f
2018-03-16 17:01:23,116 | INFO | 1521216083.116630 | datastream | 856cdc78-32c7-4e97-ae98-23bc83cecf05
2018-03-16 17:01:23,116 | INFO | 1521216083.116630 | datastream | bc341fa7-8e13-4f76-9c51-64face1135b3
2018-03-16 17:01:23,116 | INFO | 1521216083.116630 | datastream | 40a8e331-67f9-4e63-9488-fe02d5546072
2018-03-16 17:01:23,116 | INFO | 1521216083.116630 | datastream | 890dd9b8-5588-429b-ab78-7e29917ae549
2018-03-16 17:01:23,132 | INFO | 1521216083.132257 | datastream | 18eac6ae-db04-4c96-b64e-7283fb50da91
2018-03-16 17:01:23,132 | INFO | 1521216083.132257 | datastream | 7732d4b8-ef1c-41be-8033-5642aab34cb0
2018-03-16 17:01:23,132 | INFO | 1521216083.132257 | datastream | 5d7c747f-be43-4d23-a48f-19055be2f4ff
2018-03-16 17:01:23,132 | INFO | 1521216083.132257 | datastream | 51f3e84e-0adc-43e0-94ac-18fc1d14f532
2018-03-16 17:01:23,132 | INFO | 1521216083.132257 | datastream | e6161a4e-423e-47b2-b6d5-4f425ac3ee8c
2018-03-16 17:01:23,132 | INFO | 1521216083.132257 | datastream | 57ffebfc-fe87-4b0e-a512-964ac0d7ad8f
2018-03-16 17:01:23,132 | INFO | 1521216083.132257 | datastream | 322cd917-afbd-4b99-a52f-1631e50d2a59
2018-03-16 17:01:23,132 | INFO | 1521216083.132257 | datastream | d92607bc-987a-4270-a769-3f9faf996322
2018-03-16 17:01:23,132 | INFO | 1521216083.132257 | datastream | 3893935e-b0f3-4392-9f79-bc166481ebc1
2018-03-16 17:01:23,257 | INFO | 1521216083.257277 | Notification | ce84ddbc-3bff-46ca-a5c0-14da53a7f4f6
2018-03-16 17:01:23,257 | INFO | 1521216083.257277 | datastream | ce84ddbc-3bff-46ca-a5c0-14da53a7f4f6
2018-03-16 17:01:23,382 | INFO | 1521216083.382285 | Notification | 96ccc4db-0c41-4e29-957a-e0220bfe5943
2018-03-16 17:01:23,382 | INFO | 1521216083.382285 | datastream | 96ccc4db-0c41-4e29-957a-e0220bfe5943
2018-03-16 17:01:23,397 | INFO | 1521216083.397910 | datastream | e0eee4aa-45e5-4eeb-94b9-1435783865d0
2018-03-16 17:01:23,397 | INFO | 1521216083.397910 | Notification | f5d91326-d1ee-4596-baed-0e7837496833
2018-03-16 17:01:23,397 | INFO | 1521216083.397910 | datastream | f5d91326-d1ee-4596-baed-0e7837496833
2018-03-16 17:01:23,397 | INFO | 1521216083.397910 | Notification | e0eee4aa-45e5-4eeb-94b9-1435783865d0
2018-03-16 17:01:23,397 | INFO | 1521216083.397910 | Notification | b452c42c-cf8c-47ba-8f8c-1cdcbdcfc4cc
2018-03-16 17:01:23,397 | INFO | 1521216083.397910 | datastream | b452c42c-cf8c-47ba-8f8c-1cdcbdcfc4cc
2018-03-16 17:01:23,413 | INFO | 1521216083.413537 | datastream | 6c82aad9-9382-468e-a050-6331af9f7f74
2018-03-16 17:01:23,413 | INFO | 1521216083.413537 | Notification | 6c82aad9-9382-468e-a050-6331af9f7f74
2018-03-16 17:01:23,413 | INFO | 1521216083.413537 | datastream | 476a7b3c-45b8-416e-907b-ad3d65999d29
2018-03-16 17:01:23,413 | INFO | 1521216083.413537 | Notification | 476a7b3c-45b8-416e-907b-ad3d65999d29
2018-03-16 17:01:23,851 | INFO | 1521216083.851085 | datastream | bb8a77c5-9543-4178-aa2d-1e73bb341529
2018-03-16 17:01:23,851 | INFO | 1521216083.851085 | datastream | f68d096f-12c9-415b-a11d-4ffede9ae06e
2018-03-16 17:01:23,851 | INFO | 1521216083.851085 | Notification | bb8a77c5-9543-4178-aa2d-1e73bb341529
2018-03-16 17:01:23,866 | INFO | 1521216083.866711 | datastream | bc456090-5b64-4ec7-a6e8-bb3524a4803f
2018-03-16 17:01:23,866 | INFO | 1521216083.866711 | Notification | bc456090-5b64-4ec7-a6e8-bb3524a4803f
2018-03-16 17:01:23,866 | INFO | 1521216083.866711 | Notification | f68d096f-12c9-415b-a11d-4ffede9ae06e
2018-03-16 17:01:24,335 | INFO | 1521216084.335681 | datastream | 48ad48da-d1d8-43c0-85bc-df5ea2b70506
2018-03-16 17:01:24,335 | INFO | 1521216084.335681 | Notification | 48ad48da-d1d8-43c0-85bc-df5ea2b70506
2018-03-16 17:01:24,476 | INFO | 1521216084.476153 | Notification | fc0f309a-9774-4333-a4e7-12f68ac7cb00
2018-03-16 17:01:24,476 | INFO | 1521216084.476153 | datastream | fc0f309a-9774-4333-a4e7-12f68ac7cb00
2018-03-16 17:01:24,476 | INFO | 1521216084.476153 | datastream | f1e471ea-42ee-4c98-8029-8d56ff37501e
2018-03-16 17:01:24,491 | INFO | 1521216084.491778 | Notification | f1e471ea-42ee-4c98-8029-8d56ff37501e
2018-03-16 17:01:24,523 | INFO | 1521216084.523054 | datastream | c3912ad7-8306-445b-885b-aaa6ddcc2a4a
2018-03-16 17:01:24,538 | INFO | 1521216084.538674 | Notification | c3912ad7-8306-445b-885b-aaa6ddcc2a4a
2018-03-16 17:01:24,538 | INFO | 1521216084.538674 | datastream | 8f9a83eb-b0f9-42a9-a618-eed7d592bd08
2018-03-16 17:01:24,538 | INFO | 1521216084.538674 | Notification | 8f9a83eb-b0f9-42a9-a618-eed7d592bd08
