2018-03-20 00:03:10,658 | INFO | 1521500590.658543 | STARTING EXECUTION: sensor vs time
2018-03-20 00:03:10,658 | INFO | 1521500590.658543 | Configuration: threads (10), cycles (1), update interval (2)
2018-03-20 00:03:10,698 | INFO | 1521500590.698552 | start intantiation
2018-03-20 00:03:10,707 | INFO | 1521500590.707075 | end instantiation
2018-03-20 00:03:10,707 | INFO | 1521500590.707075 | start cep config deployment
2018-03-20 00:03:23,365 | INFO | 1521500603.365771 | End cep config deployment
2018-03-20 00:03:24,034 | INFO | 1521500604.034410 | Number of sensors: 10
2018-03-20 00:03:24,034 | INFO | 1521500604.034410 | number of generators created: 10
2018-03-20 00:03:24,034 | INFO | 1521500604.034912 | Start streaming
2018-03-20 00:03:24,133 | INFO | 1521500604.133865 | datastream | 50051be9-a8de-4df3-9ad7-73e208c2ae1a
2018-03-20 00:03:24,134 | INFO | 1521500604.134373 | datastream | e286e839-bf70-4b95-8141-e880c765a42a
2018-03-20 00:03:24,152 | INFO | 1521500604.152508 | datastream | 05ca7527-f20f-4c7c-96ee-028c2d6d6f2c
2018-03-20 00:03:24,157 | INFO | 1521500604.157520 | datastream | 2428169c-2481-442d-a722-384f3f111f8a
2018-03-20 00:03:24,162 | INFO | 1521500604.162031 | datastream | 1813ac8b-a645-4335-ba2f-8ffb4e851737
2018-03-20 00:03:24,164 | INFO | 1521500604.164540 | datastream | 44a34a36-9b9a-434f-a24a-79096f055549
2018-03-20 00:03:24,169 | INFO | 1521500604.169552 | datastream | 544af1e4-918e-4d4c-9ec7-4f4b2d2085e6
2018-03-20 00:03:24,170 | INFO | 1521500604.170054 | datastream | 95f75655-b70b-4b31-8d31-4aa5f4b9de3e
2018-03-20 00:03:24,174 | INFO | 1521500604.174063 | datastream | daa98596-7d83-4adf-ad62-8d757e12f3fd
2018-03-20 00:03:24,175 | INFO | 1521500604.175078 | datastream | 85af22ee-7355-4ad1-9d99-a5d0df203d97
2018-03-20 00:03:24,194 | INFO | 1521500604.194736 | Notification | 50051be9-a8de-4df3-9ad7-73e208c2ae1a
2018-03-20 00:03:24,206 | INFO | 1521500604.206300 | Notification | e286e839-bf70-4b95-8141-e880c765a42a
2018-03-20 00:03:24,217 | INFO | 1521500604.217327 | Notification | 05ca7527-f20f-4c7c-96ee-028c2d6d6f2c
2018-03-20 00:03:24,220 | INFO | 1521500604.220335 | Notification | 2428169c-2481-442d-a722-384f3f111f8a
2018-03-20 00:03:24,223 | INFO | 1521500604.223343 | Notification | 1813ac8b-a645-4335-ba2f-8ffb4e851737
2018-03-20 00:03:24,236 | INFO | 1521500604.236381 | Notification | 44a34a36-9b9a-434f-a24a-79096f055549
2018-03-20 00:03:24,236 | INFO | 1521500604.236893 | Notification | 544af1e4-918e-4d4c-9ec7-4f4b2d2085e6
2018-03-20 00:03:24,237 | INFO | 1521500604.237383 | Notification | 95f75655-b70b-4b31-8d31-4aa5f4b9de3e
2018-03-20 00:03:24,242 | INFO | 1521500604.242393 | Notification | 85af22ee-7355-4ad1-9d99-a5d0df203d97
2018-03-20 00:03:24,243 | INFO | 1521500604.243396 | Notification | daa98596-7d83-4adf-ad62-8d757e12f3fd
2018-03-20 00:03:51,466 | INFO | 1521500631.466959 | STARTING EXECUTION: sensor vs time
2018-03-20 00:03:51,466 | INFO | 1521500631.466959 | Configuration: threads (10), cycles (1), update interval (2)
2018-03-20 00:03:51,507 | INFO | 1521500631.507117 | start intantiation
2018-03-20 00:03:51,511 | INFO | 1521500631.511630 | end instantiation
2018-03-20 00:03:51,511 | INFO | 1521500631.511630 | start cep config deployment
2018-03-20 00:04:04,042 | INFO | 1521500644.042903 | End cep config deployment
2018-03-20 00:04:04,647 | INFO | 1521500644.647396 | Number of sensors: 100
2018-03-20 00:04:04,648 | INFO | 1521500644.648400 | number of generators created: 100
2018-03-20 00:04:04,648 | INFO | 1521500644.648400 | Start streaming
2018-03-20 00:04:04,741 | INFO | 1521500644.741828 | datastream | 321d1778-918a-4275-a16e-60101ef75c89
2018-03-20 00:04:04,764 | INFO | 1521500644.764179 | datastream | 45db9620-e2d5-47f6-8a6f-4f1076723a61
2018-03-20 00:04:04,768 | INFO | 1521500644.768189 | datastream | 861a32bf-d002-49b9-aa97-f287737a3dc2
2018-03-20 00:04:04,772 | INFO | 1521500644.772318 | datastream | e4feaf69-54d9-4dd3-9f0d-baa71bf69dce
2018-03-20 00:04:04,774 | INFO | 1521500644.774347 | datastream | 4e4ac122-fb1a-409b-84d4-933c09dc08a5
2018-03-20 00:04:04,777 | INFO | 1521500644.777831 | datastream | 1958fa03-3828-4946-906c-c93b0727fb27
2018-03-20 00:04:04,779 | INFO | 1521500644.779835 | datastream | 7f34a51b-14db-4e87-a2f2-9a3d5626b235
2018-03-20 00:04:04,780 | INFO | 1521500644.780839 | datastream | ee3633e1-2737-4418-9238-ad59c0802992
2018-03-20 00:04:04,781 | INFO | 1521500644.781341 | datastream | 8837564f-8795-478c-a7f1-079df866abb2
2018-03-20 00:04:04,785 | INFO | 1521500644.785350 | datastream | 911313dc-6e07-4728-9674-f7393f36f3da
2018-03-20 00:04:04,807 | INFO | 1521500644.807911 | Notification | 321d1778-918a-4275-a16e-60101ef75c89
2018-03-20 00:04:04,828 | INFO | 1521500644.828966 | Notification | 45db9620-e2d5-47f6-8a6f-4f1076723a61
2018-03-20 00:04:04,831 | INFO | 1521500644.831975 | Notification | 861a32bf-d002-49b9-aa97-f287737a3dc2
2018-03-20 00:04:04,832 | INFO | 1521500644.832977 | Notification | e4feaf69-54d9-4dd3-9f0d-baa71bf69dce
2018-03-20 00:04:04,833 | INFO | 1521500644.833979 | Notification | 4e4ac122-fb1a-409b-84d4-933c09dc08a5
2018-03-20 00:04:04,842 | INFO | 1521500644.842502 | Notification | 1958fa03-3828-4946-906c-c93b0727fb27
2018-03-20 00:04:04,848 | INFO | 1521500644.848519 | Notification | 7f34a51b-14db-4e87-a2f2-9a3d5626b235
2018-03-20 00:04:04,855 | INFO | 1521500644.855538 | Notification | 8837564f-8795-478c-a7f1-079df866abb2
2018-03-20 00:04:04,856 | INFO | 1521500644.856540 | Notification | 911313dc-6e07-4728-9674-f7393f36f3da
2018-03-20 00:04:04,867 | INFO | 1521500644.867069 | Notification | ee3633e1-2737-4418-9238-ad59c0802992
2018-03-20 00:04:04,917 | INFO | 1521500644.917802 | datastream | f8aeb471-4624-4cbe-8ac9-3a79245cbf59
2018-03-20 00:04:04,921 | INFO | 1521500644.921815 | datastream | 6966c9e2-82e1-4f5e-a7ec-e2926ac72133
2018-03-20 00:04:04,930 | INFO | 1521500644.930868 | datastream | a69636e7-325d-4b3b-9157-6893f736d990
2018-03-20 00:04:04,985 | INFO | 1521500644.985989 | Notification | f8aeb471-4624-4cbe-8ac9-3a79245cbf59
2018-03-20 00:04:04,986 | INFO | 1521500644.986474 | Notification | 6966c9e2-82e1-4f5e-a7ec-e2926ac72133
2018-03-20 00:04:04,987 | INFO | 1521500644.987477 | Notification | a69636e7-325d-4b3b-9157-6893f736d990
2018-03-20 00:04:04,999 | INFO | 1521500644.999009 | datastream | 8996e95b-c04c-4cdc-aaac-11ef80e01ffa
2018-03-20 00:04:05,017 | INFO | 1521500645.017100 | datastream | 37354ad1-e80f-4e18-bb9b-77ca3f5464fc
2018-03-20 00:04:05,042 | INFO | 1521500645.042232 | datastream | a07897c2-31bc-4917-aa96-9ff7030b3285
2018-03-20 00:04:05,047 | INFO | 1521500645.047247 | datastream | d0702aab-0b05-4f30-b69d-7eec01bbbeb2
2018-03-20 00:04:05,061 | INFO | 1521500645.061785 | Notification | 8996e95b-c04c-4cdc-aaac-11ef80e01ffa
2018-03-20 00:04:05,074 | INFO | 1521500645.074821 | datastream | 4cecb56f-3f13-40e9-83b5-7642b7c1366c
2018-03-20 00:04:05,076 | INFO | 1521500645.076323 | Notification | 37354ad1-e80f-4e18-bb9b-77ca3f5464fc
2018-03-20 00:04:05,105 | INFO | 1521500645.105400 | Notification | a07897c2-31bc-4917-aa96-9ff7030b3285
2018-03-20 00:04:05,112 | INFO | 1521500645.112419 | Notification | d0702aab-0b05-4f30-b69d-7eec01bbbeb2
2018-03-20 00:04:05,130 | INFO | 1521500645.130466 | Notification | 4cecb56f-3f13-40e9-83b5-7642b7c1366c
2018-03-20 00:04:05,322 | INFO | 1521500645.322571 | datastream | 2eaed673-c686-432b-ac74-b6686a224347
2018-03-20 00:04:05,454 | INFO | 1521500645.454852 | Notification | 2eaed673-c686-432b-ac74-b6686a224347
2018-03-20 00:04:05,555 | INFO | 1521500645.555492 | datastream | 31788e2c-e553-4c83-b3b5-4d47e7d4e0b6
2018-03-20 00:04:05,584 | INFO | 1521500645.584895 | datastream | 17346ec7-2c44-478a-8764-1d311ebaabff
2018-03-20 00:04:05,609 | INFO | 1521500645.609589 | Notification | 31788e2c-e553-4c83-b3b5-4d47e7d4e0b6
2018-03-20 00:04:05,641 | INFO | 1521500645.641222 | Notification | 17346ec7-2c44-478a-8764-1d311ebaabff
2018-03-20 00:04:05,696 | INFO | 1521500645.696636 | datastream | 0eb4d79f-5d1e-4de0-b394-6e50dc18253b
2018-03-20 00:04:05,750 | INFO | 1521500645.750593 | Notification | 0eb4d79f-5d1e-4de0-b394-6e50dc18253b
2018-03-20 00:04:06,080 | INFO | 1521500646.080663 | datastream | e6ece891-720d-4660-8151-0995ed0b671b
2018-03-20 00:04:06,097 | INFO | 1521500646.097681 | datastream | 8da44adf-ac94-4b38-bb61-4dc2eae2eeb3
2018-03-20 00:04:06,148 | INFO | 1521500646.148168 | Notification | e6ece891-720d-4660-8151-0995ed0b671b
2018-03-20 00:04:06,165 | INFO | 1521500646.165211 | Notification | 8da44adf-ac94-4b38-bb61-4dc2eae2eeb3
2018-03-20 00:04:06,191 | INFO | 1521500646.191509 | datastream | d454b6e6-f7d2-4bd4-83cd-1ec1bd189f20
2018-03-20 00:04:06,243 | INFO | 1521500646.243478 | Notification | d454b6e6-f7d2-4bd4-83cd-1ec1bd189f20
2018-03-20 00:04:06,271 | INFO | 1521500646.271754 | datastream | 05585830-04c6-4b6b-a9e6-73460d309729
2018-03-20 00:04:06,324 | INFO | 1521500646.324461 | Notification | 05585830-04c6-4b6b-a9e6-73460d309729
2018-03-20 00:04:06,400 | INFO | 1521500646.400719 | datastream | 69bf2597-37ea-4cf1-bb7d-c37465a3ffbd
2018-03-20 00:04:06,437 | INFO | 1521500646.437237 | datastream | 491d9785-307a-4ae8-ac80-229d26caa8a6
2018-03-20 00:04:06,452 | INFO | 1521500646.452323 | datastream | e4f9b3e3-51b5-4fd1-af94-e6dc1c7e5358
2018-03-20 00:04:06,455 | INFO | 1521500646.455832 | Notification | 69bf2597-37ea-4cf1-bb7d-c37465a3ffbd
2018-03-20 00:04:06,500 | INFO | 1521500646.500364 | Notification | 491d9785-307a-4ae8-ac80-229d26caa8a6
2018-03-20 00:04:06,507 | INFO | 1521500646.507884 | Notification | e4f9b3e3-51b5-4fd1-af94-e6dc1c7e5358
2018-03-20 00:04:06,902 | INFO | 1521500646.902291 | datastream | f67e86e5-0c70-4105-bf74-0cd8ec1b198b
2018-03-20 00:04:06,953 | INFO | 1521500646.953272 | datastream | e78b1d3a-bb7c-4841-88b6-d6bb7d3b3d46
2018-03-20 00:04:06,955 | INFO | 1521500646.955271 | Notification | f67e86e5-0c70-4105-bf74-0cd8ec1b198b
2018-03-20 00:04:06,957 | INFO | 1521500646.957780 | datastream | 5d296e03-da9e-47b8-82e9-da31dd818b31
2018-03-20 00:04:07,022 | INFO | 1521500647.022227 | Notification | e78b1d3a-bb7c-4841-88b6-d6bb7d3b3d46
2018-03-20 00:04:07,022 | INFO | 1521500647.022727 | Notification | 5d296e03-da9e-47b8-82e9-da31dd818b31
2018-03-20 00:04:07,149 | INFO | 1521500647.149729 | datastream | 1b58e7d4-1896-4142-b2a7-ef5c1380346b
2018-03-20 00:04:07,202 | INFO | 1521500647.202658 | Notification | 1b58e7d4-1896-4142-b2a7-ef5c1380346b
2018-03-20 00:04:07,225 | INFO | 1521500647.225299 | datastream | 6107f93f-a20f-4ae5-b981-8ef6c401c1a6
2018-03-20 00:04:07,279 | INFO | 1521500647.279338 | Notification | 6107f93f-a20f-4ae5-b981-8ef6c401c1a6
2018-03-20 00:04:07,429 | INFO | 1521500647.429155 | datastream | 0e4541c9-255c-4f6d-a6c5-85c01aef81b7
2018-03-20 00:04:07,486 | INFO | 1521500647.486759 | Notification | 0e4541c9-255c-4f6d-a6c5-85c01aef81b7
2018-03-20 00:04:07,756 | INFO | 1521500647.756172 | datastream | 5f16b0f9-697b-4daa-ad62-c82e0c507f81
2018-03-20 00:04:07,781 | INFO | 1521500647.781136 | datastream | a28cff08-3975-45e3-928f-41b488488d39
2018-03-20 00:04:07,821 | INFO | 1521500647.821284 | Notification | 5f16b0f9-697b-4daa-ad62-c82e0c507f81
2018-03-20 00:04:07,846 | INFO | 1521500647.846543 | Notification | a28cff08-3975-45e3-928f-41b488488d39
2018-03-20 00:04:07,905 | INFO | 1521500647.905226 | datastream | 1c369eb7-93c6-48fd-8a45-74cfee91de60
2018-03-20 00:04:07,961 | INFO | 1521500647.961497 | Notification | 1c369eb7-93c6-48fd-8a45-74cfee91de60
2018-03-20 00:04:08,031 | INFO | 1521500648.031175 | datastream | b8cb16da-4e3b-42e9-aec7-17111ca5d071
2018-03-20 00:04:08,084 | INFO | 1521500648.084259 | Notification | b8cb16da-4e3b-42e9-aec7-17111ca5d071
2018-03-20 00:04:08,155 | INFO | 1521500648.155728 | datastream | 22055b32-e7f5-4eaf-804d-045275a8e7f1
2018-03-20 00:04:08,218 | INFO | 1521500648.218029 | Notification | 22055b32-e7f5-4eaf-804d-045275a8e7f1
2018-03-20 00:04:08,900 | INFO | 1521500648.900027 | datastream | 9d549e21-2d76-4d50-bb95-b5993c562d77
2018-03-20 00:04:08,954 | INFO | 1521500648.954504 | Notification | 9d549e21-2d76-4d50-bb95-b5993c562d77
2018-03-20 00:04:09,145 | INFO | 1521500649.145270 | datastream | 2f553097-3bf9-4000-9184-fde3a01fab01
2018-03-20 00:04:09,199 | INFO | 1521500649.199644 | Notification | 2f553097-3bf9-4000-9184-fde3a01fab01
2018-03-20 00:04:09,481 | INFO | 1521500649.481415 | datastream | a3e79e16-6717-486c-a734-12543507d6a7
2018-03-20 00:04:09,533 | INFO | 1521500649.533758 | datastream | d2314297-1680-4787-bfe3-38587200cc35
2018-03-20 00:04:09,539 | INFO | 1521500649.539492 | Notification | a3e79e16-6717-486c-a734-12543507d6a7
2018-03-20 00:04:09,549 | INFO | 1521500649.549050 | datastream | 72918350-bb82-4375-ad8c-1c9d2f6234f9
2018-03-20 00:04:09,587 | INFO | 1521500649.587305 | Notification | d2314297-1680-4787-bfe3-38587200cc35
2018-03-20 00:04:09,604 | INFO | 1521500649.604343 | Notification | 72918350-bb82-4375-ad8c-1c9d2f6234f9
2018-03-20 00:04:09,745 | INFO | 1521500649.745917 | datastream | 5dbdd19f-fb17-4c1b-b382-d06b633b12b4
2018-03-20 00:04:09,799 | INFO | 1521500649.799981 | Notification | 5dbdd19f-fb17-4c1b-b382-d06b633b12b4
2018-03-20 00:04:09,918 | INFO | 1521500649.918921 | datastream | d235a8c1-7501-4fc4-a1e7-8d31db440204
2018-03-20 00:04:09,974 | INFO | 1521500649.974078 | Notification | d235a8c1-7501-4fc4-a1e7-8d31db440204
2018-03-20 00:04:11,559 | INFO | 1521500651.559512 | datastream | 6510a4cf-f619-4084-ab74-885e8ce0343d
2018-03-20 00:04:11,612 | INFO | 1521500651.612528 | Notification | 6510a4cf-f619-4084-ab74-885e8ce0343d
2018-03-20 00:04:11,733 | INFO | 1521500651.733216 | datastream | 0db496c7-0c0a-4d44-8f44-23898bf548a8
2018-03-20 00:04:11,797 | INFO | 1521500651.797080 | Notification | 0db496c7-0c0a-4d44-8f44-23898bf548a8
2018-03-20 00:04:12,036 | INFO | 1521500652.036770 | datastream | 77709d04-83d9-4e92-84c2-838270f15ac3
2018-03-20 00:04:12,088 | INFO | 1521500652.088620 | Notification | 77709d04-83d9-4e92-84c2-838270f15ac3
2018-03-20 00:04:15,062 | INFO | 1521500655.062339 | datastream | e1b7b128-a3bc-4108-80e1-659459dd0fbb
2018-03-20 00:04:15,115 | INFO | 1521500655.115227 | Notification | e1b7b128-a3bc-4108-80e1-659459dd0fbb
2018-03-20 00:04:15,550 | INFO | 1521500655.550251 | datastream | 9ef5d03c-b7f0-4305-a353-472843e3f7ca
2018-03-20 00:04:15,601 | INFO | 1521500655.601605 | Notification | 9ef5d03c-b7f0-4305-a353-472843e3f7ca
2018-03-20 00:04:15,878 | INFO | 1521500655.878170 | datastream | 05c4231e-cead-4597-9b1b-36c543f7a414
2018-03-20 00:04:15,936 | INFO | 1521500655.936375 | Notification | 05c4231e-cead-4597-9b1b-36c543f7a414
2018-03-20 00:04:17,265 | INFO | 1521500657.265988 | datastream | 9d3f0dae-14d9-48b5-83bf-56498738525d
2018-03-20 00:04:17,320 | INFO | 1521500657.320275 | Notification | 9d3f0dae-14d9-48b5-83bf-56498738525d
2018-03-20 00:04:19,269 | INFO | 1521500659.269023 | datastream | e5290e95-2100-4305-b66f-d9d0d80cf2b0
2018-03-20 00:04:19,331 | INFO | 1521500659.331539 | Notification | e5290e95-2100-4305-b66f-d9d0d80cf2b0
2018-03-20 00:04:19,554 | INFO | 1521500659.554167 | datastream | 5882d95a-dafa-4aaa-ad47-ce1f8c8def70
2018-03-20 00:04:19,617 | INFO | 1521500659.617849 | Notification | 5882d95a-dafa-4aaa-ad47-ce1f8c8def70
2018-03-20 00:04:20,583 | INFO | 1521500660.583235 | datastream | ec661867-a7c9-48a8-a71b-d52847316f27
2018-03-20 00:04:20,640 | INFO | 1521500660.640848 | Notification | ec661867-a7c9-48a8-a71b-d52847316f27
2018-03-20 00:04:28,090 | INFO | 1521500668.090361 | datastream | d3bf0924-af16-4e90-9664-e048a614142f
2018-03-20 00:04:28,143 | INFO | 1521500668.143418 | Notification | d3bf0924-af16-4e90-9664-e048a614142f
2018-03-20 00:04:28,210 | INFO | 1521500668.210171 | datastream | 2ddc673a-aa82-4769-8e59-223c32a0e44b
2018-03-20 00:04:28,267 | INFO | 1521500668.267072 | Notification | 2ddc673a-aa82-4769-8e59-223c32a0e44b
2018-03-20 00:04:37,590 | INFO | 1521500677.590738 | datastream | 31f1da77-999b-44b2-ae95-a11e0cf1ebf1
2018-03-20 00:04:37,646 | INFO | 1521500677.646080 | Notification | 31f1da77-999b-44b2-ae95-a11e0cf1ebf1
2018-03-20 00:04:53,936 | INFO | 1521500693.936328 | datastream | d66d921b-ee1f-4f28-bd90-ef7b4313d9bf
2018-03-20 00:04:53,981 | INFO | 1521500693.981237 | datastream | 96acd7ea-5b52-4da0-8bd0-4fb36b667b4d
2018-03-20 00:04:53,994 | INFO | 1521500693.994107 | Notification | d66d921b-ee1f-4f28-bd90-ef7b4313d9bf
2018-03-20 00:04:54,051 | INFO | 1521500694.051016 | Notification | 96acd7ea-5b52-4da0-8bd0-4fb36b667b4d
2018-03-20 00:04:54,752 | INFO | 1521500694.752067 | datastream | 8dc3674a-5615-4112-8a8c-2d28fe680df3
2018-03-20 00:04:54,810 | INFO | 1521500694.810864 | Notification | 8dc3674a-5615-4112-8a8c-2d28fe680df3
2018-03-20 00:04:54,813 | INFO | 1521500694.813199 | datastream | 6447657d-ee66-4960-b96d-60cf15c0394e
2018-03-20 00:04:54,867 | INFO | 1521500694.867632 | Notification | 6447657d-ee66-4960-b96d-60cf15c0394e
2018-03-20 00:04:54,885 | INFO | 1521500694.885535 | datastream | d164975a-152a-4625-91be-209d174a9f08
2018-03-20 00:04:54,940 | INFO | 1521500694.940320 | Notification | d164975a-152a-4625-91be-209d174a9f08
2018-03-20 00:04:56,145 | INFO | 1521500696.145431 | datastream | 34051071-87c7-45b3-bfb9-d8c4c6be9ce1
2018-03-20 00:04:56,205 | INFO | 1521500696.205884 | Notification | 34051071-87c7-45b3-bfb9-d8c4c6be9ce1
2018-03-20 00:04:56,274 | INFO | 1521500696.274666 | datastream | 5cba87e7-0c9c-4d4d-a2dc-9c6e43bc5cf4
2018-03-20 00:04:56,341 | INFO | 1521500696.341220 | Notification | 5cba87e7-0c9c-4d4d-a2dc-9c6e43bc5cf4
2018-03-20 00:04:57,695 | INFO | 1521500697.695263 | datastream | e2e3fde9-f2fb-4721-bd60-2feec0fe7791
2018-03-20 00:04:57,743 | INFO | 1521500697.743946 | Notification | e2e3fde9-f2fb-4721-bd60-2feec0fe7791
2018-03-20 00:04:58,402 | INFO | 1521500698.402045 | datastream | 89566946-bbfa-404b-a7a6-114b02f3c2f8
2018-03-20 00:04:58,454 | INFO | 1521500698.454776 | Notification | 89566946-bbfa-404b-a7a6-114b02f3c2f8
2018-03-20 00:04:58,920 | INFO | 1521500698.920776 | datastream | da542522-1d5c-43c2-9a39-644c456e2b6b
2018-03-20 00:04:58,979 | INFO | 1521500698.979813 | Notification | da542522-1d5c-43c2-9a39-644c456e2b6b
2018-03-20 00:04:59,092 | INFO | 1521500699.092059 | datastream | d952b6da-194c-4e17-8bd2-9f59c6a57c13
2018-03-20 00:04:59,145 | INFO | 1521500699.145840 | Notification | d952b6da-194c-4e17-8bd2-9f59c6a57c13
2018-03-20 00:04:59,356 | INFO | 1521500699.356877 | datastream | 11f67549-64b9-495e-8a69-89c4d7319812
2018-03-20 00:04:59,414 | INFO | 1521500699.414392 | Notification | 11f67549-64b9-495e-8a69-89c4d7319812
2018-03-20 00:04:59,471 | INFO | 1521500699.471326 | datastream | fa076411-9ac9-4b1d-8544-ae8b31ec9bbd
2018-03-20 00:04:59,476 | INFO | 1521500699.476932 | datastream | 0fcfbe12-81a0-4b43-b765-60ec7c6c2544
2018-03-20 00:04:59,517 | INFO | 1521500699.517025 | datastream | d618c72b-16c9-4ff2-ae9d-b223fa4d2880
2018-03-20 00:04:59,529 | INFO | 1521500699.529722 | Notification | fa076411-9ac9-4b1d-8544-ae8b31ec9bbd
2018-03-20 00:04:59,548 | INFO | 1521500699.548735 | Notification | 0fcfbe12-81a0-4b43-b765-60ec7c6c2544
2018-03-20 00:04:59,584 | INFO | 1521500699.584634 | Notification | d618c72b-16c9-4ff2-ae9d-b223fa4d2880
2018-03-20 00:04:59,638 | INFO | 1521500699.638761 | datastream | ef318113-7074-455e-97e0-34e94043bcb6
2018-03-20 00:04:59,695 | INFO | 1521500699.695611 | Notification | ef318113-7074-455e-97e0-34e94043bcb6
2018-03-20 00:04:59,753 | INFO | 1521500699.753531 | datastream | 52487dfd-e3ee-4bf8-85b4-5b4d323748a2
2018-03-20 00:04:59,807 | INFO | 1521500699.807167 | Notification | 52487dfd-e3ee-4bf8-85b4-5b4d323748a2
2018-03-20 00:04:59,943 | INFO | 1521500699.943174 | datastream | a5f1ead1-0f48-434e-a3d1-fe8ce5677a33
2018-03-20 00:04:59,968 | INFO | 1521500699.968983 | datastream | 1dbb98c1-59c7-456f-b297-3683311f8e01
2018-03-20 00:05:00,005 | INFO | 1521500700.005735 | Notification | a5f1ead1-0f48-434e-a3d1-fe8ce5677a33
2018-03-20 00:05:00,031 | INFO | 1521500700.031451 | Notification | 1dbb98c1-59c7-456f-b297-3683311f8e01
2018-03-20 00:05:00,077 | INFO | 1521500700.077086 | datastream | 355a90ac-45c0-42f5-9283-2b30b5d641fe
2018-03-20 00:05:00,131 | INFO | 1521500700.131540 | Notification | 355a90ac-45c0-42f5-9283-2b30b5d641fe
2018-03-20 00:05:00,132 | INFO | 1521500700.132046 | datastream | 0d28bbf1-5880-405d-a866-0ff2ee2de337
2018-03-20 00:05:00,189 | INFO | 1521500700.189530 | Notification | 0d28bbf1-5880-405d-a866-0ff2ee2de337
2018-03-20 00:05:00,836 | INFO | 1521500700.836398 | datastream | 720dcde7-96df-4494-9737-262b17affda5
2018-03-20 00:05:00,886 | INFO | 1521500700.886812 | Notification | 720dcde7-96df-4494-9737-262b17affda5
2018-03-20 00:05:00,904 | INFO | 1521500700.904102 | datastream | 551bc686-88a7-4fa2-a801-fa8d04db1c0f
2018-03-20 00:05:00,957 | INFO | 1521500700.957227 | datastream | 3dead530-25bf-4347-a82e-115612b8d655
2018-03-20 00:05:00,969 | INFO | 1521500700.969005 | Notification | 551bc686-88a7-4fa2-a801-fa8d04db1c0f
2018-03-20 00:05:01,008 | INFO | 1521500701.008882 | Notification | 3dead530-25bf-4347-a82e-115612b8d655
2018-03-20 00:05:01,103 | INFO | 1521500701.103006 | datastream | 0c0f58b6-e01a-405f-8cc5-fd74ddb7ef22
2018-03-20 00:05:01,165 | INFO | 1521500701.165691 | Notification | 0c0f58b6-e01a-405f-8cc5-fd74ddb7ef22
2018-03-20 00:05:01,353 | INFO | 1521500701.353468 | datastream | f50dd799-567f-4874-b384-5e375081b3b3
2018-03-20 00:05:01,415 | INFO | 1521500701.415316 | Notification | f50dd799-567f-4874-b384-5e375081b3b3
2018-03-20 00:05:01,563 | INFO | 1521500701.563527 | datastream | b620678d-70c3-43cc-ac22-69fd6009e630
2018-03-20 00:05:01,625 | INFO | 1521500701.625983 | Notification | b620678d-70c3-43cc-ac22-69fd6009e630
2018-03-20 00:05:01,817 | INFO | 1521500701.817799 | datastream | 9a9a99aa-0020-4a57-994b-155ac22248ff
2018-03-20 00:05:01,881 | INFO | 1521500701.881469 | Notification | 9a9a99aa-0020-4a57-994b-155ac22248ff
2018-03-20 00:05:02,049 | INFO | 1521500702.049290 | datastream | 1543534f-016b-4284-be0f-f8b48f248282
2018-03-20 00:05:02,099 | INFO | 1521500702.099686 | Notification | 1543534f-016b-4284-be0f-f8b48f248282
2018-03-20 00:05:02,159 | INFO | 1521500702.159856 | datastream | 0cc4bfa0-ee18-4a31-bb61-9d0a01a7f5ae
2018-03-20 00:05:02,213 | INFO | 1521500702.213483 | Notification | 0cc4bfa0-ee18-4a31-bb61-9d0a01a7f5ae
2018-03-20 00:05:02,371 | INFO | 1521500702.371853 | datastream | 7e78be85-d4dd-48d3-9581-b78f743e6161
2018-03-20 00:05:02,425 | INFO | 1521500702.425401 | Notification | 7e78be85-d4dd-48d3-9581-b78f743e6161
2018-03-20 00:05:02,551 | INFO | 1521500702.551882 | datastream | daf18093-bf9b-4f7d-b6bb-5499b4524236
2018-03-20 00:05:02,609 | INFO | 1521500702.609358 | Notification | daf18093-bf9b-4f7d-b6bb-5499b4524236
2018-03-20 00:05:02,818 | INFO | 1521500702.818298 | datastream | 11fde313-0972-4c34-b48b-88e8d8a968ff
2018-03-20 00:05:02,847 | INFO | 1521500702.847573 | datastream | d6c5ec3a-6581-4b8c-9349-4a105c446fcd
2018-03-20 00:05:02,871 | INFO | 1521500702.871893 | Notification | 11fde313-0972-4c34-b48b-88e8d8a968ff
2018-03-20 00:05:02,901 | INFO | 1521500702.901951 | Notification | d6c5ec3a-6581-4b8c-9349-4a105c446fcd
2018-03-20 00:05:03,047 | INFO | 1521500703.047334 | datastream | 747aaf93-bb89-4371-be74-5441051f0c62
2018-03-20 00:05:03,101 | INFO | 1521500703.101269 | Notification | 747aaf93-bb89-4371-be74-5441051f0c62
2018-03-20 00:05:04,208 | INFO | 1521500704.208448 | datastream | 9d08428a-91b2-4a06-9198-7fc6c5b1e4f0
2018-03-20 00:05:04,298 | INFO | 1521500704.298214 | Notification | 9d08428a-91b2-4a06-9198-7fc6c5b1e4f0
2018-03-20 00:05:04,591 | INFO | 1521500704.591211 | datastream | 5839fc03-a801-42ba-8a93-0d20a4652f90
2018-03-20 00:05:04,646 | INFO | 1521500704.646275 | Notification | 5839fc03-a801-42ba-8a93-0d20a4652f90
2018-03-20 00:05:05,277 | INFO | 1521500705.277723 | datastream | 7f7a9af9-72c8-4efe-a309-a43488e6ca0e
2018-03-20 00:05:05,330 | INFO | 1521500705.330703 | Notification | 7f7a9af9-72c8-4efe-a309-a43488e6ca0e
2018-03-20 00:05:09,652 | INFO | 1521500709.652416 | datastream | 7ffd69a2-4536-44aa-b69e-77c4f0de3f2e
2018-03-20 00:05:09,757 | INFO | 1521500709.757418 | Notification | 7ffd69a2-4536-44aa-b69e-77c4f0de3f2e
2018-03-20 00:05:11,121 | INFO | 1521500711.121281 | datastream | adbd083c-c47a-4469-a456-4d25640dccea
2018-03-20 00:05:11,172 | INFO | 1521500711.172239 | Notification | adbd083c-c47a-4469-a456-4d25640dccea
2018-03-20 01:54:11,429 | INFO | 1521507251.429415 | STARTING EXECUTION: sensor vs time
2018-03-20 01:54:11,429 | INFO | 1521507251.429415 | Configuration: threads (10), cycles (1), update interval (2)
2018-03-20 01:54:11,473 | INFO | 1521507251.473476 | start intantiation
2018-03-20 01:54:11,481 | INFO | 1521507251.481483 | end instantiation
2018-03-20 01:54:11,481 | INFO | 1521507251.481483 | start cep config deployment
2018-03-20 01:54:24,921 | INFO | 1521507264.921302 | End cep config deployment
2018-03-20 01:54:26,344 | INFO | 1521507266.344474 | Number of sensors: 5
2018-03-20 01:54:26,344 | INFO | 1521507266.344474 | number of generators created: 5
2018-03-20 01:54:26,344 | INFO | 1521507266.344474 | Start streaming
2018-03-20 01:54:26,691 | INFO | 1521507266.691057 | datastream | e4387a68-ef03-4b09-a51c-b1609cfa0ffe
2018-03-20 01:54:26,717 | INFO | 1521507266.717313 | datastream | 2dcc47c1-fc89-49d3-b81f-2a934f0d518e
2018-03-20 01:54:26,729 | INFO | 1521507266.729495 | datastream | e6918a79-facd-46d2-b914-a0af2e9b9678
2018-03-20 01:54:26,749 | INFO | 1521507266.749522 | datastream | cdcbb46e-4476-45ff-8b51-a8359182b8ff
2018-03-20 01:54:26,765 | INFO | 1521507266.765567 | Notification | e4387a68-ef03-4b09-a51c-b1609cfa0ffe
2018-03-20 01:54:26,777 | INFO | 1521507266.777563 | Notification | 2dcc47c1-fc89-49d3-b81f-2a934f0d518e
2018-03-20 01:54:26,789 | INFO | 1521507266.789575 | Notification | e6918a79-facd-46d2-b914-a0af2e9b9678
2018-03-20 01:54:26,814 | INFO | 1521507266.814874 | Notification | cdcbb46e-4476-45ff-8b51-a8359182b8ff
2018-03-20 01:54:26,973 | INFO | 1521507266.973912 | datastream | 877ac81e-feb0-449a-a56e-462bb786720a
2018-03-20 01:54:27,033 | INFO | 1521507267.033241 | Notification | 877ac81e-feb0-449a-a56e-462bb786720a
2018-03-20 11:58:32,840 | INFO | 1521543512.840349 | STARTING EXECUTION: sensor vs time
2018-03-20 11:58:32,842 | INFO | 1521543512.842254 | Configuration: threads (10), cycles (1), update interval (2)
2018-03-20 11:58:32,863 | INFO | 1521543512.863852 | start intantiation
2018-03-20 11:58:32,873 | INFO | 1521543512.873377 | end instantiation
2018-03-20 11:58:32,873 | INFO | 1521543512.873377 | start cep config deployment
