2018-03-16 16:28:44,316 | INFO | 1521214124.316341 | STARTING EXECUTION: sensor vs time
2018-03-16 16:28:44,329 | INFO | 1521214124.329540 | start intantiation
2018-03-16 16:28:44,337 | INFO | 1521214124.337522 | end instantiation
2018-03-16 16:28:44,338 | INFO | 1521214124.338526 | start cep config deployment
2018-03-16 16:28:57,018 | INFO | 1521214137.018823 | End cep config deployment
2018-03-16 16:28:57,426 | INFO | 1521214137.426040 | Number of sensors: 50
2018-03-16 16:28:57,427 | INFO | 1521214137.427039 | number of generators created: 50
2018-03-16 16:28:57,427 | INFO | 1521214137.427039 | Start streaming
2018-03-16 16:28:57,497 | INFO | 1521214137.497838 | datastream | e300a246-9a51-432c-b57c-9fa11e925efa
2018-03-16 16:28:57,499 | INFO | 1521214137.499811 | Notification | e300a246-9a51-432c-b57c-9fa11e925efa
2018-03-16 16:29:03,390 | INFO | 1521214143.390614 | datastream | 00009b85-d5d3-4d88-8b90-5a7b27a79c23
2018-03-16 16:29:03,395 | INFO | 1521214143.395628 | Notification | 00009b85-d5d3-4d88-8b90-5a7b27a79c23
2018-03-16 16:29:03,398 | INFO | 1521214143.398637 | datastream | 80f31fde-dc2e-457d-893e-620a06b097b9
2018-03-16 16:29:03,402 | INFO | 1521214143.402649 | Notification | 80f31fde-dc2e-457d-893e-620a06b097b9
2018-03-16 16:29:03,413 | INFO | 1521214143.413676 | datastream | 002ab6c6-0034-428c-92bc-de23acb23be3
2018-03-16 16:29:03,415 | INFO | 1521214143.415689 | Notification | 002ab6c6-0034-428c-92bc-de23acb23be3
2018-03-16 16:29:03,416 | INFO | 1521214143.416689 | datastream | 162f2750-eec0-4344-84b2-0402989f62dd
2018-03-16 16:29:03,416 | INFO | 1521214143.416689 | Notification | 162f2750-eec0-4344-84b2-0402989f62dd
2018-03-16 16:29:03,424 | INFO | 1521214143.424707 | datastream | a9d7c2d8-891f-4b74-a93a-5141f46ba570
2018-03-16 16:29:03,427 | INFO | 1521214143.427712 | Notification | a9d7c2d8-891f-4b74-a93a-5141f46ba570
2018-03-16 16:29:03,428 | INFO | 1521214143.428717 | datastream | 29b2e246-367c-4776-8d72-7b806bc12b16
2018-03-16 16:29:03,429 | INFO | 1521214143.429717 | Notification | 29b2e246-367c-4776-8d72-7b806bc12b16
2018-03-16 16:29:03,438 | INFO | 1521214143.438741 | datastream | 1ad2ee6f-ce57-4f95-8b80-eb419557e6fc
2018-03-16 16:29:03,442 | INFO | 1521214143.442751 | datastream | 90f1f883-4e40-4184-af2a-0d68c0451871
2018-03-16 16:29:03,444 | INFO | 1521214143.444761 | datastream | 69a96928-0b4c-4da8-9e3d-cb4bc9a01162
2018-03-16 16:29:03,449 | INFO | 1521214143.449772 | Notification | 90f1f883-4e40-4184-af2a-0d68c0451871
2018-03-16 16:29:03,450 | INFO | 1521214143.450774 | Notification | 1ad2ee6f-ce57-4f95-8b80-eb419557e6fc
2018-03-16 16:29:03,450 | INFO | 1521214143.450774 | datastream | ed3f6a6e-ac68-467f-8ed1-99cdbb63c78c
2018-03-16 16:29:03,450 | INFO | 1521214143.450774 | Notification | 69a96928-0b4c-4da8-9e3d-cb4bc9a01162
2018-03-16 16:29:03,453 | INFO | 1521214143.453780 | Notification | ed3f6a6e-ac68-467f-8ed1-99cdbb63c78c
2018-03-16 16:29:03,463 | INFO | 1521214143.463809 | datastream | 3c6ce72f-638d-4c15-8ddd-69d9f7c2b792
2018-03-16 16:29:03,464 | INFO | 1521214143.464811 | Notification | 3c6ce72f-638d-4c15-8ddd-69d9f7c2b792
2018-03-16 16:29:03,464 | INFO | 1521214143.464811 | datastream | c500533b-e1b0-4e7f-b4cd-f4a9905562f3
2018-03-16 16:29:03,465 | INFO | 1521214143.465815 | Notification | c500533b-e1b0-4e7f-b4cd-f4a9905562f3
2018-03-16 16:29:03,471 | INFO | 1521214143.471829 | datastream | 373498c0-9d4a-4a20-b83a-1e850c0654f9
2018-03-16 16:29:03,473 | INFO | 1521214143.473834 | Notification | 373498c0-9d4a-4a20-b83a-1e850c0654f9
2018-03-16 16:29:03,474 | INFO | 1521214143.474837 | Notification | 031cf5bf-4864-40dc-adc2-fa2f7b365095
2018-03-16 16:29:03,474 | INFO | 1521214143.474837 | datastream | 031cf5bf-4864-40dc-adc2-fa2f7b365095
2018-03-16 16:29:03,482 | INFO | 1521214143.482860 | Notification | c95851e7-6bd2-4520-b313-b2c24bf1f365
2018-03-16 16:29:03,493 | INFO | 1521214143.493887 | Notification | 58b2ea01-5795-4c0e-9533-6ae637a623b8
2018-03-16 16:29:03,496 | INFO | 1521214143.496947 | datastream | c95851e7-6bd2-4520-b313-b2c24bf1f365
2018-03-16 16:29:03,509 | INFO | 1521214143.509934 | datastream | 58b2ea01-5795-4c0e-9533-6ae637a623b8
2018-03-16 16:29:03,512 | INFO | 1521214143.512951 | Notification | 451e4238-f0ac-417c-a6d4-9a3218390dc9
2018-03-16 16:29:03,513 | INFO | 1521214143.513940 | datastream | 451e4238-f0ac-417c-a6d4-9a3218390dc9
2018-03-16 16:29:03,519 | INFO | 1521214143.519956 | Notification | efc7f5bc-9648-464c-b539-96629a9701c2
2018-03-16 16:29:03,520 | INFO | 1521214143.520960 | Notification | e51d4f95-5a4b-4f9e-a687-8004929f1a60
2018-03-16 16:29:03,518 | INFO | 1521214143.518956 | datastream | efc7f5bc-9648-464c-b539-96629a9701c2
2018-03-16 16:29:03,526 | INFO | 1521214143.526975 | Notification | 5466c36a-4db9-44a5-a18f-ff31ed125af9
2018-03-16 16:29:03,526 | INFO | 1521214143.526975 | datastream | e51d4f95-5a4b-4f9e-a687-8004929f1a60
2018-03-16 16:29:03,527 | INFO | 1521214143.527980 | datastream | 5466c36a-4db9-44a5-a18f-ff31ed125af9
2018-03-16 16:29:03,534 | INFO | 1521214143.534997 | datastream | bc8962bc-aef4-479a-b05a-bfde3010bbc8
2018-03-16 16:29:03,537 | INFO | 1521214143.537002 | datastream | 1a50fe46-dba3-47f3-a21b-bc823b36f4e1
2018-03-16 16:29:03,540 | INFO | 1521214143.540010 | Notification | bc8962bc-aef4-479a-b05a-bfde3010bbc8
2018-03-16 16:29:03,541 | INFO | 1521214143.541013 | Notification | 1a50fe46-dba3-47f3-a21b-bc823b36f4e1
2018-03-16 16:29:03,538 | INFO | 1521214143.538004 | datastream | 549eece5-a416-460a-982c-5490aeee9ed2
2018-03-16 16:29:03,542 | INFO | 1521214143.542018 | Notification | 549eece5-a416-460a-982c-5490aeee9ed2
2018-03-16 16:29:03,541 | INFO | 1521214143.541013 | datastream | 16300d34-6669-41b5-a98a-0d249072b739
2018-03-16 16:29:03,544 | INFO | 1521214143.544021 | datastream | 809ba02e-65e0-40d2-8b66-1b7ac0db88e0
2018-03-16 16:29:03,545 | INFO | 1521214143.545023 | Notification | 16300d34-6669-41b5-a98a-0d249072b739
2018-03-16 16:29:03,545 | INFO | 1521214143.545023 | datastream | 72196ea1-7630-480b-b73a-4b442af89db3
2018-03-16 16:29:03,549 | INFO | 1521214143.549035 | Notification | 809ba02e-65e0-40d2-8b66-1b7ac0db88e0
2018-03-16 16:29:03,550 | INFO | 1521214143.550037 | Notification | 00507c2a-1770-407f-9ded-02f16f4a7078
2018-03-16 16:29:03,550 | INFO | 1521214143.550037 | Notification | 5e573eab-74d2-47f5-a15f-7d07c1225ce7
2018-03-16 16:29:03,551 | INFO | 1521214143.551040 | Notification | 7fcb25c6-f4e8-44c7-af05-bd7d3cead3df
2018-03-16 16:29:03,552 | INFO | 1521214143.552043 | Notification | 91c36ea6-8bed-457a-85d9-2b73c839214e
2018-03-16 16:29:03,553 | INFO | 1521214143.553046 | Notification | 89b98b1a-9454-44d0-a9da-8bcf4d5a18f8
2018-03-16 16:29:03,553 | INFO | 1521214143.553046 | Notification | 72196ea1-7630-480b-b73a-4b442af89db3
2018-03-16 16:29:03,547 | INFO | 1521214143.547029 | datastream | 6cb6fd54-12f6-46cf-832a-33b3b5be7cc0
2018-03-16 16:29:03,548 | INFO | 1521214143.548031 | datastream | 48a6fbb4-5b06-4884-9396-5c88b037fa61
2018-03-16 16:29:03,556 | INFO | 1521214143.556053 | Notification | 48a6fbb4-5b06-4884-9396-5c88b037fa61
2018-03-16 16:29:03,550 | INFO | 1521214143.550037 | datastream | 89b98b1a-9454-44d0-a9da-8bcf4d5a18f8
2018-03-16 16:29:03,551 | INFO | 1521214143.551040 | datastream | 7fcb25c6-f4e8-44c7-af05-bd7d3cead3df
2018-03-16 16:29:03,553 | INFO | 1521214143.553046 | datastream | 00507c2a-1770-407f-9ded-02f16f4a7078
2018-03-16 16:29:03,557 | INFO | 1521214143.557056 | Notification | 6cb6fd54-12f6-46cf-832a-33b3b5be7cc0
2018-03-16 16:29:03,554 | INFO | 1521214143.554047 | datastream | 5e573eab-74d2-47f5-a15f-7d07c1225ce7
2018-03-16 16:29:03,555 | INFO | 1521214143.555050 | datastream | 91c36ea6-8bed-457a-85d9-2b73c839214e
2018-03-16 16:29:07,742 | INFO | 1521214147.742601 | datastream | f15c5331-704e-4084-8908-1b4216f087c7
2018-03-16 16:29:07,744 | INFO | 1521214147.744607 | Notification | f15c5331-704e-4084-8908-1b4216f087c7
2018-03-16 16:29:07,811 | INFO | 1521214147.811417 | datastream | 0b2e09e3-b088-4993-aaad-b9caef5a2cbf
2018-03-16 16:29:07,812 | INFO | 1521214147.812422 | Notification | 0b2e09e3-b088-4993-aaad-b9caef5a2cbf
2018-03-16 16:29:07,818 | INFO | 1521214147.818435 | datastream | 207db65a-7651-4259-9dfc-3f3aabcc8e82
2018-03-16 16:29:07,819 | INFO | 1521214147.819438 | datastream | def41406-1852-4f7a-9b9d-7f5142c1d5e0
2018-03-16 16:29:07,822 | INFO | 1521214147.822446 | Notification | 207db65a-7651-4259-9dfc-3f3aabcc8e82
2018-03-16 16:29:07,823 | INFO | 1521214147.823449 | Notification | def41406-1852-4f7a-9b9d-7f5142c1d5e0
2018-03-16 16:29:07,827 | INFO | 1521214147.827460 | datastream | c0be533a-b725-4553-8bb3-3ca37cd5dbda
2018-03-16 16:29:07,830 | INFO | 1521214147.830467 | Notification | c0be533a-b725-4553-8bb3-3ca37cd5dbda
2018-03-16 16:29:07,837 | INFO | 1521214147.837486 | datastream | 55b20bfe-2f30-45c4-8b7f-699705c173d2
2018-03-16 16:29:07,841 | INFO | 1521214147.841496 | Notification | 55b20bfe-2f30-45c4-8b7f-699705c173d2
2018-03-16 16:29:07,841 | INFO | 1521214147.841496 | datastream | 9295b4a0-dbe6-4823-8abc-cf1abe8af9f9
2018-03-16 16:29:07,845 | INFO | 1521214147.845507 | Notification | 9295b4a0-dbe6-4823-8abc-cf1abe8af9f9
2018-03-16 16:29:07,846 | INFO | 1521214147.846510 | Notification | c8fa1e9e-7659-4460-a191-9f6311175e5c
2018-03-16 16:29:07,843 | INFO | 1521214147.843502 | datastream | c8fa1e9e-7659-4460-a191-9f6311175e5c
2018-03-16 16:29:07,876 | INFO | 1521214147.876592 | datastream | 270620a2-850c-40c8-a654-aaf86d963115
2018-03-16 16:29:07,878 | INFO | 1521214147.878595 | datastream | 5817c49a-6f5c-471f-bcc0-8180d2bccd44
2018-03-16 16:29:07,880 | INFO | 1521214147.880600 | Notification | 270620a2-850c-40c8-a654-aaf86d963115
2018-03-16 16:29:07,881 | INFO | 1521214147.881604 | Notification | 5817c49a-6f5c-471f-bcc0-8180d2bccd44
2018-03-16 16:29:07,883 | INFO | 1521214147.883609 | datastream | 9075b783-6222-4a3b-aa3d-5dd8a19e9c64
2018-03-16 16:29:07,884 | INFO | 1521214147.884610 | Notification | 9075b783-6222-4a3b-aa3d-5dd8a19e9c64
2018-03-16 16:29:07,885 | INFO | 1521214147.885614 | Notification | 97bf568d-41e1-43c4-8857-27931c0c65e1
2018-03-16 16:29:07,886 | INFO | 1521214147.886622 | datastream | 97bf568d-41e1-43c4-8857-27931c0c65e1
2018-03-16 16:29:07,895 | INFO | 1521214147.895640 | datastream | baabdbb5-aac4-46c6-a095-8a65fae72cdd
2018-03-16 16:29:07,896 | INFO | 1521214147.896669 | datastream | ec95809e-1c4d-4099-92cc-9b85ca37236d
2018-03-16 16:29:07,897 | INFO | 1521214147.897645 | Notification | baabdbb5-aac4-46c6-a095-8a65fae72cdd
2018-03-16 16:29:07,898 | INFO | 1521214147.898649 | Notification | ec95809e-1c4d-4099-92cc-9b85ca37236d
2018-03-16 16:29:07,926 | INFO | 1521214147.926576 | datastream | 9155dc95-845e-472d-8709-d554e0d4ddef
2018-03-16 16:29:07,928 | INFO | 1521214147.928063 | Notification | 9155dc95-845e-472d-8709-d554e0d4ddef
2018-03-16 16:29:07,940 | INFO | 1521214147.940613 | datastream | f7e7c824-ed3c-4e94-a583-b0a93408d45b
2018-03-16 16:29:07,941 | INFO | 1521214147.941610 | Notification | f7e7c824-ed3c-4e94-a583-b0a93408d45b
